NOAO/IRAF V2.15.1a ih64@tortoise.astro.yale.edu Wed 19:34:09 13-May-2015

          Image  Column    Line     Mag    FWHM   Ellip      PA SAT
rccd031130.0111  686.80  784.57   -0.35   2.330    0.06      80
                 693.72  686.88    0.17   2.312    0.07      68
rccd031201.0082  686.78  784.61   -0.37   2.542    0.10      84
                 693.69  686.87    0.13   2.528    0.09      76
rccd031206.0086  686.77  784.61   -0.36   2.802    0.08      83
                 693.70  686.84    0.15   2.822    0.10      76
rccd031207.0041  686.86  784.69   -0.39   5.200    0.05     -75
                 693.73  686.95    0.10   5.200    0.06     -78
rccd031208.0095  686.89  784.63   -0.31   2.980    0.10      83
                 693.81  686.85    0.18   2.920    0.10      84
rccd031210.0074  686.83  784.66   -0.37   3.078    0.09      83
                 693.75  686.89    0.14   3.048    0.09      77
rccd031212.0087  686.90  784.65   -0.36   2.836    0.10      77
                 693.81  686.90    0.16   2.744    0.12      69
rccd031213.0106  686.90  784.64   -0.36   3.512    0.07      64
                 693.81  686.91    0.16   3.448    0.09      66
rccd031214.0068  686.89  784.67   -0.36   2.872    0.07      73
                 693.82  686.93    0.16   2.818    0.10      64
rccd031215.0081  686.89  784.63   -0.40   3.732    0.04      68
                 693.82  686.91    0.10   3.648    0.13      65
rccd031216.0093  686.94  784.70   -0.36   3.272    0.20      82
                 693.89  686.97    0.17   3.176    0.14      59
rccd031217.0094  686.93  784.67   -0.32   3.238    0.09      74
                 693.86  686.90    0.17   3.190    0.13      60
rccd031218.0080  686.91  784.60   -0.34   2.936    0.09      79
                 693.83  686.98    0.13   2.946    0.17     -24
rccd031219.0081  686.92  784.68   -0.30   3.392    0.04      79
                 693.85  686.96    0.22   3.340    0.05      68
rccd031220.0091  686.79  784.41   -0.30   2.280    0.11      75
                 693.71  686.74    0.19   2.460    0.13      67
rccd031221.0072  686.84  784.59   -0.35   4.288    0.10      84
                 693.75  686.84    0.15   4.320    0.11      79
rccd031222.0065  686.81  784.51   -0.29   2.728    0.14      78
                 693.73  686.75    0.21   2.744    0.15      74
rccd031223.0161  686.88  784.58   -0.36   3.118    0.15      78
                 693.81  686.84    0.15   3.118    0.16      72
rccd031224.0151  686.85  784.50   -0.35   2.666    0.10      76
                 693.78  686.79    0.14   2.732    0.11      60
rccd031225.0103  686.89  784.54   -0.35   2.640    0.12      79
                 693.81  686.85    0.16   2.588    0.13      71
rccd031226.0120  686.93  784.56   -0.36   2.784    0.13      80
                 693.85  686.86    0.14   2.698    0.14      76
rccd031228.0140  686.86  784.40   -0.33   2.254    0.15      80  *
                 693.79  686.72    0.17   2.336    0.17      75
rccd031229.0094  686.94  784.49   -0.33   2.586    0.14      83
                 693.85  686.80    0.16   2.628    0.16      78
rccd031230.0099  686.97  784.62   -0.24   2.970    0.15      62
                 693.89  686.93    0.26   2.904    0.19      60
rccd040102.0054  686.91  784.35   -0.30   3.050    0.12      85
                 693.82  686.66    0.19   3.162    0.12      82
rccd040104.0126  686.91  784.51   -0.31   3.076    0.12      78
                 693.84  686.79    0.20   3.038    0.12      71
rccd040108.0073  686.88  784.44   -0.36   2.254    0.18      81  *
                 693.81  686.75    0.13   2.410    0.20      77
rccd040109.0139  686.94  784.54   -0.30   2.468    0.15      88
                 693.85  686.85    0.21   2.456    0.19      89
rccd040110.0115  686.94  784.52   -0.39   2.762    0.17      83
                 693.85  686.77    0.11   2.732    0.19      81
rccd040111.0157  686.96  784.54   -0.38   2.806    0.17      88
                 693.88  686.81    0.11   2.742    0.19      80
rccd040112.0062  686.89  784.54   -0.39   2.640    0.12      72
                 693.82  686.85    0.11   2.608    0.16      65
rccd040113.0105  686.92  784.60   -0.36   3.646    0.07      75
                 693.83  686.91    0.15   3.606    0.13      76
rccd040116.0098  686.86  784.36   -0.27   3.742    0.19      89
                 693.82  686.72    0.23   3.978    0.17      85
rccd040118.0107  686.90  784.49   -0.38   3.058    0.15     -89
                 693.82  686.76    0.12   3.018    0.18      85
rccd040119.0126  686.92  784.41   -0.35   2.374    0.13      87
                 693.85  686.72    0.14   2.538    0.12      81
rccd040121.0066  686.71  784.35   -0.35   2.572    0.17      83
                 693.65  686.59    0.14   2.674    0.17      77
rccd040123.0112  686.87  784.49   -0.34   2.596    0.16      87
                 693.78  686.78    0.17   2.528    0.13      71
rccd040124.0114  686.92  784.46   -0.32   2.456    0.16      85
                 693.83  686.74    0.19   2.466    0.18      78
rccd040125.0140  686.95  784.60   -0.35   2.860    0.11      84
                 693.88  686.88    0.16   2.800    0.10      77
rccd040126.0077  686.88  784.42   -0.36   2.418    0.20      81
                 693.79  686.70    0.15   2.378    0.23      78
rccd040127.0065  686.93  784.66   -0.41   3.114    0.11      75
                 693.85  686.91    0.11   2.994    0.15      75
rccd040128.0069  686.91  784.57   -0.39   2.842    0.14      82
                 693.83  686.88    0.11   2.754    0.15      72
rccd040130.0114  686.96  784.56   -0.36   2.808    0.14      84
                 693.87  686.84    0.15   2.748    0.14      75
rccd040131.0157  686.93  784.57   -0.37   2.820    0.12      88
                 693.85  686.84    0.14   2.736    0.13      72
rccd040201.0112  686.88  784.45   -0.37   3.406    0.15      81
                 693.79  686.72    0.12   3.452    0.16      78
rccd040202.0091  686.86  784.49   -0.36   2.524    0.15      80
                 693.77  686.77    0.14   2.550    0.11      72
rccd040203.0116  686.88  784.47   -0.34   2.766    0.16      83
                 693.81  686.73    0.16   2.768    0.17      78
rccd040205.0188  686.99  784.57   -0.36   3.556    0.16      87
                 693.88  686.84    0.13   3.472    0.16      85
rccd040207.0122  686.91  784.64   -0.29   3.428    0.08      79
                 693.81  686.92    0.21   3.350    0.13      75
rccd040208.0108  686.97  784.57   -0.34   2.994    0.13      89
                 693.91  686.83    0.16   3.010    0.18      79
rccd040209.0180  686.98  784.63   -0.32   3.306    0.11     -86
                 693.89  686.91    0.20   3.266    0.12      89
rccd040211.0164  687.00  784.66   -0.40   3.250    0.09     -85
                 693.92  686.93    0.10   3.206    0.12      83
rccd040214.0079  686.80  784.36   -0.35   2.330    0.13      81
                 693.73  686.66    0.14   2.556    0.16      77
rccd040216.0175  686.94  784.57   -0.38   2.744    0.14     -89
                 693.86  686.85    0.12   2.778    0.13      85
rccd040219.0037  686.87  784.47   -0.29   2.534    0.13      83
                 693.79  686.76    0.21   2.540    0.18      77
rccd040221.0179  686.96  784.62   -0.33   2.936    0.14     -87
                 693.88  686.90    0.18   2.878    0.14      81
rccd040222.0074  686.93  784.65   -0.29   3.082    0.10      78
                 693.87  686.89    0.20   3.060    0.18     -86
rccd040223.0040  686.91  784.50   -0.30   2.532    0.16      81
                 693.82  686.80    0.20   2.450    0.17      74
rccd040224.0064  686.94  784.64   -0.33   3.178    0.12      80
                 693.87  686.90    0.16   3.124    0.13      75
rccd040225.0066  686.91  784.63   -0.33   4.520    0.07      77
                 693.80  686.89    0.14   4.456    0.07      83
rccd040226.0087  686.88  784.56    0.40   4.444    0.08      88
                 693.72  686.84    0.88   4.472    0.13      83
rccd040227.0090  686.85  784.55   -0.37   2.730    0.15      86
                 693.75  686.81    0.13   2.644    0.10      82
rccd040302.0120  686.90  784.62   -0.38   3.260    0.13     -87
                 693.81  686.90    0.13   3.230    0.15      81
rccd040304.0088  686.92  784.58   -0.37   2.962    0.15      87
                 693.85  686.86    0.14   2.918    0.18      80
rccd040306.0091  686.93  784.57   -0.36   2.848    0.17      86
                 693.85  686.84    0.14   2.786    0.17      85
rccd040309.0064  686.91  784.57   -0.36   3.608    0.08      74
                 693.82  686.96    0.10   3.546    0.09      30
rccd040310.0043  686.90  784.66   -0.30   3.312    0.12      65
                 693.81  686.93    0.21   3.298    0.12      68
rccd040313.0041  686.82  784.56   -0.34   2.930    0.11      79
                 693.74  686.81    0.17   2.898    0.12      73
rccd040315.0062  686.87  784.54   -0.35   2.540    0.12      84
                 693.75  686.84    0.15   2.594    0.21      85
rccd040322.0067  686.94  784.63   -0.36   2.960    0.11      86
                 693.88  686.92    0.14   2.878    0.15      79
rccd040325.0062  686.86  784.50   -0.33   2.580    0.13      82
                 693.77  686.84    0.18   2.608    0.16      75
rccd040407.0071  686.97  784.64   -0.34   3.260    0.12     -80
                 693.90  686.93    0.15   3.246    0.13      72
rccd040411.0057  686.89  784.53   -0.30   2.784    0.12      84
                 693.79  686.81    0.21   2.742    0.14      76
rccd040415.0023  686.89  784.53   -0.25   2.842    0.11      80
                 693.84  686.81    0.25   2.882    0.14      69
rccd040417.0049  686.90  784.57   -0.30   2.682    0.12     -88
                 693.83  686.86    0.20   2.636    0.10      71
rccd040420.0079  686.95  784.53   -0.24   3.276    0.10      89
                 693.86  686.85    0.26   3.248    0.12      81
rccd040430.0004  686.87  784.45   -0.31   2.600    0.15      76
                 693.79  686.77    0.17   2.536    0.10      26
rccd040501.0004  686.84  784.30   -0.31   2.446    0.22      79
                 693.77  686.62    0.19   2.428    0.24      79
rccd040504.0037  686.90  784.55   -0.33   2.916    0.14     -87
                 693.84  686.87    0.19   2.810    0.13      83
rccd040505.0001  686.97  784.63   -0.32   4.064    0.08     -70
                 693.89  686.92    0.18   3.968    0.07      84
rccd040511.0037  686.89  784.58   -0.33   5.284    0.08     -65
                 693.80  686.86    0.15   5.236    0.06     -75
rccd040514.0011  686.93  784.53   -0.30   2.740    0.16     -87
                 693.88  686.84    0.19   2.706    0.16      86
rccd040517.0001  687.01  784.57    0.65   2.978    0.13     -81
                 693.94  686.86    1.14   2.912    0.12     -86
rccd040520.0013  686.91  784.45   -0.29   3.310    0.11      86
                 693.84  686.78    0.19   3.350    0.15      81
rccd040526.0026  686.93  784.43   -0.23   3.288    0.12      88
                 693.85  686.75    0.28   3.336    0.16      81
rccd040601.0003  686.91  784.54   -0.33   3.510    0.09      71
                 693.86  686.82    0.17   3.494    0.12      83
rccd040602.0033  686.95  784.57   -0.31   3.054    0.14     -83
                 693.90  686.88    0.18   3.034    0.13     -89
rccd040603.0005  686.85  784.43   -0.30   2.596    0.15      85
                 693.77  686.77    0.20   2.598    0.21      76
rccd040605.0010  686.89  784.51   -0.31   3.584    0.09      88
                 693.82  686.84    0.20   3.568    0.12      81
rccd040608.0007  686.93  784.38   -0.30   2.268    0.14     -86
                 693.86  686.73    0.22   2.474    0.14      85
rccd040612.0024  686.89  784.55   -0.35   3.734    0.07     -72
                 693.83  686.87    0.09   3.678    0.30      82
rccd040618.0018  686.97  784.38   -0.30   2.616    0.14     -88
                 693.91  686.71    0.20   2.616    0.16      89
rccd040623.0016  686.97  784.39   -0.29   2.334    0.13     -85
                 693.89  686.73    0.20   2.414    0.21     -78
rccd040627.0002  686.98  784.48   -0.31   3.220    0.12      88
                 693.93  686.82    0.19   3.186    0.10     -82
rccd040630.0004  686.95  784.54   -0.32   3.770    0.11     -82
                 693.86  686.84    0.15   3.744    0.11     -85
rccd040701.0027  686.95  784.51   -0.27   3.560    0.09     -75
                 693.88  686.85    0.23   3.546    0.15      87
rccd040703.0004  686.96  784.49   -0.32   2.916    0.15     -82
                 693.92  686.81    0.20   2.890    0.14      85
rccd040706.0028  686.97  784.54   -0.07   3.354    0.08     -74
                 693.91  686.88    0.42   3.360    0.08     -89
rccd040707.0009  686.98  784.54   -0.30   4.184    0.11     -85
                 693.94  686.87    0.15   4.124    0.08      89
rccd040709.0015  687.00  784.58   -0.33   3.652    0.08     -52
                 693.94  686.89    0.18   3.546    0.08     -87
rccd040714.0016  686.98  784.58   -0.25   3.718    0.11     -46
                 693.92  686.88    0.27   3.688    0.07     -89
rccd040718.0005  687.01  784.53   -0.21   4.264    0.08     -70
                 693.94  686.84    0.25   4.240    0.08     -74
rccd041122.0104  686.58  784.33    0.12   3.250    0.05      62
                 693.65  686.71    0.64   3.266    0.09      51
rccd041205.0108  686.62  784.30   -0.04   3.268    0.09      62
                 693.70  686.71    0.47   3.288    0.11      63
rccd041207.0073  686.66  784.31   -0.03   3.002    0.08      73
                 693.75  686.72    0.49   3.056    0.10      70
rccd041209.0095  686.69  784.27    0.19   2.740    0.10      71
                 693.81  686.61    0.70   2.724    0.10      60
rccd041211.0092  686.74  784.25   -0.15   3.314    0.05      79
                 693.81  686.63    0.35   3.322    0.06      68
rccd041213.0097  686.64  784.27   -0.14   4.556    0.04      46
                 693.68  686.47    0.32   4.656    0.03      87
rccd041215.0074  686.70  784.23   -0.15   3.028    0.06      66
                 693.77  686.63    0.35   3.002    0.09      63
rccd041217.0096  686.61  784.30   -0.17   3.050    0.03      64
                 693.69  686.68    0.35   3.116    0.06      55
rccd041219.0081  686.61  784.26   -0.16   2.734    0.04      61
                 693.69  686.63    0.35   2.752    0.06      50
rccd050101.0114  686.73  784.22   -0.17   2.978    0.06      79
                 693.80  686.63    0.33   2.952    0.06      72
rccd050103.0065  686.65  784.39   -0.15   4.408    0.05     -80
                 693.70  686.75    0.40   4.360    0.08      75
rccd050106.0070  686.75  784.20   -0.12   3.108    0.07      71
                 693.83  686.60    0.38   3.110    0.09      69
rccd050108.0104  686.76  784.18   -0.15   2.712    0.11      73
                 693.84  686.55    0.35   2.690    0.12      71
rccd050110.0107  686.76  784.17   -0.06   3.012    0.09      74
                 693.84  686.59    0.43   3.042    0.09      72
rccd050112.0060  686.68  784.22    0.03   3.126    0.05      55
                 693.78  686.65    0.51   3.152    0.07      56
rccd050114.0059  686.68  784.28   -0.12   3.306    0.04      71
                 693.75  686.67    0.35   3.366    0.08      61
rccd050122.0097  686.84  784.19   -0.08   2.994    0.11      78
                 693.92  686.57    0.43   2.988    0.09      77
rccd050125.0078  686.75  784.22   -0.08   2.892    0.06      72
                 693.83  686.62    0.43   2.832    0.07      62
rccd050126.0073  686.77  784.22   -0.11   3.098    0.03      83
                 693.85  686.64    0.38   3.168    0.07      61
rccd050127.0089  686.66  784.18   -0.10   2.468    0.08      63
                 693.74  686.53    0.40   2.522    0.10      56
rccd050202.0076  686.86  784.21    0.11   3.194    0.12      73
                 693.90  686.62    0.62   3.190    0.16      86
rccd050203.0066  686.79  784.21   -0.13   2.736    0.12      78
                 693.88  686.57    0.38   2.650    0.14      79
rccd050205.0052  686.82  784.17   -0.05   3.116    0.11      80
                 693.90  686.60    0.44   3.134    0.14      72
rccd050207.0089  686.97  784.16   -0.17   2.986    0.19      76
                 693.91  686.60    0.38   2.908    0.12      80
rccd050209.0085  686.84  784.25   -0.12   3.668    0.11     -86
                 693.88  686.59    0.36   3.648    0.14      81
rccd050210.0033  686.82  784.20   -0.12   3.652    0.04      62
                 693.89  686.59    0.37   3.588    0.06      66
rccd050212.0067  686.85  784.18   -0.10   3.154    0.10      79
                 693.93  686.59    0.39   3.192    0.12      75
rccd050213.0459  686.94  784.12   -0.08   2.750    0.10     -85
                 694.01  686.55    0.42   2.748    0.07     -86
rccd050218.0097  686.80  784.30   -0.08   4.524    0.05     -70
                 693.86  686.65    0.39   4.524    0.06     -78
rccd050219.0078  686.88  784.25   -0.05   3.372    0.10     -67
                 693.94  686.65    0.45   3.356    0.08     -77
rccd050222.0035  686.87  784.18   -0.07   3.170    0.10      88
                 693.93  686.60    0.44   3.212    0.09      87
rccd050223.0080  686.84  784.24   -0.09   4.112    0.11      88
                 693.91  686.67    0.41   4.148    0.13      83
rccd050224.0059  686.84  784.23   -0.10   3.090    0.15      87
                 693.91  686.68    0.41   3.118    0.09      88
rccd050225.0085  686.86  784.19   -0.07   3.008    0.15     -87
                 693.92  686.63    0.41   3.082    0.12      83
rccd050228.0057  686.83  784.15   -0.08   3.256    0.12     -87
                 693.91  686.52    0.43   3.238    0.15      83
rccd050303.0064  686.89  784.17   -0.08   3.286    0.11     -84
                 693.96  686.59    0.41   3.276    0.11     -85
rccd050305.0078  686.84  784.20   -0.07   2.702    0.14     -82
                 693.92  686.59    0.44   2.772    0.12      89
rccd050308.0052  686.86  784.18    0.16   4.180    0.10     -77
                 693.94  686.54    0.65   4.144    0.05      70
rccd050312.0077  686.90  784.07   -0.05   2.736    0.13      89
                 693.97  686.53    0.45   2.748    0.12      82
rccd050315.0054  686.92  784.18   -0.06   2.890    0.11     -79
                 693.98  686.62    0.45   2.876    0.11     -86
rccd050318.0063  686.91  784.18    0.76   2.964    0.02     -81
                 693.98  686.60    1.27   2.918    0.02      -9
rccd050323.0077  686.83  784.19   -0.05   2.796    0.15     -87
                 693.91  686.60    0.46   2.806    0.15     -86
rccd050329.0082  686.84  784.19   -0.05   3.314    0.10     -85
                 693.91  686.59    0.45   3.332    0.10      88
rccd050330.0062  686.78  784.20   -0.05   3.668    0.10      81
                 693.81  686.57    0.43   3.650    0.14      73
rccd050331.0062  686.88  784.19   -0.04   3.122    0.12     -80
                 693.92  686.61    0.45   3.142    0.17     -82
rccd050403.0038  686.80  784.17   -0.07   3.944    0.09      79
                 693.87  686.57    0.41   3.892    0.15      80
rccd050406.0056  686.79  784.28   -0.07   4.684    0.05      87
                 693.85  686.60    0.39   4.688    0.06      84
rccd050409.0076  686.95  784.20   -0.07   3.390    0.09     -66
                 694.00  686.56    0.43   3.452    0.10      89
rccd050412.0060  686.87  784.17   -0.07   4.496    0.08     -81
                 693.92  686.56    0.42   4.488    0.08     -84
rccd050415.0063  686.85  784.22   -0.09   3.394    0.09     -79
                 693.92  686.60    0.39   3.390    0.19     -58
rccd050417.0053  686.83  784.21   -0.08   3.732    0.07     -83
                 693.89  686.61    0.42   3.804    0.12      82
rccd050422.0050  686.88  784.03   -0.04   2.960    0.15     -88
                 693.94  686.44    0.48   2.948    0.15      84
rccd050425.0002  686.80  784.28   -0.01   4.412    0.07     -82
                 693.86  686.65    0.48   4.376    0.04      61
rccd050430.0020  686.87  784.17   -0.05   2.972    0.15     -85
                 693.94  686.61    0.45   3.006    0.12      83
rccd050511.0026  686.83  784.17    0.36   2.842    0.17      88
                 693.90  686.60    0.87   2.902    0.21      86
rccd050513.0036  686.83  784.29    0.07   5.300    0.07     -58
                 693.84  686.79    0.54   5.336    0.09     -60
rccd050518.0039  686.87  784.29   -0.06   4.208    0.08     -72
                 693.92  686.68    0.43   4.188    0.13     -87
rccd050529.0028  686.89  784.29   -0.03   3.490    0.07     -70
                 693.93  686.64    0.48   3.476    0.10     -81
rccd050601.0030  686.88  784.19   -0.01   3.222    0.12     -79
                 693.94  686.61    0.49   3.224    0.12     -86
rccd050604.0052  686.81  784.35    0.54   5.284    0.08     -59
                 693.87  686.79    1.03   5.428    0.11     -77
rccd050607.0013  686.82  784.20    0.03   2.816    0.14     -84
                 693.90  686.62    0.53   2.864    0.14      86
rccd050710.0018  686.91  784.26   -0.01   3.110    0.09     -51
                 693.97  686.62    0.47   3.190    0.05     -74
rccd050724.0015  686.90  784.30    0.00   3.334    0.08     -13
                 693.94  686.69    0.50   3.322    0.05      -6
rccd060109.0080  686.83  784.16    0.20   2.830    0.12      65
                 693.92  686.60    0.70   2.930    0.16      62
rccd060110.0082  686.78  784.17    0.10   2.904    0.24      85
                 693.88  686.58    0.62   2.860    0.17      82
rccd060111.0087  686.79  784.18    0.02   2.892    0.19      84
                 693.88  686.55    0.48   2.848    0.08     -80
rccd060112.0095  686.72  784.26    0.02   3.530    0.06      75
                 693.79  686.64    0.50   3.548    0.13      58
rccd060113.0086  686.63  784.22    0.07   3.270    0.05      63
                 693.70  686.54    0.56   3.278    0.07      49
rccd060114.0108  686.77  784.20    0.05   3.546    0.10      88
                 693.86  686.56    0.56   3.540    0.13      84
rccd060116.0080  686.83  784.08    0.06   2.852    0.18      82
                 693.91  686.53    0.58   2.854    0.19      77
rccd060117.0078  686.76  784.21    0.07   3.778    0.11     -84
                 693.85  686.55    0.57   3.742    0.10      82
rccd060118.0102  686.79  784.16    0.08   3.280    0.13      85
                 693.89  686.53    0.59   3.302    0.16      81
rccd060119.0091  686.77  784.23    0.08   3.410    0.10      79
                 693.86  686.59    0.57   3.424    0.16      73
rccd060120.0097  686.77  784.24    0.08   3.618    0.14     -88
                 693.86  686.59    0.58   3.604    0.15      78
rccd060121.0103  686.83  784.22    0.14   3.328    0.16      87
                 693.90  686.62    0.65   3.316    0.17      82
rccd060122.0071  686.74  784.26    0.08   3.614    0.11      84
                 693.88  686.63    0.56   3.680    0.13      73
rccd060123.0081  686.75  784.23    0.03   3.482    0.34      88
                 693.83  686.65    0.51   3.468    0.36      85
rccd060124.0088  686.80  784.21    0.01   3.152    0.16      85
                 693.87  686.62    0.51   3.164    0.19      82
rccd060125.0104  686.83  784.19    0.05   3.218    0.14      88
                 693.91  686.59    0.53   3.252    0.15      82
rccd060126.0088  686.81  784.15    0.06   2.986    0.12      85
                 693.90  686.58    0.58   3.002    0.12      74
rccd060127.0058  686.68  784.25    0.05   3.818    0.19      89
                 693.80  686.66    0.55   3.840    0.21      84
rccd060128.0085  686.81  784.10    0.07   2.650    0.13      86
                 693.89  686.48    0.59   2.664    0.15      81
rccd060129.0100  686.82  784.13    0.09   3.152    0.23      87
                 693.89  686.52    0.57   3.106    0.36      71
rccd060130.0047  686.72  784.26    0.08   4.036    0.03      16
                 693.81  686.57    0.56   3.992    0.04      71
rccd060131.0021  686.77  784.29    0.02   4.444    0.13      87
                 693.84  686.60    0.50   4.496    0.24     -88
rccd060203.0130  686.82  784.20    0.46   3.176    0.18      88
                 693.90  686.62    0.96   3.208    0.20     -87
rccd060204.0075  686.76  784.25    0.01   4.792    0.34     -87
                 693.83  686.68    0.49   4.716    0.29     -89
rccd060205.0112  686.82  784.21    0.06   3.144    0.22     -89
                 693.90  686.58    0.56   3.186    0.24      87
rccd060206.0069  686.76  784.23    0.05   3.706    0.07      75
                 693.85  686.60    0.54   3.712    0.10      69
rccd060207.0088  686.84  784.17    0.03   3.494    0.29      89
                 693.90  686.62    0.52   3.516    0.33      87
rccd060208.0052  686.76  784.27    0.01   4.184    0.29      88
                 693.82  686.63    0.49   4.128    0.33      84
rccd060209.0055  686.72  784.22    0.08   3.238    0.12      72
                 693.81  686.64    0.58   3.196    0.13      64
rccd060210.0061  686.76  784.18    0.08   2.886    0.10      73
                 693.85  686.58    0.57   2.888    0.10      64
rccd060211.0076  686.79  784.13    0.06   3.044    0.09      79
                 693.89  686.54    0.58   2.992    0.11      65
rccd060212.0078  686.85  784.22    0.06   4.828    0.19      88
                 693.83  686.76    0.42   5.140    0.06     -68
rccd060213.0068  686.76  784.32    0.07   5.144    0.22     -88
                 693.83  686.74    0.54   5.220    0.23      87
rccd060214.0037  686.69  784.30    0.15   3.848    0.07      70
                 693.79  686.66    0.64   3.806    0.11      76
rccd060215.0092  686.79  784.21    0.09   3.694    0.31      89
                 693.84  686.60    0.61   3.634    0.18      83
rccd060216.0060  686.79  784.12    0.11   3.036    0.15      85
                 693.87  686.54    0.61   3.058    0.17      77
rccd060217.0062  686.83  784.22    0.08   3.312    0.19      82
                 693.93  686.58    0.58   3.302    0.20      86
rccd060218.0090  686.80  784.24    0.08   3.608    0.11     -84
                 693.86  686.60    0.56   3.648    0.16      80
rccd060219.0076  686.80  784.24    0.04   3.826    0.31      87
                 693.89  686.66    0.53   3.728    0.32      85
rccd060220.0083  686.81  784.14    0.04   2.964    0.20      85
                 693.90  686.56    0.54   2.948    0.21      83
rccd060221.0084  686.81  784.24    0.03   3.548    0.18      87
                 693.88  686.59    0.52   3.584    0.22      84
rccd060222.0088  686.83  784.17    0.01   3.114    0.17     -87
                 693.91  686.60    0.50   3.120    0.23      85
rccd060223.0104  686.83  784.14    0.06   2.526    0.10      84
                 693.91  686.51    0.56   2.568    0.11      73
rccd060225.0113  686.92  784.18    0.19   3.110    0.12     -80
                 694.00  686.60    0.68   3.138    0.11      88
rccd060226.0078  686.79  784.19    0.11   2.980    0.21      84
                 693.83  686.58    0.60   3.010    0.30      87
rccd060227.0028  686.76  784.32    0.41   4.528    0.03      78
                 693.83  686.64    0.87   4.564    0.11      83
rccd060302.0084  686.83  784.24    0.00   3.622    0.21     -65
                 693.88  686.56    0.52   3.664    0.13      87
rccd060303.0115  686.80  784.26    0.03   4.140    0.19     -87
                 693.87  686.65    0.51   4.108    0.20      87
rccd060305.0067  686.83  784.14    0.05   2.806    0.14      87
                 693.90  686.55    0.53   2.832    0.13      82
rccd060306.0065  686.87  784.17    0.02   3.170    0.18      86
                 693.90  686.55    0.53   3.152    0.15      74
rccd060307.0074  686.84  784.20    0.05   3.328    0.16      89
                 693.91  686.58    0.53   3.326    0.17      86
rccd060308.0062  686.78  784.25    0.06   4.432    0.20     -87
                 693.84  686.61    0.50   4.416    0.18      88
rccd060309.0079  686.78  784.09    0.04   2.658    0.15      74
                 693.89  686.48    0.57   2.618    0.12      84
rccd060310.0049  686.84  784.14    0.08   3.042    0.19      84
                 693.90  686.55    0.57   3.062    0.23      80
rccd060311.0057  686.82  784.15    0.08   3.162    0.13      87
                 693.90  686.58    0.59   3.224    0.16      79
rccd060318.0056  686.84  784.19    0.07   3.468    0.29      88
                 693.98  686.73    0.50   3.478    0.33      82
rccd060320.0099  686.83  784.22    0.07   3.366    0.23     -84
                 693.89  686.61    0.56   3.410    0.28      88
rccd060321.0050  686.84  784.18    0.08   3.286    0.18      89
                 693.91  686.56    0.56   3.294    0.17      81
rccd060322.0071  686.87  784.23    0.10   3.290    0.15     -86
                 693.95  686.61    0.59   3.308    0.17      84
rccd060324.0040  686.75  784.08    0.09   2.772    0.13      84
                 693.82  686.50    0.60   2.758    0.13      72
rccd060326.0046  686.80  784.13    0.08   2.848    0.25      88
                 693.87  686.53    0.59   2.794    0.28      84
rccd060328.0055  686.89  784.19    0.07   3.264    0.18      88
                 693.96  686.53    0.58   3.338    0.21      84
rccd060403.0032  686.81  784.22    0.09   3.504    0.14      86
                 693.90  686.58    0.56   3.484    0.16      80
rccd060404.0048  686.82  784.20    0.10   3.370    0.16      88
                 693.89  686.57    0.57   3.354    0.15      83
rccd060406.0050  686.83  784.14    0.12   3.242    0.10      89
                 693.91  686.52    0.62   3.298    0.13      83
rccd060407.0061  686.83  784.17    0.08   3.308    0.11     -89
                 693.92  686.56    0.58   3.280    0.14      79
rccd060408.0054  686.79  784.27    0.09   4.404    0.39      88
                 693.87  686.64    0.58   4.392    0.34      88
rccd060409.0056  686.91  784.15    0.11   3.304    0.12     -85
                 694.03  686.53    0.63   3.336    0.12      81
rccd060412.0060  686.95  784.16    0.14   3.278    0.15     -81
                 694.08  686.48    0.63   3.246    0.13     -83
rccd060414.0048  686.83  784.25    0.08   3.472    0.25      88
                 693.89  686.60    0.55   3.492    0.33      86
rccd060417.0023  686.84  784.26    0.07   4.236    0.13     -78
                 693.91  686.66    0.52   4.284    0.19      77
rccd060419.0032  686.82  784.19    0.10   3.710    0.13     -85
                 693.87  686.61    0.57   3.802    0.14      89
rccd060420.0038  686.79  784.25    0.08   4.940    0.03     -59
                 693.85  686.59    0.54   4.920    0.06     -86
rccd060421.0038  686.81  784.21    0.09   4.204    0.06     -84
                 693.90  686.59    0.54   4.244    0.09     -81
rccd060422.0058  686.84  784.19    0.13   3.110    0.13     -87
                 693.92  686.60    0.64   3.138    0.12      82
rccd060423.0037  686.78  784.17    0.09   3.660    0.16     -89
                 693.87  686.59    0.58   3.736    0.18     -88
rccd060424.0027  686.81  784.17    0.12   3.210    0.14      83
                 693.89  686.58    0.63   3.224    0.13      59
rccd060425.0044  686.80  784.21    0.07   4.820    0.11      87
                 693.76  686.63    0.47   4.888    0.28     -69
rccd060426.0052  686.88  784.19    0.12   3.304    0.12     -87
                 693.97  686.55    0.62   3.332    0.13      83
rccd060427.0060  686.84  784.22    0.10   4.028    0.20     -82
                 693.90  686.60    0.53   4.100    0.22     -62
rccd060430.0061  686.93  784.23    0.12   3.086    0.07     -65
                 694.00  686.65    0.62   3.108    0.05      81
rccd060505.0054  686.82  784.19    0.28   3.924    0.13     -81
                 693.90  686.59    0.79   3.940    0.15      88
rccd060506.0054  686.90  784.03    0.14   2.850    0.17      89
                 693.97  686.45    0.63   2.988    0.18      79
rccd060507.0015  686.77  784.20    0.11   3.568    0.22     -89
                 693.85  686.59    0.61   3.622    0.25      82
rccd060507.0021  686.80  784.16    0.20   3.080    0.25     -88
                 693.87  686.55    0.70   3.124    0.31      84
rccd060507.0034  686.94  784.15    0.13   2.752    0.16     -86
                 694.01  686.60    0.65   2.728    0.15      83
rccd060507.0042  686.98  784.26    0.40   2.502    0.04     -56
                 694.11  686.60    0.92   2.578    0.04     -31
rccd060507.0047  686.99  784.27    0.15   2.812    0.05     -48
                 694.08  686.68    0.66   2.874    0.01     -80
rccd060508.0039  686.94  784.12    0.10   3.052    0.15     -84
                 694.01  686.50    0.62   3.014    0.14      89
rccd060509.0035  686.80  784.08    0.12   2.688    0.25     -87
                 693.88  686.52    0.63   2.554    0.24      87
rccd060510.0028  686.81  784.13    0.11   2.770    0.15      89
                 693.90  686.56    0.62   2.768    0.19      83
rccd060511.0014  686.81  784.10    0.12   2.842    0.16     -81
                 693.88  686.53    0.61   2.924    0.18      79
rccd070402.0038  686.83  784.16    0.35   3.346    0.16     -85
                 693.93  686.60    0.81   3.336    0.02      11
rccd070403.0033  686.84  784.18    0.34   3.310    0.14     -79
                 693.88  686.62    0.82   3.298    0.16     -84
rccd070405.0047  686.83  784.22    0.00   5.164    0.12     -46
                 693.83  686.59    0.44   5.252    0.06     -61
rccd070406.0057  686.86  784.22   -0.01   2.964    0.09     -69
                 693.95  686.61    0.48   3.038    0.02      28
rccd070407.0043  686.83  784.16   -0.04   3.242    0.06     -77
                 693.91  686.60    0.48   3.234    0.07      75
rccd070408.0049  686.84  784.15    0.57   2.708    0.22      79
                 693.98  686.59    1.07   2.728    0.22      76
rccd070409.0038  686.90  784.04    0.38   2.868    0.16      82
                 694.02  686.43    0.88   2.880    0.17      78
rccd070411.0019  686.86  784.15    0.36   3.184    0.12     -89
                 693.93  686.57    0.85   3.178    0.12      89
rccd070412.0039  686.84  784.13   -0.01   2.948    0.12     -88
                 693.94  686.52    0.50   2.990    0.14      87
rccd070414.0047  686.96  784.15    0.00   3.408    0.09     -72
                 694.03  686.53    0.50   3.420    0.06      86
rccd070417.0057  686.96  784.17   -0.01   3.104    0.09     -65
                 694.06  686.60    0.50   3.086    0.06     -88
rccd070418.0001  686.84  784.27    0.86   4.196    0.09      89
                 693.88  686.70    1.36   4.180    0.11     -85
rccd070419.0007  686.90  784.20    0.14   3.070    0.11     -78
                 693.98  686.63    0.64   3.100    0.11     -81
rccd070421.0001  686.82  784.36   -0.02   5.116    0.10     -28
                 693.90  686.72    0.49   5.124    0.07     -58
rccd070424.0044  686.80  784.29   -0.02   4.496    0.07     -73
                 693.88  686.67    0.48   4.460    0.08     -75
rccd070425.0021  686.77  784.23   -0.05   4.144    0.23     -88
                 693.81  686.66    0.44   4.144    0.16      88
rccd070426.0031  686.81  784.14   -0.01   3.206    0.12     -85
                 693.92  686.59    0.48   3.180    0.15     -88
rccd070427.0025  686.82  784.14    0.01   3.272    0.13     -89
                 693.95  686.55    0.52   3.248    0.13      70
rccd070428.0031  686.82  784.21    0.00   4.744    0.06     -79
                 693.91  686.61    0.43   4.728    0.09     -80
rccd070429.0041  686.82  784.21   -0.02   4.236    0.07     -64
                 693.81  686.61    0.41   4.208    0.17     -68
rccd070509.0031  686.89  784.14    0.01   2.972    0.10     -86
                 693.99  686.58    0.52   3.006    0.11     -89
rccd070510.0108  686.80  784.20    0.85   3.604    0.25     -76
                 693.95  686.59    1.36   3.620    0.17     -89
rccd070513.0043  686.89  784.12    0.04   2.866    0.11     -79
                 694.00  686.59    0.53   2.882    0.08     -89
rccd070514.0047  686.82  784.26    0.02   3.834    0.08     -49
                 693.92  686.61    0.52   3.820    0.02      87
rccd070516.0029  686.82  784.22    0.00   3.446    0.08     -79
                 693.92  686.59    0.52   3.420    0.13     -85
rccd070517.0043  686.93  784.18    0.05   3.192    0.08     -72
                 694.03  686.58    0.58   3.190    0.09     -88
rccd070518.0039  686.92  784.17    0.02   4.176    0.05     -70
                 694.00  686.58    0.51   4.296    0.08     -69
rccd070519.0044  686.83  784.27    0.04   3.594    0.05     -70
                 693.95  686.63    0.55   3.622    0.05      59
rccd070521.0017  686.78  784.23    0.03   3.718    0.09     -81
                 693.88  686.63    0.53   3.720    0.10     -87
rccd070522.0028  687.03  784.09    0.03   3.050    0.05     -51
                 694.12  686.51    0.54   3.074    0.03      87
rccd070523.0024  686.85  784.18    0.01   3.488    0.08     -75
                 693.96  686.53    0.50   3.500    0.10      86
rccd070525.0019  686.79  784.22    0.03   3.686    0.07     -85
                 693.91  686.61    0.52   3.668    0.09     -88
rccd070526.0025  686.81  784.21    0.01   4.464    0.04     -70
                 693.90  686.63    0.47   4.560    0.06     -82
rccd070602.0046  686.78  784.29    0.02   3.756    0.05     -69
                 693.86  686.64    0.50   3.760    0.08      81
rccd070603.0014  686.89  784.14    0.00   3.966    0.10     -82
                 694.09  686.55    0.45   3.988    0.20     -84
rccd070604.0020  686.84  784.19   -0.00   3.652    0.11     -80
                 693.94  686.55    0.53   3.674    0.11      81
rccd070605.0015  686.85  784.17   -0.00   4.008    0.03     -69
                 693.95  686.57    0.51   3.960    0.12      86
rccd070606.0014  686.91  784.12   -0.00   4.496    0.08     -69
                 693.96  686.53    0.49   4.468    0.06      89
rccd070609.0018  686.83  784.21    0.23   3.586    0.09     -74
                 693.95  686.56    0.71   3.490    0.12     -80
rccd070611.0001  686.83  784.21    1.05   3.498    0.13     -66
                 693.93  686.62    1.57   3.480    0.07     -79
rccd070616.0022  686.97  784.24    1.11   3.736    0.08     -48
                 693.98  685.63    1.50   4.220    0.59     -89
rccd070620.0001  686.87  784.20    0.05   4.032    0.10     -81
                 693.93  686.62    0.50   4.060    0.16      80
rccd070622.0011  686.86  784.16    0.05   4.080    0.09      83
                 693.94  686.59    0.51   4.200    0.12     -82
rccd070623.0005  686.86  784.16    0.03   5.004    0.09     -87
                 693.91  686.71    0.39   5.012    0.26     -41
rccd070625.0019  686.88  784.15    0.04   4.336    0.06     -55
                 693.92  686.61    0.53   4.316    0.11     -68
rccd080202.0128  686.86  784.12   -0.27   5.328    0.02     -45
                 693.95  686.52    0.21   5.344    0.06     -72
rccd080203.0051  686.83  784.06   -0.20   3.654    0.08     -87
                 693.94  686.48    0.29   3.654    0.09      82
rccd080205.0041  686.87  784.06   -0.25   3.340    0.12      85
                 693.97  686.48    0.24   3.358    0.12      79
rccd080210.0131  686.86  784.08   -0.20   2.876    0.13      87
                 693.95  686.57    0.29   2.926    0.11      79
rccd080212.0056  686.70  783.93   -0.16   3.142    0.07      62
                 693.82  686.39    0.34   3.188    0.10      55
rccd080214.0051  686.84  784.06   -0.17   2.688    0.13      83
                 693.96  686.47    0.33   2.650    0.13      75
rccd080216.0060  686.84  784.07   -0.16   3.394    0.10      82
                 693.94  686.49    0.36   3.400    0.12      71
rccd080219.0043  686.86  784.04   -0.25   3.402    0.09     -83
                 693.96  686.47    0.25   3.420    0.11      81
rccd080222.0057  687.02  783.91   -0.21   3.128    0.11     -79
                 694.10  686.34    0.30   3.130    0.13      85
rccd080224.0066  686.97  783.90   -0.21   3.754    0.10     -86
                 694.05  686.36    0.30   3.650    0.12      79
rccd080227.0032  686.91  783.93   -0.18   2.780    0.14      88
                 694.01  686.40    0.33   2.764    0.14      80
rccd080301.0051  686.87  784.01   -0.17   3.004    0.14      82
                 693.98  686.48    0.32   3.028    0.14      76
rccd080316.0039  686.83  784.04   -0.20   3.370    0.11      81
                 693.94  686.46    0.30   3.374    0.12      74
rccd080321.0078  686.94  784.10   -0.14   3.392    0.14     -84
                 694.04  686.48    0.36   3.398    0.14     -87
rccd080325.0056  687.01  784.06   -0.18   3.448    0.08     -85
                 694.11  686.46    0.30   3.462    0.12      52
rccd080328.0061  686.92  784.08   -0.21   3.214    0.10     -83
                 694.00  686.49    0.31   3.234    0.13      87
rccd080329.0078  686.89  784.04   -0.20   3.276    0.13     -87
                 693.99  686.48    0.30   3.288    0.14      61
rccd080331.0063  686.94  784.03   -0.19   3.106    0.09     -80
                 694.02  686.49    0.31   3.150    0.12      89
rccd080402.0063  686.91  784.08   -0.14   3.468    0.12     -69
                 694.01  686.54    0.35   3.452    0.07     -74
rccd080402.0067  686.89  784.17   -0.12   3.668    0.08     -81
                 693.98  686.55    0.37   3.746    0.09     -89
rccd080403.0067  687.05  784.07   -0.08   3.310    0.04     -80
                 694.15  686.47    0.42   3.278    0.06      83
rccd080408.0049  686.96  783.98   -0.11   2.504    0.07     -87
                 694.05  686.45    0.38   2.562    0.05      72
rccd080410.0055  686.98  784.01   -0.15   2.898    0.09     -84
                 694.08  686.48    0.35   2.912    0.10      87
rccd080411.0047  686.91  784.04    0.52   3.110    0.12     -88
                 694.00  686.50    1.02   3.142    0.12      86
rccd080412.0056  686.91  784.05   -0.18   3.398    0.05     -77
                 693.98  686.49    0.30   3.388    0.06     -88
rccd080417.0043  686.95  784.06   -0.15   2.640    0.09     -83
                 694.05  686.51    0.35   2.702    0.11      86
rccd080419.0059  687.01  784.17   -0.16   2.856    0.06     -37
                 694.09  686.56    0.34   2.866    0.06     -35
rccd080422.0048  686.99  784.12   -0.16   3.384    0.07     -62
                 694.07  686.53    0.34   3.404    0.06     -71
rccd080423.0040  686.93  784.05   -0.16   3.720    0.09     -84
                 693.99  686.46    0.32   3.748    0.12      81
rccd080425.0042  686.89  784.07   -0.17   3.404    0.09     -78
                 693.98  686.48    0.31   3.378    0.10     -88
rccd080427.0001  686.85  784.09    0.71   3.898    0.12     -87
                 693.95  686.54    1.19   4.040    0.12      84
rccd080430.0024  686.88  784.11   -0.17   4.244    0.05     -89
                 693.96  686.55    0.31   4.280    0.08      89
rccd080504.0023  686.84  784.06   -0.17   2.852    0.14     -88
                 693.95  686.56    0.33   2.892    0.14      86
rccd080506.0026  686.87  784.14   -0.15   3.366    0.12     -78
                 693.94  686.54    0.33   3.394    0.12      89
rccd080507.0039  686.98  784.05   -0.15   3.360    0.11     -81
                 694.08  686.43    0.34   3.334    0.11     -89
rccd080508.0020  686.88  784.09   -0.18   3.382    0.13     -88
                 693.97  686.50    0.31   3.386    0.15      82
rccd080510.0028  686.87  784.08   -0.18   3.826    0.09     -83
                 693.94  686.53    0.30   3.822    0.10     -83
rccd080511.0021  686.83  784.04   -0.18   3.492    0.09     -88
                 693.94  686.44    0.32   3.448    0.11      84
rccd080512.0034  686.95  783.87   -0.16   3.060    0.18      83
                 694.03  686.32    0.34   3.056    0.18      75
rccd080514.0024  686.89  784.03   -0.17   3.090    0.14     -79
                 693.98  686.47    0.33   3.040    0.14     -85
rccd080515.0030  686.98  784.04   -0.09   3.108    0.11      89
                 694.06  686.48    0.41   3.156    0.14      81
rccd080519.0048  686.97  784.07   -0.12   4.068    0.12     -84
                 694.03  686.50    0.33   4.108    0.10     -86
rccd080521.0030  686.91  784.01   -0.14   3.458    0.08     -78
                 694.02  686.41    0.36   3.466    0.12     -87
rccd080524.0029  686.92  784.10   -0.12   3.236    0.12     -78
                 694.02  686.50    0.37   3.238    0.12     -86
rccd080525.0004  686.90  784.11    0.53   3.540    0.15     -89
                 693.98  686.52    1.01   3.534    0.14      88
rccd080606.0030  686.94  784.08   -0.15   4.048    0.07     -72
                 694.02  686.54    0.33   4.084    0.08     -58
rccd080609.0018  686.88  784.12   -0.15   3.784    0.15     -82
                 693.97  686.56    0.33   3.920    0.16     -86
rccd080611.0015  686.89  784.07   -0.17   3.366    0.14     -86
                 693.97  686.50    0.33   3.364    0.13      84
rccd080612.0008  686.96  784.09   -0.11   3.274    0.11     -71
                 694.06  686.48    0.40   3.274    0.11     -89
rccd080615.0004  686.93  783.93   -0.13   2.580    0.13     -89
                 694.02  686.40    0.38   2.596    0.14     -89
rccd080622.0005  686.91  784.19    0.04   4.084    0.06     -49
                 693.96  686.60    0.51   4.032    0.07     -60
rccd080625.0029  686.90  784.19   -0.12   4.504    0.05     -53
                 693.99  686.58    0.34   4.488    0.03     -57
rccd080627.0031  686.94  784.33   -0.11   3.672    0.12     -20
                 694.02  686.64    0.38   3.744    0.03     -77
rccd080628.0036  687.01  784.30    0.21   3.576    0.07      -2
                 694.08  686.65    0.71   3.624    0.03      50
rccd080701.0003  686.93  784.14   -0.14   3.810    0.07     -76
                 694.01  686.54    0.34   3.834    0.09     -88
rccd080702.0007  686.97  784.01   -0.14   3.776    0.09     -81
                 694.05  686.48    0.33   3.936    0.13     -86
rccd080704.0008  686.92  784.12   -0.17   3.950    0.05     -64
                 694.01  686.53    0.31   3.964    0.04     -86
rccd080713.0012  686.95  784.18   -0.14   3.356    0.07     -66
                 694.03  686.61    0.33   3.370    0.05     -69
rccd080718.0014  686.92  784.19   -0.16   3.614    0.06     -50
                 694.00  686.56    0.34   3.628    0.02     -63
rccd080729.0003  686.93  784.16   -0.05   3.274    0.07     -40
                 694.04  686.55    0.44   3.264    0.06     -39
rccd080804.0005  686.82  784.21   -0.16   4.544    0.04     -30
                 693.96  686.61    0.31   4.652    0.03     -28
rccd080807.0005  686.93  784.29   -0.21   3.570    0.04     -16
                 694.04  686.66    0.30   3.616    0.03      -4
rccd081129.0080  686.70  784.19   -0.19   2.846    0.03      42
                 693.79  686.58    0.30   2.884    0.06      48
rccd081205.0081  686.71  784.10   -0.17   3.470    0.04      26
                 693.82  686.51    0.31   3.464    0.06      43
rccd081208.0064  686.75  784.11   -0.21   3.406    0.03     -24
                 693.85  686.52    0.29   3.434    0.06      73
rccd081214.0079  686.73  784.06   -0.17   2.688    0.07      46
                 693.81  686.49    0.33   2.708    0.11      17
rccd081217.0080  686.69  784.05   -0.18   2.408    0.06      69
                 693.80  686.41    0.33   2.400    0.07      60
rccd081220.0066  686.82  784.10   -0.21   3.558    0.07      70
                 693.95  686.50    0.27   3.578    0.10      83
rccd081224.0054  686.74  784.03   -0.18   2.854    0.04      50
                 693.84  686.44    0.33   2.822    0.07      49
rccd081227.0106  686.80  784.09   -0.12   2.882    0.06      76
                 693.90  686.53    0.39   2.924    0.09      66
rccd090105.0067  686.79  784.05   -0.16   2.698    0.08      72
                 693.89  686.46    0.35   2.676    0.10      63
rccd090108.0071  686.78  784.14   -0.15   3.724    0.06      87
                 693.85  686.51    0.33   3.632    0.07      75
rccd090114.0064  686.84  784.16   -0.18   2.870    0.10      70
                 693.93  686.57    0.31   2.930    0.11      63
rccd090117.0055  686.76  784.10   -0.16   4.320    0.08     -85
                 693.87  686.54    0.34   4.280    0.11      71
rccd090125.0060  686.85  784.12   -0.16   2.660    0.12      77
                 693.94  686.53    0.33   2.740    0.10      79
rccd090129.0040  686.80  784.06   -0.23   3.456    0.07      84
                 693.92  686.47    0.26   3.444    0.10      72
rccd090210.0046  686.81  784.01   -0.17   2.696    0.14      87
                 693.92  686.45    0.33   2.696    0.14      77
rccd090214.0024  686.80  784.07   -0.16   3.330    0.04      62
                 693.90  686.47    0.34   3.338    0.09      54
rccd090219.0072  686.86  784.20    0.09   3.146    0.12      84
                 693.95  686.65    0.59   3.144    0.14      80
rccd090222.0058  686.98  783.67   -0.12   3.116    0.07     -77
                 694.09  686.10    0.36   3.044    0.06     -88
rccd090225.0046  686.86  783.95   -0.13   3.076    0.10      85
                 693.97  686.41    0.36   3.074    0.10      81
rccd090228.0070  686.87  784.17   -0.18   3.524    0.05     -88
                 693.95  686.55    0.33   3.534    0.13      87
rccd090303.0070  686.92  784.27   -0.26   9.179    0.18     -19
                 693.87  686.56    0.29   9.419    0.02     -44
rccd090309.0060  686.98  783.83   -0.12   3.310    0.10     -87
                 694.08  686.22    0.38   3.290    0.12      84
rccd090312.0056  686.89  784.11   -0.16   2.782    0.12     -87
                 693.99  686.55    0.35   2.810    0.11      85
rccd090315.0039  686.89  784.15   -0.16   3.730    0.05     -88
                 693.97  686.55    0.31   3.800    0.07      78
rccd090318.0046  686.84  784.12   -0.13   3.390    0.10      87
                 693.94  686.53    0.35   3.368    0.12      77
rccd090321.0057  686.97  784.02   -0.11   2.660    0.11     -84
                 694.09  686.42    0.40   2.586    0.13      86
rccd090324.0062  687.05  784.00   -0.10   3.154    0.10     -84
                 694.12  686.38    0.38   3.154    0.02      53
rccd090327.0046  686.88  784.11   -0.15   3.442    0.06      74
                 693.96  686.55    0.33   3.494    0.06      70
rccd090330.0061  686.86  784.16   -0.16   2.990    0.12     -78
                 693.96  686.54    0.34   2.950    0.09     -85
rccd090402.0036  687.04  783.86   -0.10   2.424    0.11     -86
                 694.15  686.25    0.41   2.392    0.10      85
rccd090405.0044  686.98  783.97   -0.14   3.354    0.12      85
                 694.05  686.39    0.36   3.380    0.12      81
rccd090407.0048  687.07  783.87   -0.09   2.708    0.13     -84
                 694.16  686.27    0.41   2.690    0.14     -89
rccd090410.0029  686.84  784.14   -0.14   3.178    0.17     -82
                 693.95  686.59    0.34   3.182    0.14      89
rccd090413.0039  686.87  784.18   -0.16   4.008    0.07     -85
                 693.95  686.58    0.32   3.982    0.08     -83
rccd090416.0055  686.97  784.07   -0.07   3.688    0.08      75
                 694.07  686.50    0.45   3.664    0.12      69
rccd090418.0038  686.87  784.14   -0.05   3.702    0.03     -43
                 693.98  686.57    0.44   3.688    0.04     -51
rccd090420.0044  687.05  783.94   -0.11   2.438    0.08     -76
                 694.16  686.34    0.38   2.502    0.05     -89
rccd090423.0027  686.93  784.05   -0.18   3.148    0.12      89
                 694.01  686.51    0.31   3.176    0.13      82
rccd090424.0011  686.77  784.08   -0.19   2.908    0.12      69
                 693.88  686.52    0.30   2.918    0.10      59
rccd090424.0021  686.84  784.11   -0.20   2.838    0.18      85
                 693.94  686.54    0.29   2.854    0.18      75
rccd090424.0029  686.88  784.11   -0.20   3.228    0.11     -84
                 693.96  686.57    0.28   3.244    0.10      82
rccd090424.0037  686.88  784.15   -0.17   3.332    0.07     -63
                 693.96  686.60    0.32   3.344    0.05     -75
rccd090424.0045  686.90  784.18   -0.16   3.272    0.08     -56
                 693.98  686.62    0.33   3.262    0.03     -73
rccd090424.0053  686.86  784.23   -0.18   3.476    0.06     -30
                 693.94  686.63    0.33   3.494    0.03     -42
rccd090429.0056  686.92  784.15   -0.18   3.708    0.09     -83
                 693.95  686.60    0.33   3.654    0.09      89
rccd090502.0033  687.01  783.92   -0.15   2.688    0.10     -87
                 694.11  686.37    0.36   2.632    0.09      84
rccd090504.0031  686.94  783.96   -0.19   4.128    0.13     -89
                 694.01  686.42    0.33   4.116    0.15      79
rccd090507.0047  686.84  784.17   -0.18   5.216    0.10     -66
                 693.90  686.57    0.22   5.232    0.13      50
rccd090510.0019  686.86  784.13   -0.16   3.080    0.14      87
                 693.94  686.58    0.33   3.124    0.17      87
rccd090513.0037  686.85  784.16   -0.15   4.244    0.04     -79
                 693.91  686.59    0.30   4.224    0.06     -74
rccd090515.0027  686.99  783.92   -0.16   2.974    0.08     -81
                 694.08  686.37    0.34   2.920    0.06      73
rccd090516.0027  687.08  783.88   -0.08   2.672    0.08     -82
                 694.17  686.38    0.42   2.692    0.08     -88
rccd090518.0030  686.93  784.14   -0.20   3.656    0.07     -69
                 694.00  686.53    0.29   3.718    0.06      84
rccd090521.0021  686.91  784.10   -0.17   2.938    0.08     -76
                 693.99  686.55    0.33   2.946    0.05     -80
rccd090523.0020  686.88  784.11   -0.08   3.468    0.09      84
                 693.97  686.51    0.41   3.420    0.10      80
rccd090604.0014  686.89  784.14   -0.16   3.924    0.08      83
                 693.95  686.59    0.34   3.984    0.10      85
rccd090605.0013  686.88  784.13   -0.18   3.584    0.11     -75
                 693.97  686.53    0.31   3.670    0.10     -87
rccd090607.0020  686.90  784.17   -0.19   4.252    0.07      87
                 693.94  686.61    0.27   4.252    0.07      49
rccd090610.0024  686.90  784.19   -0.16   3.524    0.15     -87
                 693.97  686.58    0.33   3.542    0.19      84
rccd090612.0025  687.01  784.04   -0.17   3.512    0.06      20
                 694.09  686.54    0.35   3.578    0.05     -77
rccd090613.0008  686.96  784.02   -0.16   3.064    0.10     -78
                 694.05  686.50    0.34   3.146    0.10     -86
rccd110331.0053  686.96  784.16    0.04   3.580    0.07       0
                 694.05  686.56    0.53   3.604    0.07       6
rccd110402.0055  686.97  784.11    0.07   3.004    0.02     -12
                 694.08  686.55    0.56   2.992    0.04      -2
rccd110407.0067  686.89  784.12    0.05   3.424    0.05     -57
                 693.99  686.55    0.50   3.440    0.05      27
rccd110417.0043  686.79  784.10    0.03   3.356    0.03     -62
                 693.90  686.54    0.52   3.424    0.07      36
rccd110421.0052  686.91  784.16    0.06   4.520    0.04     -51
                 693.95  686.52    0.49   4.636    0.06     -58
rccd110424.0044  687.04  784.09    0.05   2.662    0.02     -44
                 694.15  686.53    0.53   2.686    0.07       0
rccd110507.0039  686.90  784.17    0.91   3.902    0.05     -56
                 693.94  686.63    1.33   4.072    0.04       3
rccd110510.0056  686.91  784.14    0.02   4.312    0.01     -39
                 693.99  686.69    0.45   4.372    0.10      36
rccd110514.0042  687.28  784.20    0.10   3.002    0.11      11
                 694.36  686.60    0.60   2.972    0.15      17
rccd110516.0039  687.19  784.09    0.09   2.716    0.01     -31
                 694.28  686.53    0.57   2.704    0.08      18
rccd110519.0012  686.96  784.14    0.07   4.092    0.10     -84
                 693.95  686.49    0.52   4.168    0.07      71
rccd110524.0029  687.05  784.13    0.06   3.568    0.02     -36
                 694.12  686.52    0.55   3.570    0.03      62
rccd110602.0063  687.05  784.27    0.07   4.164    0.12      -1
                 694.11  686.68    0.55   4.140    0.08       6
rccd110611.0012  686.88  784.15    0.05   4.284    0.02      85
                 693.98  686.59    0.53   4.368    0.07      57
rccd110625.0030  686.96  784.17    0.00   4.544    0.07     -11
                 694.05  686.57    0.48   4.540    0.04       0
rccd110628.0012  686.95  784.17    0.03   4.444    0.05     -26
                 694.03  686.60    0.52   4.452    0.01     -38
rccd110702.0017  686.93  784.23    0.02   5.220    0.06     -34
                 693.91  686.61    0.49   5.328    0.05     -42
rccd110706.0044  686.86  784.26    0.13   5.728    0.06     -52
                 693.85  686.61    0.58   5.940    0.09     -40
rccd110713.0028  686.90  784.29    0.06   5.256    0.04      -3
                 693.95  686.60    0.50   5.276    0.03     -24
rccd110719.0010  686.99  784.24    0.07   4.548    0.08     -13
                 694.05  686.65    0.55   4.488    0.06       4
rccd110722.0001  686.86  784.22    0.04   5.148    0.06     -28
                 693.92  686.59    0.53   5.196    0.06     -30
rccd110724.0001  686.86  784.23    0.08   5.796    0.12     -26
                 693.89  686.63    0.55   5.824    0.15     -38
rccd110727.0020  686.93  784.28    0.87   4.364    0.10      -6
                 693.97  686.70    1.36   4.452    0.07      -9
rccd120420.0049  686.71  784.15    0.11   3.286    0.06     -45
                 693.86  686.50    0.62   3.274    0.03     -64
rccd120423.0051  686.65  784.20    0.12   4.692    0.04     -62
                 693.79  686.50    0.57   4.704    0.03     -47
rccd120430.0032  686.70  784.15    0.14   2.936    0.08     -47
                 693.67  686.52    0.58   3.022    0.37     -64
rccd120503.0012  686.68  784.21    0.48   3.522    0.06     -35
                 693.84  686.55    0.91   3.526    0.02     -80
rccd120506.0044  686.66  784.13    0.19   3.192    0.02     -62
                 693.85  686.48    0.67   3.184    0.01      12
rccd120509.0024  686.65  784.12    0.11   2.880    0.02     -54
                 693.85  686.47    0.63   2.874    0.03      28
rccd120512.0038  686.66  784.13    0.12   3.318    0.05     -47
                 693.81  686.51    0.62   3.254    0.02     -49
rccd120513.0039  686.64  784.19    0.12   3.356    0.02     -34
                 693.80  686.53    0.64   3.328    0.03      25
rccd120516.0044  686.74  784.10    0.17   3.070    0.08     -71
                 693.93  686.51    0.67   3.136    0.03     -42
rccd120519.0034  686.72  784.15    0.14   2.712    0.08     -47
                 693.90  686.49    0.64   2.728    0.02     -30
rccd120522.0046  686.69  784.23    0.13   4.176    0.11     -25
                 693.85  686.59    0.61   4.240    0.06     -15
rccd120530.0037  686.61  784.21    0.11   4.056    0.05     -19
                 693.82  686.53    0.60   4.052    0.02      42
rccd120601.0019  686.69  784.19    0.14   3.330    0.03     -30
                 693.83  686.54    0.63   3.368    0.09       8
rccd120604.0033  686.74  784.15    0.12   3.284    0.04     -34
                 693.88  686.52    0.61   3.324    0.06     -25
rccd120607.0010  686.64  784.21    0.13   4.220    0.08     -34
                 693.79  686.57    0.61   4.232    0.05     -54
rccd120613.0033  686.57  784.18    0.13   4.256    0.06      18
                 693.67  686.53    0.63   4.288    0.05       4
rccd120615.0017  686.60  784.20    0.07   5.432    0.08     -30
                 693.71  686.51    0.50   5.460    0.05     -20
rccd120621.0029  686.69  784.21    0.09   3.632    0.09     -27
                 693.82  686.55    0.59   3.746    0.04     -40
rccd120624.0013  686.67  784.21    0.08   3.594    0.12     -25
                 693.79  686.57    0.57   3.682    0.06     -35
rccd120701.0023  686.75  784.22    0.14   3.444    0.10     -24
                 693.88  686.55    0.62   3.490    0.10      -7
rccd120706.0024  686.65  784.28    0.11   5.452    0.07     -24
                 693.93  686.66    0.54   5.432    0.11     -65
rccd120712.0019  686.72  784.32    0.18   4.156    0.10     -16
                 693.87  686.64    0.66   4.220    0.09      -9
rccd120715.0025  686.69  784.29    0.11   4.272    0.08     -17
                 693.83  686.60    0.59   4.316    0.07      -2
rccd120718.0013  686.61  784.35    0.10   6.316    0.17     -34
                 693.69  686.64    0.56   6.176    0.10     -24
rccd120721.0036  686.63  784.31    0.48   5.004    0.09     -15
                 693.79  686.64    0.93   4.928    0.06     -19
rccd121218.0102  686.60  784.24    2.02   4.632    0.06       0
                 693.83  686.65    2.44   4.612    0.11     -33
rccd121221.0111  686.46  784.22    0.17   4.080    0.18     -10
                 693.60  686.55    0.66   4.160    0.12       0
rccd121223.0128  686.57  784.22    0.20   2.860    0.02     -18
                 693.76  686.54    0.71   2.902    0.04      11
rccd121229.0122  686.61  784.21    0.21   3.696    0.07     -30
                 693.80  686.53    0.74   3.772    0.02      -5
rccd130101.0105  686.57  784.22    0.24   2.624    0.04     -57
                 693.78  686.52    0.74   2.664    0.02      17
rccd130105.0093  686.63  784.17    0.22   4.136    0.04     -59
                 693.82  686.54    0.70   3.466    0.04      88
rccd130108.0104  686.59  784.21    0.21   3.862    0.10     -20
                 693.74  686.53    0.71   3.950    0.01     -29
rccd130113.0115  686.66  784.17    0.28   3.136    0.05     -53
                 693.85  686.53    0.78   3.192    0.01     -76
rccd130116.0235  686.74  784.15    0.46   2.378    0.05     -32
                 693.92  686.49    0.96   2.592    0.10     -17
rccd130119.0113  686.70  784.22    2.09   3.536    0.13       0
                 693.73  686.65    2.45   3.572    0.19     -80
rccd130122.0111  686.64  784.15    0.18   3.050    0.08     -68
                 693.82  686.53    0.68   3.030    0.04     -78
rccd130125.0116  686.60  784.17    0.18   3.042    0.03     -72
                 693.79  686.54    0.69   2.992    0.03      -4
rccd130128.0087  686.65  784.17    0.14   3.822    0.00      40
                 693.80  686.50    0.65   3.810    0.03      65
rccd130209.0034  686.59  784.17    0.19   3.542    0.05      -6
                 693.74  686.51    0.69   3.608    0.07      22
rccd130212.0043  686.65  784.17    0.21   2.526    0.05     -42
                 693.84  686.50    0.71   2.574    0.04      -5
rccd130215.0063  686.84  784.06    0.16   2.710    0.07     -51
                 694.02  686.47    0.68   2.728    0.04     -55
rccd130219.0068  686.70  784.14    0.17   3.332    0.05     -69
                 693.87  686.48    0.67   3.338    0.06      81
rccd130301.0077  686.72  784.14    0.16   3.678    0.08     -52
                 693.91  686.46    0.65   3.692    0.04     -45
rccd130305.0038  686.61  784.20    0.18   4.820    0.05     -23
                 693.80  686.47    0.70   4.776    0.03      -5
rccd130311.0066  686.79  784.06    0.21   2.498    0.06     -64
                 693.98  686.44    0.68   2.562    0.06     -57
rccd130315.0077  686.62  784.18    0.19   3.400    0.11     -19
                 693.76  686.54    0.70   3.452    0.12     -19
rccd130318.0004  686.65  784.15    0.19   3.166    0.04      81
                 693.81  686.54    0.67   3.206    0.03      60
rccd130322.0067  686.72  784.15    0.22   2.786    0.05     -34
                 693.92  686.51    0.71   2.862    0.03     -13
rccd130325.0078  686.70  784.19    0.21   2.942    0.11     -34
                 693.90  686.52    0.73   2.998    0.12     -20
rccd130328.0061  686.86  784.03    0.22   3.084    0.06     -37
                 694.03  686.44    0.74   3.024    0.06     -15
rccd130330.0005  686.67  784.19    1.06   3.192    0.08     -74
                 693.81  686.47    1.49   3.260    0.16     -24
rccd130402.0047  686.65  784.21    0.16   4.484    0.06     -37
                 693.81  686.52    0.63   4.480    0.06     -48
rccd130410.0076  686.82  784.20    0.21   3.982    0.08     -29
                 693.96  686.59    0.73   4.020    0.05     -25
rccd130413.0044  686.75  784.11    0.25   2.712    0.06     -58
                 693.92  686.48    0.74   2.694    0.04      84
rccd130416.0048  686.72  784.12    0.21   2.822    0.07     -32
                 693.90  686.49    0.71   2.876    0.09     -30
rccd130419.0059  686.80  784.10    0.22   3.428    0.07     -55
                 693.96  686.45    0.72   3.420    0.06     -55
rccd130427.0056  686.65  784.58    0.14   6.500    0.11     -21
                 693.71  686.56    0.69   6.304    0.10     -32
rccd130501.0051  686.61  784.27    1.58   4.188    0.09     -10
                 693.73  686.57    2.14   4.244    0.09     -30
rccd130501.0052  686.61  784.27    1.58   4.188    0.09     -10
                 693.73  686.57    2.14   4.244    0.09     -30
rccd130505.0049  686.75  784.28    0.16   3.720    0.15     -11
                 693.92  686.60    0.65   3.734    0.12      -3
rccd130510.0036  686.89  784.13    0.19   3.560    0.11     -45
                 694.06  686.50    0.68   3.620    0.05     -51
rccd130515.0014  686.92  784.02    0.20   2.714    0.06     -53
                 694.09  686.45    0.68   2.840    0.03     -53
rccd130520.0010  686.61  784.22    0.19   4.620    0.04     -70
                 693.76  686.52    0.65   4.576    0.03     -50
rccd130523.0048  686.73  784.27    0.19   3.642    0.20     -11
                 693.86  686.61    0.68   3.700    0.15       0
rccd130529.0010  686.56  784.16    0.21   2.780    0.18     -11
                 693.73  686.50    0.68   2.884    0.15     -15
rccd130602.0024  686.87  784.10    0.23   2.626    0.12     -33
                 694.03  686.47    0.73   2.704    0.14     -25
rccd130604.0014  686.72  784.17    0.20   3.202    0.13     -31
                 693.88  686.51    0.70   3.266    0.12     -25
rccd130608.0009  686.82  784.15    0.20   3.014    0.09     -27
                 693.99  686.54    0.72   3.052    0.09     -11
rccd130611.0009  686.75  784.19    0.21   3.544    0.11     -37
                 693.87  686.51    0.69   3.548    0.06     -47
rccd130614.0005  686.71  784.21    0.22   3.368    0.10     -29
                 693.85  686.54    0.72   3.432    0.06     -24
rccd130621.0005  686.73  784.24    0.18   4.524    0.07     -33
                 693.92  686.56    0.66   4.500    0.07     -34
rccd130624.0016  686.62  784.32    0.31   5.296    0.07     -27
                 693.79  686.64    0.72   5.256    0.05     -26
rccd130629.0011  686.64  784.28    0.20   5.088    0.09     -16
                 693.80  686.58    0.65   5.144    0.11     -26
rccd130702.0009  686.68  784.26    0.18   3.832    0.12     -23
                 693.88  686.58    0.67   3.714    0.07      -8
rccd130707.0002  686.66  784.25    0.19   4.576    0.10     -30
                 693.80  686.61    0.67   4.532    0.07     -19
rccd130712.0021  686.70  784.32    0.22   4.336    0.18      -9
                 693.82  686.63    0.66   4.420    0.12      11
rccd130715.0006  686.87  784.34    0.24   3.268    0.12      -9
                 694.03  686.65    0.76   3.232    0.13       1
rccd130801.0005  686.59  784.38    0.21   5.024    0.06      14
                 693.75  686.61    0.65   5.032    0.03     -16
rccd131113.0116  686.49  784.25    0.58   3.862    0.07     -25
                 693.68  686.55    1.06   3.868    0.05      -5
rccd131121.0069  686.54  784.22    0.34   3.042    0.07     -20
                 693.73  686.55    0.84   3.036    0.08       3
rccd131124.0089  686.58  784.28    1.05   4.668    0.04      29
                 693.71  686.57    1.49   4.748    0.01     -64
rccd131201.0093  686.58  784.20    0.25   4.088    0.21     -34
                 693.76  686.54    0.75   4.088    0.04     -27
rccd131205.0066  686.64  784.26    0.33   3.672    0.07     -33
                 693.81  686.56    0.82   3.798    0.03      19
rccd131214.0087  686.57  784.21    0.36   3.662    0.04     -63
                 693.77  686.53    0.86   3.632    0.05     -79
rccd131218.0037  686.65  784.20    0.36   2.746    0.02     -61
                 693.86  686.52    0.86   2.820    0.07      12
rccd131221.0103  686.60  784.18    0.34   3.278    0.04     -22
                 693.80  686.52    0.86   3.270    0.09     -14
rccd131226.0095  686.63  784.17    0.38   3.050    0.04     -46
                 693.82  686.53    0.89   3.124    0.02     -23
rccd131229.0072  686.66  784.14    0.34   3.292    0.05      85
                 693.82  686.47    0.85   3.396    0.04      65
rccd140101.0094  686.77  784.08    0.42   2.548    0.03     -61
                 693.96  686.47    0.92   2.682    0.02     -79
rccd140104.0066  686.64  784.17    0.44   2.548    0.07     -62
                 693.84  686.48    0.94   2.608    0.05     -59
rccd140107.0083  686.57  784.16    0.40   3.238    0.10     -37
                 693.77  686.52    0.88   3.186    0.09     -27
rccd140113.0104  686.77  784.05    0.47   2.664    0.11     -63
                 693.98  686.50    0.95   2.810    0.08     -55
rccd140115.0086  686.69  784.18    0.40   4.392    0.04     -40
                 693.83  686.56    0.88   4.416    0.01     -73
rccd140119.0099  686.86  784.05    0.41   3.022    0.08     -74
                 694.04  686.42    0.91   3.132    0.06     -82
rccd140122.0068  686.54  784.22    0.92   4.320    0.05      15
                 693.74  686.52    1.38   4.316    0.05     -67
rccd140125.0083  686.64  784.15    0.42   4.104    0.02     -50
                 693.83  686.55    0.89   4.152    0.02     -84
rccd140129.0061  686.57  784.22    0.50   3.538    0.01     -56
                 693.72  686.54    1.01   3.496    0.03      62
rccd140205.0059  686.69  784.11    0.41   2.822    0.06     -44
                 693.90  686.46    0.92   2.904    0.04     -51
rccd140210.0057  686.72  784.10    0.41   3.562    0.04     -58
                 693.88  686.44    0.90   3.592    0.05     -68
rccd140214.0071  686.60  784.19    0.43   5.312    0.06     -66
                 693.83  686.57    0.88   5.176    0.07     -46
rccd140219.0050  686.66  784.31    0.71   4.288    0.14     -11
                 694.11  686.34    1.29   3.688    0.01      25
rccd140222.0064  686.67  784.10    0.45   2.782    0.06     -28
                 693.93  686.42    0.95   2.840    0.09     -58
rccd140224.0054  686.60  784.11    0.37   5.772    0.16     -28
                 693.76  686.43    0.80   5.684    0.17       3
rccd140226.0040  686.62  784.18    0.35   2.492    0.01     -43
                 693.81  686.50    0.84   2.526    0.05      35
rccd140301.0060  686.78  784.16    0.23   5.020    0.06     -47
                 693.92  686.53    0.71   5.128    0.04     -57
rccd140304.0065  686.62  784.17    0.39   2.696    0.07     -89
                 693.82  686.47    0.89   2.722    0.07     -29
rccd140307.0065  686.66  784.19    0.25   4.208    0.04     -24
                 693.81  686.53    0.75   4.292    0.04     -52
rccd140310.0041  686.67  784.15    0.26   3.688    0.03     -63
                 693.86  686.47    0.77   3.748    0.09      68
rccd140314.0069  686.66  784.14    0.27   4.004    0.08     -39
                 693.83  686.53    0.79   4.116    0.04     -76
rccd140318.0035  686.69  784.17    0.30   3.442    0.04     -58
                 693.86  686.49    0.78   3.424    0.04      80
rccd140321.0061  686.82  784.12    0.28   2.552    0.10     -33
                 694.01  686.44    0.78   2.534    0.09     -30
rccd140324.0070  687.01  784.00    0.29   2.692    0.07     -51
                 694.18  686.37    0.78   2.768    0.04     -47
rccd140328.0070  686.84  784.19    0.29   3.518    0.07     -39
                 693.98  686.49    0.77   3.612    0.04     -23
rccd140331.0046  686.62  784.23    0.22   6.028    0.08     -49
                 693.77  686.56    0.71   5.948    0.02     -66
rccd140403.0054  686.66  784.18    0.38   3.560    0.07     -24
                 693.81  686.50    0.87   3.512    0.01     -47
rccd140406.0027  686.60  784.27    0.22   6.396    0.07     -46
                 693.58  686.38    0.56   7.820    0.07      24
rccd140409.0025  686.78  784.11    0.30   3.232    0.07     -55
                 693.96  686.41    0.81   3.184    0.05     -56
rccd140412.0043  686.77  784.06    0.29   2.246    0.11     -63
                 693.92  686.38    0.79   2.306    0.07     -65
rccd140415.0041  686.75  784.12    0.31   2.652    0.07     -52
                 693.94  686.44    0.82   2.588    0.10     -36
rccd140419.0062  686.91  784.11    0.29   2.728    0.13     -29
                 694.08  686.51    0.80   2.816    0.09     -27
rccd140423.0036  686.81  784.06    0.27   2.892    0.07     -21
                 694.01  686.47    0.78   2.878    0.06      -5
rccd140525.0015  686.64  784.13    0.35   5.924    0.10     -89
                 693.78  686.50    0.76   5.836    0.07      77
rccd140531.0018  686.87  784.11    0.26   3.978    0.09     -55
                 694.03  686.45    0.77   3.986    0.06     -56
rccd140613.0007  686.67  784.23    0.27   5.348    0.15     -23
                 693.85  686.64    0.74   5.548    0.10     -47
rccd140616.0020  686.82  784.10    0.30   2.842    0.13     -28
                 693.97  686.47    0.82   2.898    0.14     -20
rccd140702.0023  686.62  784.23    1.68   3.510    0.17     -21
                 693.73  686.57    2.16   3.510    0.05      59
rccd140717.0024  686.73  784.34    0.28   4.132    0.11      -9
                 693.87  686.62    0.77   4.240    0.08      -3
rccd141217.0078  686.62  784.18    0.43   3.166    0.06     -65
                 693.80  686.53    0.92   3.216    0.05     -79
rccd141220.0096  686.67  784.26    0.35   5.400    0.03       9
                 693.83  686.60    0.81   5.368    0.05      17
rccd141222.0086  686.70  784.22    0.38   3.298    0.05     -63
                 693.86  686.55    0.88   3.276    0.02     -80
rccd141225.0102  686.71  784.15    0.43   2.976    0.04     -81
                 693.91  686.53    0.94   3.026    0.05      69
rccd141228.0100  686.59  784.17    0.31   2.946    0.06     -82
                 693.81  686.54    0.79   2.894    0.13     -69
rccd150103.0037  686.52  784.22    0.31   4.324    0.07     -34
                 693.71  686.55    0.82   4.392    0.07     -51
rccd150108.0075  686.68  784.15    0.34   2.606    0.09     -63
                 693.88  686.47    0.86   2.572    0.04     -75
rccd150111.0063  686.65  784.10    0.31   2.750    0.06      80
                 693.85  686.47    0.83   2.796    0.07      57
rccd150114.0064  686.66  784.09    0.34   2.760    0.08     -75
                 693.88  686.48    0.85   2.770    0.07      85
rccd150117.0151  686.80  784.14    0.36   2.302    0.08     -39
                 693.98  686.47    0.85   2.412    0.06     -37
rccd150125.0076  686.82  784.09    0.39   2.730    0.04     -51
                 694.05  686.46    0.89   2.752    0.02     -26
rccd150129.0069  686.76  784.14    0.35   2.250    0.05     -55
                 693.91  686.46    0.85   2.336    0.02     -52
rccd150202.0058  686.66  784.25    0.28   3.062    0.03     -81
                 693.82  686.57    0.77   3.066    0.11      69
rccd150205.0048  686.77  784.01    0.38   2.808    0.12     -62
                 693.99  686.39    0.88   2.750    0.11     -69
rccd150208.0053  686.70  784.20    0.38   3.290    0.06     -64
                 693.87  686.51    0.89   3.318    0.04      81
rccd150211.0045  686.71  783.96    0.35   2.922    0.18     -37
                 693.88  686.47    0.89   3.024    0.04      71
rccd150215.0054  686.79  784.23    0.35   2.576    0.10     -36
                 693.98  686.55    0.85   2.630    0.09     -23
rccd150218.0050  686.65  784.20    0.41   3.080    0.03     -73
                 693.86  686.52    0.91   3.114    0.07      -2
rccd150222.0040  686.72  784.18    0.42   4.780    0.08     -82
                 693.86  686.52    0.88   4.796    0.04     -78
rccd150226.0049  686.68  784.19    0.34   4.768    0.05     -57
                 693.85  686.52    0.81   4.780    0.08       6
rccd150302.0058  686.69  784.16    0.34   3.212    0.05     -37
                 693.83  686.49    0.83   3.250    0.04     -39
rccd150312.0049  686.75  784.05    0.35   3.012    0.06     -60
                 693.92  686.43    0.85   3.084    0.05      73
rccd150316.0060  686.79  784.18    1.30   3.468    0.08     -71
                 693.89  686.53    1.81   3.464    0.06     -89
rccd150321.0045  686.84  784.00    0.70   3.846    0.12     -82
                 694.00  686.40    1.18   3.884    0.09      73
rccd150330.0038  686.64  784.14    0.38   5.600    0.05     -77
                 693.84  686.58    0.81   5.624    0.02     -62
rccd150402.0042  686.83  784.00    0.44   3.902    0.18     -79
                 693.99  686.39    0.93   4.116    0.15      87
rccd150412.0049  686.67  784.19    0.37   3.510    0.03     -65
                 693.82  686.51    0.86   3.542    0.05     -63
rccd150413.0048  686.55  784.25    1.92   3.628    0.08     -56
                 693.74  686.48    2.34   3.694    0.27     -29
rccd150416.0060  686.75  784.21    0.37   3.492    0.03     -41
                 693.90  686.49    0.85   3.544    0.03     -48
rccd150422.0036  686.64  784.18    0.61   2.630    0.09     -71
                 693.83  686.51    1.10   2.680    0.10      88
rccd150426.0072  686.62  784.19    0.35   4.380    0.11     -39
                 693.80  686.52    0.84   4.368    0.03      86
rccd90531.0044_  686.86  784.23    0.23   3.990    0.05     -24
                 693.93  686.59    0.70   3.992    0.03     -44

  Average star @ (686.84, 784.11): FWHM=9.18, m=0.00
  Average star @ (693.94, 686.54): FWHM=9.42, m=0.49

  Average full width at half maximum (FWHM) of 9.2723
