NOAO/IRAF V2.15.1a ih64@tortoise.astro.yale.edu Wed 20:14:40 13-May-2015

          Image  Column    Line     Mag    FWHM   Ellip      PA SAT
rccd031130.0112  533.04  546.14    4.28   2.352    0.00       0
                 545.85  543.01    2.36  12.479    0.88      55
rccd031201.0083  543.11  542.70    2.36  13.448    0.63      48
                 545.86  543.10    2.31  12.788    0.85      54
rccd031206.0087  544.23  543.13    2.32  12.489    0.72      53
                 546.01  542.64    2.31  12.319    0.78      54
rccd031207.0042  550.07  537.19   -0.59  28.014    0.79      -6
                 561.83  535.60   -0.91   5.484    0.21      83
rccd031208.0096  549.26  542.29    0.48  26.014    0.80     -23
                 551.83  538.92   -0.24  22.015    0.86     -18
rccd031210.0075  543.43  542.96    2.37  12.968    0.66      48
                 545.95  542.71    2.23  13.008    0.64      54
rccd031212.0088  544.09  543.58    2.31  12.978    0.63      50
                 546.04  542.92    2.30  12.758    0.79      54
rccd031213.0107  545.82  543.81    2.22  13.468    0.45      50
                 555.17  535.37   -0.78  16.768    0.70       4
rccd031214.0069  545.52  543.84    2.23  12.988    0.59      53
                 546.07  542.74    2.26  12.409    0.77      53
rccd031215.0082  545.80  543.96    2.22  13.168    0.42      51
                 556.70  535.48   -0.87  13.468    0.53      10
rccd031216.0094  545.76  543.94    2.24  13.148    0.59      53
                 546.05  542.93    2.25  12.559    0.64      53
rccd031217.0095  545.80  543.95    2.22  12.918    0.44      49
                 552.37  537.92   -0.35  22.015    0.84     -15
rccd031218.0081  545.48  543.85    2.20  13.198    0.52      53
                 546.06  542.67    2.16  12.639    0.49      49
rccd031219.0082  548.06  542.38    1.38  24.014    0.55     -18
                 561.85  535.52   -0.90   3.492    0.21      87
rccd031220.0092  542.71  540.88    2.63   7.276    0.78      50
                 545.97  542.83    2.31  12.878    0.80      54
rccd031221.0073  546.35  543.37    1.90  13.978    0.25       0
                 557.71  535.36   -0.87  11.399    0.35      17
rccd031222.0066  543.87  542.74    2.32  12.908    0.64      50
                 546.20  542.49    2.22  13.088    0.52      51
rccd031223.0162  553.24  535.41   -0.92  22.235    0.60       5
                 561.37  535.51   -0.91   5.084    0.23      79
rccd031224.0152  542.42  541.47    2.42   8.599    0.69      45
                 546.02  542.71    2.24  12.729    0.75      54
rccd031225.0104  541.82  539.72    2.92   4.824    0.60      45
                 545.90  543.04    2.29  12.609    0.86      55
rccd031228.0141  533.21  546.09    4.14   2.478    0.99     -44
                 545.84  542.90    2.36  12.619    0.89      55
rccd031229.0095  543.00  542.71    2.39  14.068    0.59      47
                 545.92  543.02    2.31  13.018    0.80      55
rccd031230.0100  544.59  543.66    2.42  12.559    0.72      54
                 545.90  543.20    2.43  12.339    0.87      55
rccd040102.0055  545.27  543.32    2.11  14.158    0.25      44
                 555.23  535.29   -0.72  16.658    0.67       3
rccd040104.0127  548.23  541.82    1.14  24.014    0.56     -18
                 556.54  535.28   -0.76  13.808    0.49       9
rccd040108.0074  533.26  546.11    4.15   2.392    0.58      -8
                 546.04  543.17    2.29  12.848    0.91      55
rccd040110.0116  543.06  542.72    2.34  13.868    0.66      47
                 546.07  543.12    2.28  12.958    0.87      55
rccd040111.0158  541.88  539.45    2.82   4.364    0.71      43
                 546.00  542.67    2.22  12.389    0.74      54
rccd040112.0063  541.70  539.83    2.85   5.200    0.65      44
                 545.97  542.96    2.23  12.379    0.90      55
rccd040113.0106  546.35  543.34    1.91  13.948    0.28      -4
                 558.47  535.48   -0.90   9.799    0.25      26
rccd040116.0099  548.84  541.83    0.53  26.014    0.75     -21
                 556.31  535.21   -0.83  14.858    0.52      10
rccd040117.0083  542.94  542.37    2.39  14.388    0.62      47
                 545.96  542.63    2.35  12.609    0.82      56
rccd040118.0108  545.92  543.70    2.12  13.368    0.35      47
                 547.73  541.93    2.01  14.828    0.17       9
rccd040119.0127  544.65  543.15    2.24  12.619    0.71      54
                 546.02  542.69    2.25  12.768    0.77      55
rccd040121.0067  544.56  543.35    2.23  12.888    0.58      53
                 545.83  542.54    2.29  12.788    0.71      55
rccd040123.0113  543.14  542.49    2.39  13.798    0.66      48
                 545.91  542.95    2.33  12.868    0.85      55
rccd040124.0115  544.30  543.37    2.32  12.519    0.72      54
                 545.94  542.78    2.34  12.569    0.85      55
rccd040125.0141  544.50  543.52    2.27  12.649    0.62      52
                 546.07  542.84    2.26  12.609    0.61      52
rccd040126.0078  533.11  546.07    4.11   2.470    0.00       0
                 561.86  535.49   -1.03   2.682    0.17     -30  *
rccd040127.0066  545.02  543.87    2.21  13.148    0.57      54
                 546.13  542.81    2.19  12.818    0.59      53
rccd040128.0070  544.72  543.69    2.17  12.719    0.61      55
                 545.90  542.83    2.13  12.619    0.56      53
rccd040130.0115  543.97  542.80    2.28  12.838    0.71      51
                 546.03  542.85    2.24  12.659    0.76      55
rccd040131.0158  543.86  542.54    2.29  12.758    0.74      51
                 545.91  542.63    2.19  12.629    0.58      53
rccd040201.0113  545.23  543.63    2.17  13.738    0.48      51
                 553.52  536.98   -0.69  22.015    0.80      -9
rccd040202.0092  545.80  543.69    2.13  13.028    0.50      51
                 546.10  542.42    2.22  12.309    0.66      53
rccd040203.0117  544.42  543.85    2.26  13.408    0.63      55
                 551.89  538.30   -0.19  22.015    0.84     -16
rccd040205.0189  549.57  540.73   -0.02  26.014    0.85     -20
                 553.38  537.07   -0.64  22.015    0.81      -9  *
rccd040207.0123  548.01  542.78    1.30  26.014    0.66     -21
                 555.27  535.41   -0.64  16.708    0.69       3
rccd040208.0109  542.49  540.81    2.64   7.048    0.82      48
                 546.17  542.56    2.27  12.788    0.63      54
rccd040209.0181  548.78  541.62    0.45  26.014    0.80     -21
                 558.78  535.50   -0.86   9.539    0.19      31
rccd040211.0165  546.22  543.46    1.96  13.058    0.22       0
                 552.66  537.70   -0.58  22.015    0.84     -12  *
rccd040214.0080  543.08  542.46    2.34  13.818    0.65      48
                 545.87  542.80    2.26  12.768    0.79      55
rccd040216.0176  545.20  543.71    2.18  12.778    0.58      54
                 546.02  542.61    2.16  12.469    0.57      52
rccd040219.0038  542.68  540.50    2.72   5.988    0.80      51
                 545.91  542.95    2.37  12.699    0.86      55
rccd040221.0180  545.14  543.89    2.25  13.038    0.57      55
                 550.46  541.28    1.60  20.015    0.57     -18
rccd040222.0075  552.66  535.69   -0.89  21.695    0.72       3  *
                 546.11  542.85    2.28  12.689    0.57      53
rccd040223.0041  533.11  546.18    4.43   2.412    0.97     -47
                 545.94  543.10    2.36  12.529    0.88      55
rccd040224.0065  544.56  543.29    2.30  12.579    0.72      54
                 545.94  542.73    2.24  12.509    0.66      53
rccd040225.0067  547.70  543.06    1.33  26.014    0.59     -20
                 558.62  535.49   -0.86   9.609    0.23      28
rccd040226.0088  550.32  537.87   -0.08  28.014    0.82     -10
                 559.38  535.45   -0.29   7.660    0.20      51
rccd040227.0091  544.50  543.48    2.28  12.329    0.74      54
                 545.91  543.07    2.27  12.509    0.85      55
rccd040302.0121  544.54  543.76    2.22  12.878    0.64      56
                 549.96  541.40    1.63  20.015    0.55     -17
rccd040304.0089  544.65  543.91    2.25  13.278    0.62      57
                 546.00  542.52    2.27  12.499    0.61      53
rccd040306.0092  545.47  544.22    2.20  13.388    0.57      56
                 546.21  543.01    2.28  13.238    0.73      54
rccd040309.0065  545.34  543.83    2.22  13.338    0.55      54
                 552.20  538.28   -0.03  20.015    0.86     -16  *
rccd040310.0044  545.47  543.90    2.28  13.448    0.35      54
                 556.07  535.43   -0.78  14.918    0.60       7
rccd040313.0042  544.79  543.80    2.29  13.238    0.63      54
                 546.00  542.68    2.25  12.848    0.58      52
rccd040315.0063  543.02  542.71    2.36  14.178    0.59      47
                 545.97  542.70    2.25  12.579    0.67      53
rccd040322.0068  543.99  542.89    2.27  12.828    0.68      51
                 546.03  542.95    2.22  12.349    0.67      53
rccd040325.0063  542.93  542.73    2.36  14.168    0.61      46
                 545.87  543.00    2.30  12.419    0.83      55
rccd040407.0072  546.20  543.83    2.13  13.158    0.35      47
                 551.86  539.16   -0.10  22.015    0.84     -19
rccd040411.0058  542.78  540.79    2.56   6.504    0.79      49
                 546.00  542.99    2.31  12.758    0.80      55
rccd040415.0024  544.54  544.10    2.34  13.648    0.48      50
                 553.11  537.91   -0.52  22.015    0.82     -15
rccd040417.0050  541.73  539.61    3.03   4.228    0.42      39
                 545.89  543.08    2.39  12.179    0.89      56
rccd040420.0080  547.62  543.08    1.64  15.068    0.50     -18
                 556.21  535.46   -0.80  14.908    0.56       6
rccd040430.0005  541.70  539.53    3.02   4.676    0.73      45
                 545.87  542.96    2.35  12.449    0.78      55
rccd040501.0005  542.61  540.74    2.69   6.928    0.85      49
                 545.88  542.78    2.38  12.529    0.89      56
rccd040504.0038  544.69  543.53    2.25  12.818    0.63      51
                 548.60  541.62    1.94  20.015    0.40     -12
rccd040510.0003  545.22  543.96    2.53  13.558    0.54      54
                 552.95  537.70   -0.23  22.015    0.83     -13
rccd040514.0012  542.13  541.11    2.59   7.228    0.60      44
                 546.02  543.08    2.35  12.509    0.83      55
rccd040517.0002  546.16  543.83    3.27  12.908    0.29      45
                 546.14  542.86    3.36  12.459    0.77      55
rccd040520.0014  545.40  543.84    2.25  13.378    0.42      51
                 553.04  537.49   -0.55  22.015    0.83     -12  *
rccd040526.0027  543.22  542.30    3.11  14.178    0.74      46
                 552.99  537.79    0.31  20.015    0.84     -13
rccd040601.0004  546.00  542.34    1.96  13.608    0.20      -5
                 559.37  535.57   -0.87   7.744    0.13      47
rccd040602.0034  545.45  544.03    2.26  12.788    0.57      55
                 546.15  542.71    2.31  12.519    0.79      55
rccd040603.0006  540.60  539.44    3.15   7.052    0.63     -11
                 545.95  542.87    2.27  12.539    0.74      54
rccd040605.0011  548.91  540.74    0.27  26.014    0.79     -19
                 557.96  535.52   -0.84  11.439    0.29      17
rccd040608.0008  542.39  540.78    2.62   6.744    0.74      47
                 546.03  542.99    2.34  12.539    0.83      55
rccd040612.0025  546.83  543.37    1.87  13.878    0.41     -12
                 555.53  536.54   -0.84  16.538    0.63      -4
rccd040618.0019  542.55  540.79    2.53   6.592    0.73      48
                 546.12  543.01    2.29  12.469    0.78      55
rccd040621.0013  551.37  536.60   -0.56  26.494    0.75      -2
                 558.83  535.48   -0.60   9.979    0.20      34
rccd040623.0017  533.46  546.15    4.29   2.476    1.00     -42
                 545.99  542.94    2.35  12.099    0.87      56
rccd040627.0003  544.33  543.09    2.33  13.118    0.68      53
                 552.18  538.95    0.16  20.015    0.84     -18
rccd040630.0005  549.98  537.83   -0.37  26.014    0.84      -9
                 556.30  535.55   -0.81  15.208    0.54       6
rccd040703.0005  544.55  543.63    2.30  13.128    0.63      54
                 555.37  536.01   -0.81  16.628    0.67       0
rccd040706.0029  551.33  536.66   -0.18  25.854    0.77      -3
                 558.84  535.57   -0.21   9.369    0.20      30
rccd040707.0010  552.96  535.58   -0.89  23.334    0.65       3
                 561.93  535.81   -0.95   4.996    0.18     -26
rccd040709.0016  548.96  541.25    0.38  26.014    0.77     -21
                 559.16  535.57   -0.84   8.659    0.16      33
rccd040714.0017  546.26  542.90    2.66  13.938    0.07      23
                 561.55  535.57   -0.18   4.764    0.21      84
rccd040718.0006  549.46  538.16   -0.01  26.014    0.78      -9
                 561.33  535.62   -0.74   5.296    0.20      88
rccd041122.0105  545.90  544.11    2.61  12.609    0.39      52
                 550.06  541.12    1.74  22.015    0.63     -20
rccd041205.0109  546.14  544.03    2.37  12.459    0.24      40
                 555.31  537.08   -0.53  16.848    0.68      -8
rccd041207.0074  545.36  543.98    2.48  12.729    0.53      52
                 545.71  542.74    2.45  11.969    0.49      48
rccd041209.0096  541.54  540.48    3.91   6.880    0.68      43
                 545.90  543.08    3.47  12.399    0.74      55
rccd041211.0093  546.19  544.08    2.68  13.118    0.37      49
                 550.70  541.53    2.01  20.015    0.65     -23
rccd041213.0098  550.77  537.86   -0.57  27.534    0.79      -9
                 560.23  535.63   -0.69   5.372    0.19      58
rccd041215.0075  545.91  544.17    2.29  13.368    0.38      48
                 551.66  541.14    1.06  20.015    0.72     -25
rccd041217.0097  544.41  543.85    2.41  13.258    0.54      52
                 546.82  541.93    2.32  13.348    0.24      40
rccd041219.0082  540.50  539.05    2.69   6.936    0.46      43
                 555.04  536.50   -0.59  16.978    0.72      -3
rccd050101.0115  545.29  544.16    2.39  13.558    0.54      54
                 552.53  538.40   -0.22  22.015    0.84     -15
rccd050103.0066  561.94  536.02   -0.72   6.092    0.12     -35
                 561.91  535.83   -0.65   6.024    0.14      89
rccd050106.0071  546.01  543.94    2.27  11.839    0.20      29
                 554.92  536.98   -0.57  17.868    0.72      -8
rccd050108.0105  544.00  543.42    2.47  12.659    0.64      51
                 546.13  543.13    2.46  12.699    0.77      54
rccd050110.0108  544.64  544.02    2.49  13.178    0.58      56
                 550.54  541.23    1.74  20.015    0.61     -22
rccd050112.0061  543.44  542.60    2.66  12.778    0.71      47
                 545.91  542.94    2.57  12.868    0.68      50
rccd050114.0060  546.17  543.71    2.23  13.468    0.19      17
                 557.07  535.57   -0.65  12.838    0.49      10
rccd050122.0098  544.53  544.05    2.58  12.958    0.64      58
                 545.95  542.55    2.60  12.359    0.75      53
rccd050125.0079  545.38  544.15    2.58  13.408    0.56      55
                 552.19  538.68    0.35  20.015    0.85     -18
rccd050126.0074  546.19  543.76    2.35  13.238    0.23      34
                 548.30  541.98    2.34  15.458    0.16      11
rccd050127.0090  540.83  540.17    3.16   7.512    0.31      13
                 545.97  543.36    2.49  13.078    0.89      54
rccd050202.0077  558.79  535.59   -0.49   9.239    0.17       3
                 549.59  542.23    2.39  20.015    0.38     -12
rccd050203.0067  544.50  544.17    2.49  12.888    0.61      56
                 546.01  542.88    2.47  12.299    0.71      55
rccd050205.0053  546.26  543.88    2.43  13.088    0.22      39
                 555.06  536.15   -0.44  17.138    0.73      -2
rccd050207.0090  545.23  544.07    2.48  13.178    0.58      55
                 550.32  541.37    1.82  20.015    0.56     -19
rccd050209.0086  546.36  544.13    2.30  13.048    0.21      37
                 555.27  536.06   -0.58  17.048    0.68       0
rccd050210.0034  546.30  543.97    2.34  12.888    0.35      47
                 552.00  538.99    0.46  20.015    0.83     -18
rccd050212.0068  546.21  543.91    2.20  13.278    0.18      18
                 554.95  536.74   -0.51  17.778    0.75      -7
rccd050213.0460  544.36  543.81    2.55  13.088    0.62      53
                 546.36  542.71    2.51  12.559    0.65      53
rccd050218.0098  550.23  537.82   -0.53  28.973    0.79      -8
                 559.18  535.61   -0.59   9.079    0.13      34
rccd050219.0079  545.33  544.05    2.40  13.158    0.19      25
                 555.09  536.66   -0.42  17.568    0.73      -6
rccd050224.0060  546.01  544.34    2.46  11.589    0.39      56
                 552.42  539.65    0.33  20.015    0.85     -22
rccd050225.0086  544.00  542.96    2.56  13.458    0.75      50
                 551.76  539.04    0.27  22.015    0.83     -17
rccd050228.0058  543.97  543.16    2.65  13.618    0.67      50
                 557.50  535.50   -0.58  12.429    0.42      13
rccd050303.0065  545.28  544.05    2.45  13.168    0.45      52
                 552.36  538.22    0.26  20.015    0.84     -14
rccd050305.0079  543.95  543.25    2.60  13.158    0.64      51
                 546.47  542.83    2.52  12.669    0.62      53
rccd050308.0053  550.69  538.23   -0.08  28.014    0.79     -11
                 561.30  535.63   -0.32   5.360    0.23      80
rccd050312.0078  545.36  544.26    2.49  13.578    0.48      53
                 548.37  542.14    2.25  16.118    0.24       0
rccd050315.0055  545.96  543.91    2.44  13.128    0.34      46
                 552.77  537.92   -0.21  22.015    0.84     -13
rccd050318.0064  544.58  543.92    3.33  12.758    0.70      61
                 546.16  542.95    3.39  12.599    0.86      55
rccd050323.0078  546.32  544.38    2.42   9.699    0.30      50
                 546.25  543.39    2.61  12.409    0.90      55
rccd050329.0083  549.46  539.88    0.01  28.014    0.84     -17
                 558.90  535.59   -0.58   9.459    0.23      32
rccd050330.0063  549.50  540.28   -0.00  28.014    0.84     -18
                 558.15  535.56   -0.56  11.139    0.31      21
rccd050331.0063  545.14  543.97    2.55  13.208    0.54      57
                 555.44  536.12   -0.48  16.588    0.68      -1
rccd050403.0039  549.96  538.64   -0.28  28.014    0.84     -13
                 556.36  535.52   -0.52  15.008    0.56       7
rccd050406.0057  548.88  542.56    0.82  26.014    0.74     -23
                 560.79  535.63   -0.61   5.208    0.22      72
rccd050409.0077  546.28  543.79    2.46  13.828    0.25      42
                 555.65  535.54   -0.47  16.638    0.69       3
rccd050412.0061  545.23  544.36    2.29  15.498    0.13      19
                 560.05  535.57   -0.60   7.016    0.18      59
rccd050415.0064  546.34  543.92    2.24  13.528    0.18       7
                 558.06  535.56   -0.58  11.299    0.33      17
rccd050417.0054  545.14  542.28    2.30  13.108    0.29      44
                 550.31  538.20    0.63  22.015    0.80     -12
rccd050430.0021  546.21  544.01    2.39  12.719    0.31      49
                 546.48  542.65    2.45  12.699    0.41      50
rccd050508.0072  546.36  543.78    2.79  13.648    0.18      10
                 559.49  535.62   -0.13   7.704    0.19      48
rccd050511.0027  542.25  540.30    4.51   5.308    0.88      46
                 546.38  543.04    3.82  13.428    0.75      56
rccd050513.0037  561.96  535.97   -0.62   6.700    0.11     -41
                 561.96  535.98   -0.62   6.708    0.11     -42
rccd050529.0029  546.34  543.79    2.34  13.598    0.19      26
                 556.23  535.60   -0.49  15.308    0.59       5
rccd050601.0031  545.55  544.18    2.52  13.418    0.45      54
                 552.03  538.98    0.51  20.015    0.83     -18
rccd050607.0014  546.24  544.01    2.82  13.288    0.29      48
                 548.41  541.95    2.69  16.728    0.28      -9
rccd050710.0019  545.56  543.92    2.49  13.028    0.33      54
                 552.23  539.16    0.27  22.015    0.85     -19
rccd050724.0016  548.56  542.57    1.41  26.014    0.69     -23
                 558.10  535.56   -0.46  11.479    0.37      16
rccd060109.0081  545.21  544.07    2.75  13.178    0.60      54
                 546.26  543.00    2.73  12.958    0.52      51
rccd060110.0083  545.28  544.18    2.77  12.968    0.61      56
                 546.21  542.93    2.77  12.539    0.62      55
rccd060111.0088  544.69  543.80    2.63  12.459    0.72      54
                 546.12  543.36    2.62  12.479    0.83      55
rccd060112.0096  546.76  543.83    2.24  13.108    0.32     -13
                 552.35  538.89    0.41  20.015    0.84     -18
rccd060114.0109  550.16  538.72   -0.12  28.014    0.84     -13
                 555.22  535.76   -0.31  17.238    0.71       1
rccd060116.0081  545.82  543.82    2.58  13.198    0.46      50
                 552.25  538.12    0.18  22.015    0.84     -14
rccd060117.0079  549.15  540.25    0.27  28.014    0.84     -17
                 556.14  535.54   -0.37  15.548    0.58       6
rccd060118.0103  544.74  543.67    2.68  13.378    0.53      50
                 555.88  535.39   -0.36  15.688    0.65       7
rccd060119.0092  547.36  543.25    2.25  14.148    0.47     -17
                 556.14  535.53   -0.37  15.108    0.60       6
rccd060120.0098  549.52  542.47    0.45  28.014    0.85     -25
                 550.56  541.32    1.91  20.015    0.71     -22
rccd060121.0104  546.78  543.52    2.50  12.988    0.36      -8
                 552.29  538.87    0.29  22.015    0.84     -18
rccd060122.0072  551.44  537.35   -0.35  25.974    0.76      -6
                 560.35  535.70   -0.41   6.056    0.26      71
rccd060123.0082  545.62  543.95    2.59  12.878    0.51      56
                 551.50  539.39    0.44  22.015    0.84     -18
rccd060124.0089  545.98  543.80    2.47  13.278    0.29      52
                 550.45  541.17    1.44  22.015    0.70     -21
rccd060125.0105  544.61  543.46    2.66  12.918    0.60      53
                 551.71  539.37    0.87  20.015    0.83     -19
rccd060126.0089  545.42  543.90    2.68  13.038    0.60      53
                 546.39  542.82    2.65  12.788    0.57      52
rccd060127.0059  545.33  543.81    2.64  13.388    0.52      51
                 551.97  539.41    0.71  20.015    0.82     -20
rccd060128.0086  542.76  540.78    2.96   6.456    0.74      48
                 546.19  542.64    2.67  12.579    0.61      54
rccd060129.0101  545.55  543.93    2.70  13.088    0.51      55
                 552.00  538.76    0.25  22.015    0.85     -17
rccd060130.0048  550.76  536.42   -0.26  28.014    0.81      -3
                 543.42  538.32    3.49   1.665    0.97      79
rccd060131.0022  547.97  542.86    1.61  26.014    0.59     -19
                 556.36  535.50   -0.42  14.568    0.54       8
rccd060203.0131  544.55  543.06    3.71  12.679    0.73      53
                 545.95  542.76    3.64  12.699    0.57      57
rccd060204.0076  547.92  541.80    1.40  26.014    0.72     -17
                 561.99  535.74   -0.53   4.508    0.31     -87
rccd060205.0113  545.25  544.11    2.65  12.908    0.56      55
                 546.26  542.87    2.62  12.619    0.51      53
rccd060206.0070  546.71  543.65    2.25  13.528    0.25     -11
                 557.91  535.61   -0.46  11.509    0.33      17
rccd060207.0089  546.52  544.14    2.40  11.999    0.12      51
                 556.09  535.56   -0.43  15.078    0.58       6
rccd060208.0053  546.70  543.39    2.14  12.758    0.41     -16
                 560.66  535.68   -0.51   5.544    0.35      76
rccd060209.0056  543.05  542.76    2.83  14.598    0.67      45
                 549.88  541.80    2.23  20.015    0.55     -19
rccd060210.0062  544.60  543.09    2.68  12.778    0.81      53
                 551.96  539.46    0.78  20.015    0.83     -20
rccd060211.0077  546.52  543.90    2.50  11.939    0.24      -3
                 552.37  539.17    0.54  20.015    0.85     -20
rccd060212.0079  549.70  538.03   -0.06  28.014    0.83      -9
                 561.98  535.69   -0.46   5.076    0.37      85
rccd060216.0061  545.49  543.74    2.75  12.928    0.47      54
                 552.22  538.40    0.50  20.015    0.84     -15
rccd060217.0063  551.37  537.63   -0.44  25.734    0.79      -8
                 556.48  535.62   -0.41  14.428    0.53       7
rccd060218.0091  546.37  543.64    2.41  13.428    0.22       0
                 552.48  538.55    0.10  22.015    0.84     -16
rccd060219.0077  546.55  543.39    2.32  13.798    0.25      -6
                 556.94  535.62   -0.46  13.528    0.42      11
rccd060220.0084  544.61  543.32    2.65  12.689    0.69      53
                 549.47  541.71    2.26  20.015    0.43     -14
rccd060221.0085  549.59  540.73    0.08  28.014    0.85     -19
                 557.99  535.65   -0.48  11.479    0.29      18
rccd060222.0089  546.21  543.89    2.49  12.559    0.33      44
                 549.18  541.83    2.11  22.015    0.43     -15
rccd060223.0105  543.54  541.97    2.78  14.368    0.77      50
                 547.94  542.35    2.47  14.678    0.24      29
rccd060224.0078  551.44  537.31   -0.45  25.314    0.76      -5
                 557.18  535.59   -0.43  12.858    0.41      12
rccd060225.0114  546.34  543.68    2.60  13.928    0.21      38
                 555.98  535.56   -0.33  16.058    0.61       5
rccd060226.0079  560.24  535.62   -0.51   5.388    0.07     -32
                 552.27  538.96    0.19  22.015    0.84     -19
rccd060302.0085  546.19  543.93    2.50  13.308    0.24      44
                 558.76  535.60   -0.48   9.709    0.22      28
rccd060303.0116  550.15  538.48   -0.22  28.014    0.83     -11
                 559.60  535.66   -0.48   8.839    0.22      64
rccd060304.0067  551.58  537.14   -0.42  25.954    0.74      -5
                 560.66  535.68   -0.47   5.476    0.22      74
rccd060305.0068  544.61  543.16    2.64  12.539    0.70      53
                 546.14  543.05    2.56  12.569    0.63      54
rccd060306.0066  546.12  543.78    2.52  13.328    0.35      48
                 555.17  536.33   -0.36  16.948    0.70      -2
rccd060307.0075  546.16  543.82    2.52  12.878    0.31      47
                 553.71  537.08   -0.31  22.015    0.80      -9
rccd060308.0063  549.91  538.71   -0.14  28.014    0.85     -12
                 558.75  535.64   -0.46   9.769    0.22      32
rccd060309.0080  545.51  543.75    2.62  12.888    0.63      53
                 546.11  543.07    2.71  12.409    0.88      56
rccd060310.0050  551.34  537.71   -0.44  25.894    0.80      -8
                 559.45  535.61   -0.46   8.109    0.25      54
rccd060318.0057  548.67  542.40    1.28  26.014    0.74     -18
                 560.46  535.68   -0.47   6.668    0.35      77
rccd060320.0100  546.19  543.89    2.58  12.938    0.33      48
                 552.47  538.08    0.33  20.015    0.83     -14
rccd060321.0051  545.54  543.93    2.33  13.168    0.35     -12
                 554.95  536.43   -0.31  17.568    0.74      -4
rccd060322.0072  546.93  543.11    2.24  14.308    0.30      -6
                 559.06  535.64   -0.42   9.569    0.18      45
rccd060324.0041  544.66  543.37    2.70  12.379    0.65      52
                 546.27  543.01    2.69  12.599    0.64      54
rccd060326.0047  546.18  543.45    2.44  12.868    0.16      16
                 551.73  539.28    0.46  22.015    0.83     -18
rccd060328.0056  545.37  543.91    2.64  13.348    0.44      51
                 553.68  537.22   -0.18  22.015    0.80     -10
rccd060403.0033  547.32  543.19    2.18  14.578    0.41     -16
                 555.82  535.59   -0.35  15.958    0.63       4
rccd060404.0049  546.24  543.79    2.59  12.798    0.21      43
                 554.47  537.17   -0.32  18.775    0.75      -9
rccd060406.0051  544.37  542.68    2.78  13.268    0.69      51
                 553.83  537.66   -0.02  20.015    0.82     -14
rccd060407.0062  543.02  541.76    2.55  10.499    0.69      41
                 545.63  540.51    2.52  14.748    0.48      38
rccd060417.0024  549.43  539.12    0.33  26.014    0.82     -14
                 560.64  535.68   -0.45   5.832    0.26      76
rccd060419.0033  553.48  535.63   -0.49  21.755    0.63       4
                 559.10  535.63   -0.43   9.349    0.17      38
rccd060420.0039  547.62  543.07    2.03  15.838    0.56     -19
                 559.10  535.62   -0.43   9.119    0.20      36
rccd060421.0039  548.78  542.20    1.24  26.014    0.73     -21
                 555.67  535.60   -0.31  16.528    0.65       3
rccd060422.0059  545.27  543.69    2.75  12.729    0.49      52
                 552.13  538.97    0.71  20.015    0.82     -17
rccd060423.0038  546.24  543.77    2.62  13.488    0.27      44
                 555.12  535.74   -0.27  17.098    0.71       1
rccd060424.0028  529.59  542.62    4.66   2.652    0.89      41
                 555.98  535.74   -0.28  15.338    0.62       3
rccd060425.0045  553.86  535.62   -0.46  21.415    0.60       4
                 561.68  535.64   -0.45   5.148    0.26      84
rccd060426.0053  550.10  538.02   -0.05  28.014    0.82     -10
                 558.27  535.57   -0.38  11.329    0.26      19
rccd060427.0061  557.81  535.70   -0.50  12.289    0.23       2
                 558.83  535.61   -0.40  10.119    0.18      35
rccd060430.0062  546.29  543.90    2.55  13.168    0.23      39
                 555.33  535.94   -0.28  16.998    0.72      -1
rccd060505.0055  548.04  543.18    2.22  16.758    0.59     -16
                 558.78  535.57   -0.15   9.879    0.22      31
rccd060506.0055  547.28  543.27    1.98  14.678    0.56     -17
                 555.80  535.59   -0.32  16.178    0.61       4
rccd060507.0016  549.38  540.55    0.60  26.014    0.83     -18
                 557.51  535.59   -0.32  12.569    0.41      12
rccd060507.0022  545.45  544.09    2.79  12.898    0.53      58
                 549.46  541.64    2.34  20.015    0.48     -13
rccd060507.0024  545.36  544.42    2.93  12.908    0.50      59
                 554.59  536.39    0.02  18.475    0.73      -3
rccd060507.0030  545.56  544.15    2.82  12.359    0.55      57
                 546.38  542.73    2.81  12.758    0.51      51
rccd060507.0035  541.91  539.27    3.45   5.084    0.16       3
                 546.39  542.87    2.76  12.489    0.79      58
rccd060507.0043  544.09  542.98    2.89  13.368    0.73      50
                 546.80  542.77    2.83  12.499    0.71      54
rccd060507.0048  544.06  542.45    2.88  14.458    0.76      50
                 554.60  537.48   -0.08  20.015    0.78     -13
rccd060508.0040  548.84  542.10    1.25  26.014    0.72     -20
                 554.00  537.19   -0.21  22.015    0.79     -10
rccd060509.0036  546.08  543.84    2.64  12.898    0.26      42
                 546.11  543.26    2.76  12.998    0.77      56
rccd060510.0029  545.23  544.32    2.68  12.369    0.61      60
                 546.47  543.47    2.83  13.208    0.91      56
rccd070407.0044  546.05  543.85    2.51  12.768    0.39      49
                 552.08  539.47    0.62  20.015    0.83     -20
rccd070408.0050  545.58  543.68    3.27  12.838    0.62      53
                 549.91  541.61    2.54  22.015    0.57     -17
rccd070409.0039  546.21  544.22    2.85   9.459    0.31      51
                 555.27  536.70   -0.01  17.158    0.67      -5
rccd070411.0020  545.53  544.02    3.06  13.088    0.51      55
                 554.88  536.93    0.04  18.055    0.73      -8
rccd070412.0040  544.70  543.54    2.59  12.579    0.58      51
                 546.33  543.10    2.58  12.609    0.59      53
rccd070414.0048  548.75  541.29    0.88  26.014    0.74     -20
                 557.40  535.50   -0.49  13.148    0.44      12
rccd070417.0058  545.56  544.20    2.54  13.328    0.46      51
                 549.19  542.08    2.38  18.015    0.32     -12
rccd070418.0002  549.84  538.43    0.82  28.014    0.85     -11
                 559.17  535.66    0.46   8.979    0.17      36
rccd070419.0008  546.18  544.23    2.57  12.599    0.32      48
                 555.17  536.82   -0.28  17.388    0.72      -7
rccd070421.0002  554.54  535.74   -0.51  21.075    0.52       3
                 562.11  535.74   -0.49   5.376    0.16     -85
rccd070424.0045  551.38  536.17   -0.44  26.574    0.74      -1
                 562.05  535.74   -0.54   5.220    0.24      87
rccd070425.0022  549.54  540.20    0.31  26.014    0.83     -18
                 559.51  535.64   -0.54   7.644    0.17      49
rccd070426.0032  544.66  543.80    2.54  12.808    0.61      54
                 551.99  539.10    0.57  20.015    0.83     -17
rccd070427.0026  548.09  543.00    1.80  24.014    0.58     -18
                 555.64  535.68   -0.40  16.408    0.68       2
rccd070428.0032  550.40  538.10   -0.27  28.014    0.80     -10
                 561.43  535.67   -0.56   5.072    0.23      84
rccd070429.0042  549.97  538.63   -0.22  28.014    0.82     -11
                 559.84  535.62   -0.55   6.960    0.15      59
rccd070509.0032  549.82  539.44   -0.18  28.014    0.85     -15
                 553.31  537.78   -0.03  20.015    0.84     -14
rccd070510.0109  531.82  557.72    2.15  43.631    0.71     -55
                 558.11  535.57    0.07  11.249    0.30      18
rccd070511.0039  545.79  544.66    4.29   9.629    0.43      53
                 547.60  543.63    4.30   9.599    0.60      50
rccd070514.0048  549.55  541.03    0.44  26.014    0.82     -21
                 558.71  535.56   -0.49   9.779    0.24      24
rccd070516.0030  546.28  543.71    2.39  13.568    0.15      30
                 555.52  536.22   -0.47  16.548    0.66      -1
rccd070517.0044  545.59  544.13    2.53  13.538    0.32      47
                 553.48  537.69   -0.20  22.015    0.83     -13
rccd070518.0040  549.01  541.35    0.81  26.014    0.77     -20
                 562.11  535.64   -0.58   4.028    0.18     -42
rccd070519.0045  550.74  537.95   -0.36  27.514    0.81      -9
                 560.66  535.62   -0.49   5.196    0.18      72
rccd070520.0024  549.55  538.50    0.20  26.014    0.79     -12
                 561.99  535.64   -0.52   5.264    0.21      86
rccd070521.0018  548.94  541.85    0.89  26.014    0.78     -22
                 556.30  535.59   -0.40  15.218    0.58       5
rccd070522.0029  546.31  543.71    2.45  13.638    0.20      27
                 554.45  536.10   -0.23  20.015    0.78      -2
rccd070523.0025  548.09  542.99    1.76  24.014    0.60     -20
                 559.47  535.57   -0.51   7.836    0.17      44
rccd070525.0020  551.39  537.62   -0.47  26.254    0.79      -8
                 559.48  535.62   -0.51   7.584    0.16      46
rccd070526.0026  553.45  535.71   -0.53  22.694    0.61       3
                 562.00  535.75   -0.54   5.488    0.18     -87
rccd070602.0047  557.74  535.62   -0.58  11.969    0.29       3
                 557.06  535.60   -0.50  13.348    0.47      10
rccd070603.0015  552.56  535.62   -0.50  24.154    0.69       3
                 561.59  535.58   -0.51   4.912    0.24      82
rccd070604.0021  549.20  540.81    0.57  26.014    0.81     -19
                 558.02  535.53   -0.49  11.599    0.33      16
rccd070605.0016  549.61  539.33    0.04  28.014    0.82     -15
                 560.65  535.57   -0.53   5.676    0.20      74
rccd070606.0015  550.83  538.02   -0.44  27.474    0.81     -10
                 558.19  535.51   -0.51  11.389    0.30      17
rccd070609.0019  551.48  537.23   -0.44  26.174    0.77      -6
                 559.98  535.59   -0.49   6.612    0.17      62
rccd070611.0002  549.85  538.57    1.36  28.014    0.86     -12
                 553.33  537.55    1.38  22.015    0.83     -12
rccd070616.0023  545.27  544.05    3.69  13.928    0.21      49
                 556.72  535.62    0.66  14.718    0.54       5
rccd070620.0002  548.28  543.02    1.75  24.014    0.61     -20
                 557.63  535.56   -0.42  12.519    0.39      12
rccd070622.0012  550.06  538.97   -0.20  28.014    0.85     -13
                 557.31  535.60   -0.45  12.719    0.43      11
rccd070623.0006  552.16  536.24   -0.50  24.714    0.71       0
                 562.03  535.70   -0.52   4.980    0.25      89
rccd070625.0020  549.56  538.27   -0.04  28.014    0.82     -10
                 562.01  535.66   -0.50   4.828    0.20      88
rccd070626.0018  546.86  543.47    2.23  14.468    0.37     -13
                 561.38  535.62   -0.49   4.724    0.24      79
rccd080202.0129  553.02  535.67   -0.81  23.774    0.65       3
                 562.04  535.69   -0.82   5.424    0.19     -87
rccd080203.0052  546.32  543.59    2.13  13.578    0.17       1
                 555.42  536.11   -0.59  16.618    0.67      -1
rccd080205.0042  547.91  542.80    1.55  15.958    0.57     -18
                 558.12  535.54   -0.79  11.269    0.30      18
rccd080210.0132  545.28  543.95    2.33  13.048    0.46      51
                 548.69  542.36    2.08  16.688    0.25      -7
rccd080212.0057  545.74  543.84    2.35  13.578    0.32      45
                 553.82  537.46   -0.50  22.015    0.78     -11
rccd080214.0052  544.52  543.57    2.43  12.319    0.63      53
                 546.22  543.02    2.42  12.399    0.68      54
rccd080216.0061  526.97  538.52    3.81   4.008    0.95      70
                 556.24  535.55   -0.45  15.108    0.58       6
rccd080222.0058  550.17  538.69   -0.45  28.014    0.84     -13
                 554.46  536.59   -0.57  19.755    0.76      -6
rccd080224.0067  545.34  543.83    2.35  13.348    0.47      49
                 555.22  535.41   -0.61  17.368    0.73       3
rccd080227.0033  544.75  543.58    2.39  12.569    0.68      53
                 546.33  542.93    2.37  12.599    0.65      53
rccd080301.0052  545.37  544.09    2.33  13.238    0.48      54
                 546.42  542.63    2.31  12.729    0.46      51
rccd080310.0056  557.69  535.81   -0.81  13.618    0.20       3
                 562.05  535.73   -0.77   5.912    0.15     -83
rccd080316.0040  548.90  542.55    0.94  26.014    0.73     -23
                 558.81  535.59   -0.74   9.619    0.24      29
rccd080325.0057  546.81  543.60    1.94  13.718    0.35     -11
                 555.64  535.54   -0.59  16.768    0.67       3
rccd080328.0062  546.15  544.10    2.26  13.118    0.34      48
                 552.93  537.79   -0.37  22.015    0.84     -12
rccd080329.0079  546.08  544.24    2.31  12.619    0.40      51
                 552.27  538.57   -0.18  22.015    0.84     -16
rccd080331.0064  546.28  543.72    2.22  13.208    0.25      32
                 553.10  537.74   -0.18  20.015    0.84     -12
rccd080402.0064  546.89  543.42    2.05  13.548    0.30     -10
                 555.11  536.53   -0.57  17.438    0.72      -5
rccd080402.0068  546.35  543.95    2.31  12.998    0.15      21
                 556.67  535.63   -0.61  14.178    0.54       7
rccd080403.0068  546.29  544.18    2.35  13.758    0.27      39
                 555.65  535.50   -0.49  16.828    0.72       3
rccd080408.0050  545.45  543.90    2.40  13.178    0.44      51
                 548.57  541.99    2.21  17.018    0.24       1
rccd080410.0056  545.45  544.16    2.45  12.898    0.53      53
                 548.01  542.25    2.40  14.618    0.22      27
rccd080412.0057  545.35  544.11    2.38  13.188    0.47      55
                 552.07  538.80   -0.10  22.015    0.86     -18
rccd080415.0041  550.56  538.09   -0.36  27.494    0.82     -10
                 558.89  535.59   -0.46   9.619    0.22      32
rccd080417.0044  545.18  543.63    2.40  12.519    0.61      51
                 547.24  541.93    2.43  12.938    0.37      51
rccd080419.0060  543.46  541.65    2.67   9.579    0.83      49
                 550.29  541.17    1.68  20.015    0.59     -22
rccd080422.0049  550.09  538.07   -0.36  28.014    0.85     -10
                 558.62  535.58   -0.69  10.269    0.27      23
rccd080423.0041  545.43  543.96    2.43  13.478    0.46      50
                 557.51  535.51   -0.67  12.629    0.43      12
rccd080425.0043  549.95  538.41   -0.38  28.014    0.84     -12
                 557.34  535.55   -0.69  12.908    0.43      10
rccd080427.0002  549.55  539.92    0.46  28.014    0.83     -16
                 558.11  535.58   -0.10  11.479    0.28      18
rccd080430.0025  550.68  536.78   -0.48  28.014    0.78      -4
                 562.04  535.66   -0.72   5.164    0.22      87
rccd080504.0024  545.36  544.15    2.40  13.178    0.52      54
                 548.09  542.26    2.20  15.248    0.18      13
rccd080506.0027  546.26  543.71    2.21  13.298    0.24      41
                 546.23  542.76    2.55  12.339    0.74      54
rccd080507.0040  546.48  543.68    2.17  13.798    0.19      15
                 556.00  535.50   -0.60  16.148    0.63       4
rccd080508.0021  546.30  543.72    2.16  13.188    0.14      12
                 552.91  537.73   -0.34  22.015    0.84     -13
rccd080510.0029  550.40  538.25   -0.49  28.014    0.83     -11
                 559.55  535.58   -0.72   7.580    0.17      50
rccd080511.0022  546.31  543.65    2.21  13.258    0.16      21
                 555.42  536.02   -0.62  16.668    0.68       0
rccd080512.0035  543.94  543.26    2.44  13.158    0.65      50
                 546.53  542.78    2.44  12.599    0.67      52
rccd080514.0025  544.31  543.19    2.49  12.808    0.73      53
                 550.98  541.40    1.41  20.015    0.71     -23
rccd080515.0031  546.04  543.90    2.38  13.848    0.33      42
                 555.62  535.52   -0.55  16.728    0.70       3
rccd080521.0031  544.49  543.00    2.44  13.528    0.62      51
                 556.43  535.48   -0.65  14.978    0.57       7
rccd080524.0030  546.62  543.39    2.01  13.888    0.33      -8
                 555.88  535.68   -0.63  16.078    0.61       3
rccd080525.0005  548.80  542.47    1.94  26.014    0.72     -21
                 555.42  535.65    0.29  16.888    0.70       1
rccd080606.0031  550.16  537.93   -0.35  28.014    0.82     -10
                 560.71  535.58   -0.70   5.476    0.21      73
rccd080609.0019  548.85  541.71    0.74  26.014    0.76     -21
                 560.29  535.60   -0.70   6.116    0.20      70
rccd080611.0016  546.33  543.53    2.22  13.118    0.14      19
                 555.60  535.63   -0.59  16.468    0.67       3
rccd080612.0009  546.02  543.68    2.41  13.088    0.32      47
                 555.52  535.62   -0.54  16.618    0.70       2
rccd080615.0005  543.22  542.18    2.74  10.059    0.74      48
                 546.23  543.23    2.57  12.419    0.85      54
rccd080622.0006  551.52  537.34   -0.63  26.214    0.78      -7
                 560.66  535.60   -0.67   5.296    0.19      73
rccd080625.0030  551.77  536.76   -0.61  25.994    0.75      -4
                 560.72  535.62   -0.66   5.488    0.16      72
rccd080627.0032  546.41  543.48    2.28  13.108    0.14      18
                 557.44  535.62   -0.60  12.738    0.46       9
rccd080628.0037  550.98  537.52    0.14  28.014    0.80      -8
                 557.76  535.64    0.00  12.918    0.38      10
rccd080701.0004  551.57  535.95   -0.56  27.074    0.71       0
                 562.13  535.79   -0.72   6.060    0.11     -67
rccd080702.0008  546.43  543.07    2.15  12.429    0.20       0
                 560.33  535.51   -0.70   6.320    0.25      64
rccd080704.0009  548.82  541.62    0.71  26.014    0.76     -21
                 559.64  535.57   -0.70   7.144    0.15      46
rccd080713.0013  548.86  542.67    0.98  26.014    0.79     -22
                 555.15  536.24   -0.54  17.438    0.74      -3
rccd080718.0015  551.51  537.54   -0.60  26.294    0.79      -7
                 558.05  535.60   -0.62  11.709    0.33      13
rccd080729.0004  548.22  541.99    1.35  24.014    0.65     -21
                 558.31  535.60   -0.58  11.579    0.31      15
rccd080804.0006  551.39  536.84   -0.58  26.734    0.76      -4
                 561.46  535.61   -0.66   5.052    0.18      79
rccd080807.0006  548.64  541.76    0.92  26.014    0.72     -21
                 558.82  535.62   -0.71   9.719    0.24      22
rccd081129.0081  544.59  543.96    2.35  12.978    0.48      52
                 546.24  543.03    2.33  12.449    0.57      53
rccd081205.0082  546.22  543.95    2.21  12.988    0.16      26
                 554.90  536.34   -0.58  17.368    0.75      -4
rccd081208.0065  548.89  542.76    0.90  26.014    0.77     -24
                 556.95  535.53   -0.68  13.128    0.52       9
rccd081214.0080  543.03  542.96    2.56  13.598    0.66      45
                 546.13  543.14    2.48  12.729    0.88      53
rccd081217.0081  543.14  542.55    2.57  13.788    0.70      48
                 545.97  543.02    2.48  12.259    0.87      55
rccd081220.0067  546.25  544.08    2.28  12.719    0.31      49
                 554.78  536.84   -0.63  17.988    0.76      -8
rccd081224.0055  544.53  544.25    2.41  13.148    0.50      54
                 546.11  542.94    2.39  12.379    0.62      53
rccd081227.0107  544.65  544.15    2.47  13.548    0.55      49
                 546.34  543.25    2.36  13.198    0.49      47
rccd090105.0068  545.38  544.22    2.39  13.288    0.47      52
                 546.27  543.01    2.37  12.908    0.49      51
rccd090108.0072  550.72  538.12   -0.58  27.594    0.80      -9
                 561.50  535.69   -0.73   4.696    0.24      78
rccd090112.0034  545.41  543.79    2.46  12.948    0.52      51
                 552.11  538.93   -0.09  22.015    0.86     -19
rccd090115.0047  543.11  542.45    2.60  14.058    0.67      48
                 546.08  542.96    2.49  12.179    0.84      55
rccd090119.0069  544.63  543.65    2.51  12.709    0.61      53
                 549.83  541.72    2.00  20.015    0.54     -18
rccd090123.0076  544.02  543.09    2.57  12.868    0.73      51
                 546.10  543.03    2.48  12.189    0.74      55
rccd090127.0060  546.47  543.22    2.08  13.238    0.19       0
                 553.37  537.61   -0.32  20.015    0.83     -13
rccd090131.0059  546.22  543.70    2.27  12.918    0.21      38
                 555.01  536.78   -0.63  17.218    0.73      -7
rccd090204.0049  545.90  544.01    2.32  12.878    0.44      51
                 546.14  542.85    2.36  12.519    0.51      52
rccd090208.0048  544.19  542.78    2.42  13.778    0.72      49
                 555.23  535.77   -0.61  17.178    0.71       1
rccd090212.0046  546.44  543.81    2.23  12.798    0.18       5
                 555.24  536.56   -0.68  16.928    0.68      -3
rccd090216.0041  546.28  543.54    2.20  13.198    0.19       0
                 556.07  535.55   -0.66  15.058    0.58       7
rccd090219.0073  546.16  543.69    2.50  12.958    0.16      24
                 552.08  538.82    0.25  22.015    0.85     -17
rccd090222.0059  545.62  543.45    2.37  14.078    0.33      42
                 554.36  536.37   -0.35  20.015    0.77      -6
rccd090225.0047  544.31  543.37    2.49  12.639    0.58      52
                 546.21  542.76    2.39  12.679    0.48      53
rccd090228.0071  550.30  537.89   -0.52  28.014    0.84      -9
                 559.10  535.65   -0.73   9.019    0.19      37
rccd090303.0071  562.04  536.21   -0.85   9.159    0.09       0
                 562.04  536.21   -0.85   9.159    0.09       0
rccd090309.0061  546.05  543.77    2.32  14.398    0.34      43
                 555.77  535.34   -0.55  16.338    0.69       6
rccd090312.0057  545.53  544.19    2.39  13.048    0.49      57
                 546.23  542.88    2.35  12.439    0.51      52
rccd090315.0040  546.53  543.65    2.10  13.468    0.28      -6
                 556.51  535.61   -0.60  14.558    0.55       7
rccd090318.0047  546.34  543.91    2.31  13.208    0.18      32
                 555.22  536.26   -0.58  16.968    0.72      -2
rccd090321.0058  544.88  543.57    2.46  12.429    0.56      54
                 546.34  542.80    2.49  12.289    0.71      55
rccd090324.0063  546.31  543.77    2.34  13.328    0.19      34
                 555.18  535.55   -0.50  17.478    0.75       2
rccd090327.0047  546.11  543.83    2.34  12.918    0.36      49
                 552.36  538.68   -0.15  22.015    0.84     -17
rccd090330.0062  544.62  543.00    2.37  13.128    0.51      55
                 553.96  537.14   -0.45  20.015    0.86     -10  *
rccd090402.0037  544.27  543.19    2.56  12.699    0.71      51
                 546.49  542.57    2.52  12.289    0.73      54
rccd090405.0045  546.06  543.89    2.30  12.878    0.18      24
                 552.95  537.97   -0.28  22.015    0.84     -14
rccd090407.0049  546.57  543.77    2.30  12.199    0.20      28
                 548.30  542.12    2.23  15.168    0.28       8
rccd090410.0030  546.34  544.04    2.37  11.939    0.14      14
                 552.43  539.11    0.19  20.015    0.86     -19
rccd090413.0040  548.70  542.91    1.04  26.014    0.73     -24
                 555.40  536.38   -0.66  16.868    0.66      -2
rccd090416.0056  549.54  537.83    0.08  26.014    0.77     -10
                 560.14  535.56   -0.62   6.832    0.14      64
rccd090418.0039  549.98  538.19   -0.22  28.014    0.79     -11
                 560.04  535.61   -0.60   5.800    0.09      53
rccd090420.0045  544.05  543.53    2.55  13.028    0.61      52
                 548.80  541.96    2.16  16.958    0.23      -2
rccd090423.0028  544.63  544.24    2.41  12.838    0.51      53
                 546.29  543.03    2.39  12.599    0.59      53
rccd090424.0012  541.96  541.59    2.67   8.319    0.57      39
                 546.07  543.20    2.42  12.599    0.75      54
rccd090424.0022  544.55  544.12    2.37  12.689    0.52      54
                 546.20  543.13    2.34  12.489    0.56      53
rccd090424.0030  546.17  544.32    2.30  12.339    0.32      49
                 549.81  541.91    1.73  22.015    0.53     -17
rccd090424.0038  546.16  544.13    2.34  12.729    0.30      45
                 552.04  539.11    0.04  22.015    0.86     -18
rccd090424.0046  545.94  544.07    2.36  12.878    0.43      51
                 552.11  539.06   -0.06  22.015    0.85     -19
rccd090429.0057  546.23  543.97    2.17  13.118    0.16      14
                 555.46  536.29   -0.63  16.748    0.67      -2
rccd090502.0034  545.53  544.07    2.41  13.578    0.56      53
                 551.32  540.16    1.02  20.015    0.71     -21
rccd090504.0032  554.92  535.68   -0.78  20.315    0.52       5
                 546.34  542.68    2.93   2.202    0.75      57
rccd090507.0048  551.93  536.58   -0.74  25.154    0.75      -2
                 561.97  535.66   -0.76   5.748    0.26     -78
rccd090510.0020  544.78  544.09    2.45  12.539    0.57      53
                 549.77  541.95    2.06  20.015    0.47     -17
rccd090513.0038  546.68  543.73    2.01  14.008    0.33     -11
                 558.12  535.63   -0.72  11.349    0.30      17
rccd090515.0028  545.42  544.11    2.38  13.448    0.50      51
                 548.72  542.12    2.09  16.828    0.29      -5
rccd090516.0028  546.33  543.95    2.58  12.988    0.32      44
                 553.73  537.65   -0.05  20.015    0.82     -14
rccd090518.0031  549.07  542.30    0.72  26.014    0.76     -23
                 558.90  535.61   -0.73   9.719    0.21      30
rccd090521.0022  544.68  544.02    2.50  12.709    0.62      55
                 546.49  542.87    2.45  12.419    0.59      52
rccd090523.0021  546.33  543.99    2.22  13.178    0.23      36
                 553.84  537.64   -0.50  22.015    0.80     -12
rccd090604.0015  547.36  542.74    1.61  24.014    0.61     -19
                 562.02  535.84   -0.74   5.088    0.13     -72
rccd090605.0014  550.05  538.77   -0.37  28.014    0.85     -12
                 557.52  535.61   -0.68  12.519    0.40      12
rccd090607.0021  546.01  544.44    2.32  12.079    0.26      42
                 561.13  535.67   -0.73   4.688    0.26      80
rccd090610.0025  546.67  543.86    2.08  13.068    0.20      -9
                 555.10  536.97   -0.62  17.608    0.72      -8
rccd090612.0026  548.90  541.45    0.68  26.014    0.75     -22
                 559.23  535.61   -0.68   9.349    0.19      34
rccd090613.0009  546.00  544.12    2.44  13.258    0.32      46
                 553.89  537.80   -0.40  22.015    0.80     -13
rccd110331.0054  547.17  543.72    2.24  13.918    0.35     -15
                 556.77  535.69   -0.39  14.198    0.56       4
rccd110402.0056  546.59  543.99    2.32  13.318    0.15      -4
                 556.54  535.60   -0.40  14.878    0.59       4
rccd110407.0068  549.02  543.27    1.24  26.014    0.72     -25
                 558.82  535.59   -0.50   9.569    0.25      28
rccd110421.0053  549.10  538.96    0.32  26.014    0.80     -13
                 559.04  535.65   -0.51   9.579    0.17      29
rccd110424.0045  544.05  543.77    2.64  13.168    0.62      51
                 546.66  543.12    2.62  12.299    0.67      53
rccd110507.0040  528.14  544.37    5.42   0.977    0.96      29
                 560.01  535.64    0.87   6.344    0.17      67
rccd110510.0057  546.41  544.29    2.38  12.738    0.22      39
                 559.49  535.59   -0.52   7.584    0.20      44
rccd110519.0013  552.92  535.68   -0.54  23.114    0.64       3
                 562.07  535.73   -0.52   5.124    0.29      87
rccd110524.0030  552.42  535.79   -0.49  24.854    0.67       2
                 561.61  535.69   -0.51   5.380    0.18      82
rccd110602.0064  552.26  535.76   -0.43  25.274    0.72       1
                 561.84  535.70   -0.47   4.956    0.14      78
rccd110625.0031  550.63  538.44   -0.32  28.014    0.82     -12
                 559.07  535.61   -0.51   9.559    0.21      31
rccd110628.0013  549.56  538.62    0.19  26.014    0.80     -13
                 560.19  535.62   -0.51   6.980    0.14      57
rccd110719.0011  552.94  535.65   -0.45  24.294    0.67       3
                 562.12  535.65   -0.46   5.148    0.14      82
rccd110722.0002  553.59  535.69   -0.51  22.335    0.62       3
                 562.05  535.65   -0.51   5.376    0.13     -78
rccd110724.0002  559.95  535.79   -0.54   7.776    0.12     -21
                 562.01  535.77   -0.52   6.292    0.11     -50
rccd120420.0050  546.23  544.24    2.47  13.028    0.18      34
                 554.31  537.59   -0.18  20.015    0.80     -13
rccd120423.0052  551.62  536.66   -0.37  26.434    0.74      -3
                 561.56  535.57   -0.45   5.372    0.18      83
rccd120430.0033  548.31  543.26    1.81  16.808    0.63     -24
                 554.51  536.77   -0.18  20.015    0.80      -9
rccd120503.0013  547.45  543.59    2.24  13.938    0.51     -23
                 556.69  535.48   -0.22  14.558    0.57       6
rccd120506.0045  542.11  542.06    3.56   9.559    0.72      38
                 556.62  535.54    0.01  14.448    0.58       6
rccd120509.0025  544.74  544.22    2.70  13.028    0.58      54
                 551.19  540.27    1.36  20.015    0.73     -23
rccd120512.0039  546.86  543.89    2.44  12.898    0.23      -8
                 555.99  535.54   -0.33  15.828    0.65       3
rccd120513.0040  549.68  539.66    0.14  28.014    0.83     -16
                 559.49  535.55   -0.43   7.760    0.18      42
rccd120516.0045  545.45  544.40    2.81  13.218    0.41      53
                 551.58  539.07    1.18  20.015    0.75     -18
rccd120519.0035  549.48  539.45   -0.28  30.013    0.87     -15
                 549.58  542.04    2.19  20.015    0.43     -19
rccd120522.0047  550.90  537.93   -0.24  28.014    0.80     -10
                 559.29  535.59   -0.41   9.229    0.17      31
rccd120530.0038  546.33  543.84    2.51  13.158    0.14      20
                 558.87  535.56   -0.43   9.519    0.21      27
rccd120601.0020  550.77  538.14   -0.32  28.014    0.84     -11
                 554.84  536.71   -0.24  20.015    0.78      -7
rccd120604.0034  547.37  543.87    2.39  14.508    0.45     -20
                 558.24  535.51   -0.41  11.149    0.30      19
rccd120607.0011  551.50  537.22   -0.34  26.694    0.76      -6
                 561.39  535.56   -0.42   5.368    0.18      81
rccd120613.0034  551.35  537.65   -0.39  26.734    0.78      -8
                 559.56  535.54   -0.42   7.752    0.16      44
rccd120615.0018  552.67  535.67   -0.46  24.814    0.67       2
                 562.07  535.63   -0.49   5.564    0.15     -89
rccd120621.0030  549.01  542.52    1.01  26.014    0.77     -24
                 558.93  535.53   -0.46   9.439    0.24      27
rccd120624.0014  546.44  543.72    2.40  13.168    0.18       7
                 559.45  535.50   -0.47   7.520    0.19      41
rccd120706.0025  555.52  535.66   -0.48  19.295    0.45       3
                 562.05  535.67   -0.45   5.740    0.09     -72
rccd120709.0007  550.15  538.37   -0.04  28.014    0.80     -12
                 559.74  535.48   -0.43   9.559    0.16      55
rccd120712.0020  551.40  536.27   -0.29  26.794    0.77      -2
                 560.30  535.59   -0.35   6.804    0.13      56
rccd120715.0026  549.64  538.30    0.24  26.014    0.82     -11
                 560.14  535.63   -0.40   6.912    0.16      55
rccd120721.0037  556.31  535.62   -0.31  16.398    0.41       3
                 560.99  535.59   -0.26   6.008    0.11      70
rccd121221.0112  546.49  543.32    2.45  13.478    0.20      -2
                 557.53  535.50   -0.33  11.949    0.42      12
rccd121223.0129  545.25  544.05    2.79  12.738    0.63      56
                 546.22  542.92    2.71  12.339    0.51      53
rccd121229.0123  546.67  543.13    2.55  12.609    0.17       6
                 554.42  537.11   -0.15  19.175    0.78     -10
rccd130101.0106  543.99  543.02    2.91  12.689    0.66      50
                 549.37  541.89    2.42  20.015    0.36     -16
rccd130105.0094  551.96  535.59   -0.34  25.114    0.73       2
                 561.47  535.54   -0.36   4.844    0.22      78
rccd130108.0105  549.58  539.60    0.15  28.014    0.85     -16
                 560.56  535.52   -0.36   4.948    0.18      69
rccd130113.0116  545.53  543.71    2.89  13.108    0.31      45
                 556.07  535.51   -0.14  15.588    0.64       3
rccd130116.0236  542.61  540.97    3.61   6.744    0.77      47
                 546.92  542.72    3.29  12.549    0.65      53
rccd130119.0114  546.22  544.22    3.93  12.609    0.10      30
                 551.36  539.70    2.47  20.015    0.80     -20
rccd130122.0112  544.74  544.16    2.78  12.938    0.59      55
                 548.17  542.26    2.57  14.358    0.19      13
rccd130125.0117  545.30  544.11    2.71  12.838    0.66      56
                 548.43  542.28    2.53  14.958    0.25      -3
rccd130128.0088  551.60  535.65   -0.31  24.994    0.78       0
                 555.93  535.49   -0.23  15.938    0.67       3
rccd130209.0035  545.43  544.23    2.74  13.128    0.43      52
                 554.46  537.43   -0.15  19.295    0.78     -13
rccd130212.0044  544.44  543.59    2.79  12.539    0.67      53
                 546.42  543.04    2.82  11.909    0.76      55
rccd130215.0064  545.47  544.36    2.69  13.158    0.41      50
                 551.71  539.17    1.01  20.015    0.74     -20
rccd130219.0069  547.35  543.78    2.14  13.318    0.44     -21
                 557.32  535.46   -0.34  12.868    0.44      10
rccd130226.0069  545.40  544.26    2.92  12.559    0.40      60
                 551.56  539.48    1.20  20.015    0.77     -20
rccd130301.0078  555.98  535.56   -0.45  16.368    0.45       5
                 559.56  535.54   -0.40   7.972    0.15      44
rccd130305.0039  550.34  537.34   -0.07  28.014    0.79      -7
                 562.03  535.61   -0.38   5.200    0.16      87
rccd130311.0067  545.49  544.27    2.74  13.188    0.53      54
                 554.44  537.51   -0.15  20.015    0.79     -13
rccd130315.0078  546.39  543.96    2.51  13.358    0.14      13
                 555.69  535.64   -0.26  16.438    0.72       0
rccd130318.0005  546.32  544.11    2.53  13.048    0.17      37
                 554.40  536.82   -0.11  20.015    0.79      -9
rccd130322.0068  545.56  544.35    2.73  12.978    0.49      55
                 551.38  539.51    1.41  20.015    0.73     -22
rccd130325.0079  545.71  544.25    2.74  13.318    0.30      48
                 556.35  535.64   -0.25  14.728    0.65       2
rccd130328.0062  546.24  544.08    2.68  12.878    0.23      48
                 551.06  539.82    1.95  17.008    0.63     -23
rccd130402.0048  548.95  542.16    1.04  26.014    0.78     -23
                 560.25  535.54   -0.39   5.828    0.17      66
rccd130410.0077  548.95  540.75    1.09  24.014    0.68     -20
                 560.98  535.57   -0.34   6.124    0.16      73
rccd130413.0045  544.64  544.02    2.85  12.988    0.60      56
                 551.52  539.21    1.61  18.015    0.73     -21
rccd130416.0049  544.99  544.00    2.77  12.559    0.56      52
                 550.10  541.84    2.51  17.008    0.39     -20
rccd130419.0060  546.23  544.14    2.57  13.528    0.15       2
                 556.38  535.58   -0.23  15.408    0.57       3
rccd130501.0052  561.87  536.00    1.53   4.956    0.07      -7
                 561.53  535.55    1.64   4.968    0.22      82
rccd130505.0050  550.09  542.29    0.05  30.013    0.81     -27
                 560.34  535.58   -0.35   6.332    0.14      57
rccd130510.0037  548.03  540.97    1.51  24.014    0.64     -20
                 556.44  535.59   -0.27  15.568    0.57       3
rccd130515.0015  546.33  543.95    2.61  13.728    0.12      22
                 556.31  535.47   -0.27  15.438    0.63       3
rccd130520.0011  551.04  535.89   -0.14  28.014    0.74       0
                 561.96  535.72   -0.42   5.808    0.10     -67
rccd130523.0049  551.57  536.19   -0.32  25.834    0.80      -1
                 556.27  535.62   -0.25  15.808    0.65       2
rccd130529.0011  545.41  544.15    2.66  12.509    0.41      49
                 554.00  538.11    0.02  20.015    0.83     -17
rccd130602.0025  545.58  544.17    2.59  12.489    0.09      -4
                 555.43  535.83   -0.14  16.828    0.76      -2
rccd130604.0015  547.74  542.85    1.87  16.418    0.57     -23
                 557.87  535.54   -0.33  12.059    0.36      12
rccd130608.0010  546.80  543.73    2.41  13.438    0.29     -14
                 556.29  535.55   -0.26  15.388    0.67       1
rccd130611.0010  547.74  542.62    1.85  24.014    0.57     -20
                 559.04  535.53   -0.35   9.509    0.18      29
rccd130614.0006  546.65  543.37    2.44  13.378    0.22      -5
                 556.87  535.54   -0.30  13.998    0.53       6
rccd130621.0006  531.00  542.57    4.34   0.929    0.00       0
                 555.96  535.66   -0.21  16.628    0.60       1
rccd130629.0012  554.36  535.66   -0.38  21.415    0.56       3
                 562.02  535.64   -0.36   5.764    0.10     -68
rccd130702.0010  550.72  537.22   -0.18  28.014    0.78      -8
                 561.49  535.55   -0.38   4.844    0.26      76
rccd130707.0003  561.94  536.13   -0.48   6.616    0.15     -13
                 561.99  535.87   -0.40   6.428    0.16     -35
rccd130712.0022  553.16  535.66   -0.34  23.214    0.68       3
                 560.18  535.61   -0.32   6.940    0.13      49
rccd130715.0007  544.06  542.56    2.98  14.828    0.72      47
                 556.32  535.60   -0.18  15.968    0.64       2
rccd131113.0117  549.40  538.70    0.76  26.014    0.84     -13
                 558.89  535.52    0.06   7.828    0.23      26
rccd131121.0070  544.63  544.00    3.01  12.699    0.67      58
                 547.87  542.43    2.86  13.038    0.21      42
rccd131124.0090  551.55  535.60    0.27  26.834    0.73       1
                 561.97  535.94   -0.01   6.104    0.15     -12
rccd131201.0094  561.97  535.97   -0.35   6.328    0.23     -13
                 561.93  536.08   -0.35   6.504    0.22     -10
rccd131205.0067  543.62  542.06    3.07  15.148    0.64      48
                 557.70  535.48   -0.16  12.469    0.41      13
rccd131214.0088  545.81  545.80    2.56   9.169    0.17     -75
                 556.47  535.49   -0.09  14.688    0.60       4
rccd131218.0038  546.49  544.09    2.72  12.798    0.16      12
                 554.25  537.71    0.12  20.015    0.81     -14
rccd131221.0104  545.45  543.85    2.94  13.248    0.23      47
                 556.47  535.51   -0.11  14.988    0.59       4
rccd131226.0096  546.46  544.10    2.71  12.848    0.16      -2
                 556.30  535.54   -0.06  15.008    0.63       3
rccd131229.0073  545.45  544.13    2.85  13.548    0.36      51
                 554.15  536.85    0.11  20.015    0.81      -8
rccd140101.0095  544.68  544.18    2.99  13.188    0.56      54
                 554.60  536.62    0.06  20.015    0.81      -7
rccd140104.0067  540.34  540.87    3.64   9.929    0.46     -22
                 547.08  542.50    2.96  12.768    0.49      54
rccd140107.0084  548.87  540.61    1.06  26.014    0.78     -19
                 557.20  535.53   -0.09  13.408    0.44       6
rccd140113.0105  546.34  543.67    2.81  12.469    0.15      13
                 554.41  536.49    0.13  20.015    0.83      -6
rccd140115.0087  551.35  537.18   -0.12  26.694    0.75      -6
                 561.36  535.57   -0.17   5.064    0.22      82
rccd140119.0100  546.45  544.20    2.78  13.098    0.12      15
                 553.34  537.58    1.00  17.008    0.76     -13
rccd140122.0069  546.71  543.36    3.32  13.258    0.36     -15
                 554.92  535.55    0.68  17.448    0.77       0
rccd140125.0084  549.99  538.42    0.29  28.014    0.81     -12
                 560.31  535.55   -0.12   6.548    0.16      66
rccd140129.0062  546.55  544.03    2.83  13.458    0.18      -9
                 559.42  535.52   -0.06   7.476    0.17      38
rccd140202.0075  546.03  544.36    2.90  11.109    0.37      49
                 544.38  539.32    2.71   3.896    0.51      69
rccd140205.0060  545.26  544.15    2.88  13.078    0.36      54
                 554.39  536.63    0.12  20.015    0.81      -7
rccd140207.0064  545.41  544.32    3.02  13.078    0.52      58
                 554.83  536.79    0.06  20.015    0.76      -9
rccd140210.0058  547.48  542.51    2.12  16.718    0.60     -20
                 559.31  535.56   -0.15   9.289    0.18      42
rccd140214.0072  551.78  535.98   -0.04  26.054    0.72       0
                 561.96  535.65   -0.15   5.316    0.16      88
rccd140219.0051  547.32  543.28    2.64  14.898    0.36     -22
                 557.26  535.29    0.11  13.028    0.51       8
rccd140222.0065  553.04  535.50   -0.18  21.995    0.69       4
                 554.50  537.28    0.12  20.015    0.80     -12
rccd140224.0055  529.20  550.01    3.98   0.948    0.28       0
                 561.69  535.46   -0.14   5.380    0.17      82
rccd140226.0041  543.92  543.78    2.97  12.818    0.58      51
                 546.29  543.24    2.95  12.019    0.81      55
rccd140301.0061  549.82  538.10    0.43  26.014    0.74     -11
                 562.14  535.63   -0.30   5.464    0.14     -89
rccd140304.0066  545.95  544.15    2.88  12.838    0.40      52
                 546.43  542.77    2.97  12.539    0.59      53
rccd140307.0066  552.59  535.61   -0.28  24.594    0.66       2
                 562.06  535.60   -0.31   5.068    0.11      84
rccd140310.0042  544.43  543.48    2.92  12.888    0.70      52
                 552.45  538.48    1.05  18.015    0.78     -19
rccd140314.0070  546.00  544.00    2.71  13.588    0.16      16
                 560.18  535.56   -0.25   6.724    0.19      63
rccd140318.0036  552.70  537.03   -0.25  23.394    0.69      -4
                 558.96  535.56   -0.19   9.559    0.21      33
rccd140321.0062  544.49  543.29    2.87  12.918    0.67      53
                 548.75  542.12    2.64  17.008    0.24      -5
rccd140324.0071  544.67  543.84    2.86  13.718    0.41      52
                 555.71  535.77   -0.11  16.618    0.69      -1
rccd140328.0071  536.50  551.43    3.24  15.348    0.59     -46
                 558.58  535.57   -0.25  10.859    0.24      20
rccd140331.0047  552.39  535.66   -0.27  24.934    0.68       2
                 562.09  535.65   -0.32   5.332    0.15     -88
rccd140403.0055  546.57  543.90    2.67  13.408    0.19      -6
                 556.26  535.52   -0.02  15.388    0.66       2
rccd140409.0026  548.14  541.82    1.68  24.014    0.70     -20
                 556.61  535.49   -0.19  14.978    0.54       4
rccd140412.0044  539.76  540.64    3.62  10.509    0.63     -26
                 546.47  543.36    2.93  12.309    0.86      55
rccd140415.0042  544.68  543.90    2.97  12.489    0.53      54
                 551.81  538.95    1.63  18.015    0.73     -19
rccd140419.0063  544.64  544.21    2.98  12.928    0.48      53
                 553.71  537.97    0.56  18.015    0.80     -16
rccd140423.0037  544.11  543.66    2.91  13.298    0.60      51
                 550.75  540.02    1.93  18.015    0.59     -24
rccd140516.0027  547.39  542.76    2.41  24.014    0.59     -23
                 556.98  535.53    0.29  13.758    0.45       9
rccd140525.0016  562.00  536.02   -0.26   6.276    0.12     -28
                 562.06  535.72   -0.20   6.016    0.16     -79
rccd140531.0019  546.79  543.46    2.37  16.408    0.40     -18
                 558.73  535.52   -0.26  11.229    0.19      25
rccd140616.0021  544.15  543.46    2.95  13.308    0.63      50
                 553.26  538.14    0.77  18.015    0.80     -18
rccd140627.0018  560.17  535.85   -0.26   7.828    0.11     -22
                 561.95  535.85   -0.25   6.816    0.13     -36
rccd140717.0025  550.05  537.90    0.31  26.014    0.81     -10
                 561.63  535.59   -0.23   4.860    0.15      74
rccd141217.0079  561.98  536.06   -0.31   4.112    0.15       0
                 558.42  535.49   -0.15  10.489    0.28      23
rccd141220.0097  551.53  536.16   -0.09  26.814    0.74      -1
                 562.03  535.67   -0.22   5.544    0.08     -87
rccd141222.0087  546.39  543.87    2.72  13.158    0.16      22
                 554.68  535.96    0.09  20.015    0.79      -3
rccd141225.0103  544.99  544.10    2.98  13.128    0.43      51
                 554.57  536.42    0.14  20.015    0.80      -6
rccd141228.0101  547.07  543.57    2.47  13.238    0.33     -19
                 555.63  535.51   -0.10  16.378    0.70       2
rccd150103.0038  548.26  542.67    1.78  26.014    0.75     -22
                 555.97  535.51   -0.18  15.468    0.62       5
rccd150108.0076  544.04  543.77    2.99  13.378    0.59      49
                 554.45  537.24    0.01  20.015    0.82     -12
rccd150111.0064  544.36  543.63    2.94  12.928    0.65      53
                 549.64  541.84    2.38  20.015    0.45     -19
rccd150114.0065  542.05  540.68    3.47   6.836    0.61      45
                 546.80  542.41    2.96  12.489    0.57      53
rccd150117.0152  542.19  541.14    3.24   7.600    0.55      43
                 547.43  542.24    2.90  13.098    0.33      47
rccd150125.0077  545.49  544.15    2.91  12.719    0.22      49
                 554.64  536.71    0.04  20.015    0.81      -8
rccd150129.0070  539.68  541.46    3.46  11.779    0.64     -30
                 546.31  543.01    3.05  11.789    0.84      55
rccd150202.0059  546.92  544.06    2.61  12.509    0.24     -13
                 559.61  535.58   -0.26   7.476    0.16      46
rccd150205.0049  545.95  544.19    2.81  13.258    0.21      42
                 554.50  536.93    0.05  20.015    0.80     -10
rccd150208.0054  544.59  543.81    3.04  13.448    0.58      54
                 557.74  535.50   -0.13  12.329    0.39      12
rccd150211.0046  546.41  543.85    2.78  13.368    0.20      15
                 556.01  535.41   -0.04  15.798    0.67       3
rccd150215.0055  559.84  535.61   -0.30   7.128    0.13     -23
                 551.96  539.25    1.45  18.015    0.74     -20
rccd150218.0051  531.87  539.47    3.29   3.002    0.19     -79
                 553.14  537.64    0.41  20.015    0.81     -13
rccd150222.0041  553.87  535.56   -0.12  21.835    0.59       4
                 562.07  535.69   -0.12   5.196    0.14     -67
rccd150226.0050  555.88  535.64   -0.22  17.308    0.42       6
                 562.02  535.70   -0.20   5.636    0.11     -71
rccd150302.0059  546.19  543.74    2.70  12.978    0.09      24
                 554.54  535.82    0.06  20.015    0.78      -1
rccd150308.0050  543.79  541.78    3.09  12.299    0.87      48
                 553.78  536.95    0.45  18.015    0.81      -9
rccd150312.0050  546.28  543.93    2.72  13.188    0.19      32
                 556.04  535.43   -0.08  15.708    0.68       3
rccd150316.0061  547.84  543.08    2.48  24.014    0.57     -24
                 555.64  535.77    0.49  16.928    0.68       0
rccd150321.0046  546.36  543.83    3.29  13.088    0.11      15
                 557.58  535.37    0.30  13.338    0.39      14
rccd150412.0050  546.43  543.74    2.68  13.478    0.24     -10
                 556.73  535.54   -0.06  14.418    0.54       5
rccd150416.0061  548.71  540.59    1.28  26.014    0.74     -18
                 558.06  535.48   -0.14  11.679    0.34      16
rccd150419.0046  543.91  535.22    3.13   5.084    0.30      51
                 543.27  533.18    3.58   2.840    0.71     -86
rccd150422.0037  544.66  544.15    3.14  12.748    0.43      57
                 553.62  537.20    0.47  20.015    0.85     -11
rccd150426.0073  549.77  538.43    0.27  28.014    0.82     -12
                 560.36  535.53   -0.17   5.940    0.17      67

  Average star @ (548.70, 542.91): FWHM=43.63, m=0.96
  Average star @ (555.40, 536.38): FWHM=22.01, m=0.00

  Average full width at half maximum (FWHM) of 28.3248
