NOAO/IRAF V2.15.1a ih64@tortoise.astro.yale.edu Wed 19:38:05 13-May-2015

          Image  Column    Line     Mag    FWHM   Ellip      PA SAT
rccd031130.0112  688.70  784.92   -0.33   2.544    0.10      78
                 695.61  687.20    0.11   2.576    0.12      79
rccd031201.0083  688.69  784.89   -0.35   2.750    0.11      85
                 695.61  687.17    0.11   2.758    0.13      73
rccd031206.0087  688.69  784.85   -0.35   2.932    0.13      76
                 695.63  687.14    0.12   3.018    0.19      70
rccd031207.0042  688.79  784.97   -0.32   5.396    0.04      66
                 695.68  687.27    0.08   5.296    0.04      80
rccd031208.0096  688.76  784.88   -0.39   3.236    0.15      80
                 695.67  687.15    0.04   3.216    0.23      71
rccd031210.0075  688.68  784.93   -0.36   3.276    0.10      76
                 695.62  687.20    0.12   3.250    0.14      61
rccd031212.0088  688.79  784.91   -0.35   3.076    0.13      81
                 695.72  687.20    0.09   3.026    0.15      74
rccd031213.0107  688.75  784.94   -0.37   3.978    0.04      67
                 695.65  687.22    0.08   3.962    0.12      65
rccd031214.0069  688.77  784.93   -0.35   3.098    0.08      61
                 695.68  687.20    0.10   3.024    0.11      63
rccd031215.0082  688.74  784.97   -0.37   4.136    0.05      75
                 695.65  687.26    0.04   4.088    0.08     -38
rccd031216.0094  688.80  784.94   -0.35   3.360    0.21      38
                 695.72  687.21    0.11   3.340    0.12      71
rccd031217.0095  688.78  784.95   -0.32   3.712    0.07      71
                 695.68  687.22    0.12   3.618    0.10      67
rccd031218.0081  688.79  784.89   -0.34   3.226    0.15      77
                 695.70  687.19    0.10   3.204    0.16      72
rccd031219.0082  688.74  784.94   -0.29   3.540    0.08      78
                 695.64  687.22    0.19   3.622    0.12      72
rccd031220.0092  688.72  784.77   -0.33   2.810    0.11      79
                 695.64  687.05    0.12   2.758    0.12      77
rccd031221.0073  688.76  784.80   -0.38   4.168    0.11      86
                 695.64  687.10    0.08   4.208    0.15      79
rccd031222.0066  688.71  784.79   -0.33   3.148    0.16      82
                 695.62  687.06    0.10   3.158    0.15      78
rccd031223.0162  688.69  784.58   -0.36   5.024    0.09      80
                 695.60  687.14    0.03   5.072    0.09      72
rccd031224.0152  688.76  784.80   -0.35   2.826    0.15      80
                 695.67  687.08    0.11   2.756    0.18      79
rccd031225.0104  688.76  784.87   -0.35   2.808    0.17      78
                 695.68  687.16    0.11   2.774    0.18      76
rccd031228.0141  688.79  784.74   -0.33   2.594    0.18      82
                 695.70  687.05    0.13   2.490    0.20      79
rccd031229.0095  688.80  784.81   -0.34   2.822    0.16      85
                 695.72  687.07    0.11   2.702    0.18      82
rccd031230.0100  688.82  784.92   -0.24   3.018    0.15      67
                 695.74  687.21    0.22   2.972    0.21      68
rccd040102.0055  688.79  784.70   -0.36   3.606    0.14      88
                 695.70  687.00    0.10   3.476    0.15      82
rccd040104.0127  688.75  784.82   -0.31   3.528    0.10      77
                 695.66  687.11    0.13   3.598    0.10      72
rccd040108.0074  688.77  784.79   -0.36   2.530    0.25      88
                 695.68  687.06    0.11   2.542    0.31      82
rccd040110.0116  688.85  784.83   -0.44   2.850    0.23      45
                 695.77  687.10    0.05   2.844    0.19      88
rccd040111.0158  688.85  784.84   -0.39   3.002    0.18     -89
                 695.75  687.13    0.06   2.896    0.17      82
rccd040112.0063  688.79  784.88   -0.41   2.886    0.14      76
                 695.71  687.19    0.05   2.846    0.19      73
rccd040113.0106  688.78  784.89   -0.37   4.156    0.10      80
                 695.67  687.15    0.07   4.084    0.12      73
rccd040116.0099  688.81  784.75   -0.37   4.272    0.18     -89
                 695.72  687.05    0.06   4.308    0.17      83
rccd040117.0083  688.88  784.70   -0.34   2.826    0.21     -89
                 695.80  686.98    0.11   2.756    0.22      87
rccd040118.0108  688.76  784.84   -0.39   3.358    0.16      87
                 695.69  687.13    0.05   3.350    0.18      86
rccd040119.0127  688.83  784.80   -0.38   3.008    0.16      88
                 695.73  687.08    0.07   3.002    0.18      82
rccd040121.0067  688.68  784.66   -0.36   2.978    0.18      86
                 695.60  686.94    0.09   2.928    0.20      81
rccd040123.0113  688.78  784.81   -0.34   2.828    0.14      87
                 695.72  687.09    0.12   2.764    0.18      79
rccd040124.0115  688.82  784.75   -0.34   2.648    0.20      84
                 695.73  687.05    0.11   2.614    0.20      80
rccd040125.0141  688.82  784.92   -0.36   3.056    0.14     -76
                 695.75  687.18    0.11   2.998    0.15      81
rccd040126.0078  688.77  784.74   -0.36   2.486    0.23      83
                 695.67  687.04    0.09   2.504    0.25      74
rccd040127.0066  688.75  784.93   -0.39   3.342    0.10      78
                 695.67  687.21    0.06   3.314    0.14      73
rccd040128.0070  688.83  784.92   -0.41   3.204    0.10      80
                 695.75  687.16    0.04   3.148    0.13      81
rccd040130.0115  688.84  784.81   -0.38   2.982    0.14      86
                 695.75  687.09    0.08   2.964    0.15      81
rccd040131.0158  688.83  784.87   -0.38   3.060    0.14     -88
                 695.75  687.13    0.06   3.008    0.15      87
rccd040201.0113  688.77  784.79   -0.37   3.596    0.16      85
                 695.68  687.09    0.06   3.618    0.17      75
rccd040202.0092  688.77  784.83   -0.38   3.230    0.17      80
                 695.71  687.12    0.08   3.216    0.18      74
rccd040203.0117  688.75  784.84   -0.36   3.308    0.18      84
                 695.70  687.12    0.12   3.286    0.18      80
rccd040205.0189  688.85  784.91   -0.36   3.506    0.15     -87
                 695.77  687.17    0.09   3.464    0.18      81
rccd040207.0123  688.78  784.92   -0.29   3.996    0.23      47
                 695.70  687.24    0.18   3.902    0.14      69
rccd040208.0109  688.85  784.89   -0.34   3.170    0.16      86
                 695.77  687.16    0.11   3.118    0.20      82
rccd040209.0181  688.86  784.93   -0.37   4.272    0.10     -78
                 695.76  687.24    0.06   4.208    0.04     -72
rccd040211.0165  688.84  784.92   -0.41   3.536    0.13     -81
                 695.73  687.21    0.04   3.498    0.10     -81
rccd040214.0080  688.72  784.71   -0.38   2.788    0.18      83
                 695.65  686.98    0.08   2.740    0.19      81
rccd040216.0176  688.85  784.85   -0.38   2.982    0.17     -84
                 695.77  687.11    0.05   3.040    0.24      84
rccd040219.0038  688.77  784.79   -0.31   2.770    0.18      84
                 695.69  687.07    0.14   2.740    0.19      80
rccd040221.0180  688.87  784.94   -0.37   3.278    0.13     -86
                 695.75  687.22    0.09   3.270    0.15      88
rccd040222.0075  688.80  784.89   -0.29   3.288    0.13      82
                 695.73  687.16    0.16   3.150    0.15      79
rccd040223.0041  688.74  784.81   -0.30   2.710    0.19      83
                 695.66  687.11    0.15   2.592    0.22      84
rccd040224.0065  688.80  784.91   -0.33   3.190    0.13      83
                 695.72  687.17    0.12   3.088    0.16      78
rccd040225.0067  688.76  784.91   -0.34   4.380    0.09      85
                 695.69  687.19    0.10   4.308    0.08      77
rccd040226.0088  688.79  784.88    0.24   4.340    0.11      83
                 695.13  687.78    0.56   4.856    0.41     -44
rccd040227.0091  688.74  784.82   -0.36   2.838    0.15      85
                 695.66  687.10    0.08   2.838    0.17      82
rccd040302.0121  688.83  784.89   -0.38   3.304    0.17     -87
                 695.73  687.18    0.07   3.222    0.18      81
rccd040304.0089  688.85  784.89   -0.37   3.214    0.17      78
                 695.75  687.18    0.06   3.216    0.23      89
rccd040306.0092  688.83  784.90   -0.36   3.272    0.15      85
                 695.76  687.19    0.06   3.236    0.23      76
rccd040309.0065  688.79  784.86   -0.37   3.524    0.09      77
                 695.71  687.20    0.10   3.404    0.14      77
rccd040310.0044  688.76  784.91   -0.30   3.842    0.06      75
                 695.36  687.27   -0.02   3.854    0.36     -84
rccd040313.0042  688.74  784.81   -0.36   3.192    0.15      78
                 695.64  687.09    0.11   3.138    0.18      74
rccd040315.0063  688.79  784.87   -0.35   3.004    0.16      83
                 695.69  687.13    0.10   2.972    0.18      80
rccd040322.0068  688.87  784.86   -0.36   3.136    0.12      89
                 695.78  687.23    0.06   3.104    0.17      17
rccd040325.0063  688.78  784.83   -0.33   2.776    0.15      89
                 695.69  687.15    0.12   2.768    0.16      86
rccd040407.0072  688.84  784.91   -0.37   3.414    0.07     -70
                 695.73  687.19    0.08   3.388    0.06     -86
rccd040411.0058  688.75  784.77   -0.33   2.800    0.17      86
                 695.68  687.07    0.13   2.748    0.17      81
rccd040415.0024  688.76  784.79   -0.28   3.396    0.10      83
                 695.68  687.20    0.15   3.376    0.14      64
rccd040417.0050  688.78  784.83   -0.32   2.742    0.19     -84
                 695.71  687.18    0.15   2.722    0.18     -88
rccd040420.0080  688.81  784.81   -0.33   3.688    0.11     -84
                 695.71  687.14    0.12   3.714    0.13      85
rccd040430.0005  688.77  784.77   -0.30   2.890    0.16      79
                 695.72  687.07    0.15   2.828    0.17      78
rccd040501.0005  688.75  784.63   -0.29   2.794    0.23      82
                 695.68  686.93    0.16   2.734    0.29      83
rccd040504.0038  688.79  784.84   -0.35   3.370    0.09     -67
                 695.74  687.15    0.07   3.374    0.18     -82
rccd040510.0003  688.71  784.77   -0.03   3.424    0.11      79
                 695.63  687.13    0.43   3.482    0.17      67
rccd040514.0012  688.85  784.80   -0.30   2.840    0.16     -84
                 695.79  687.11    0.16   2.802    0.17     -88
rccd040517.0002  688.88  784.85    0.81   3.114    0.14     -75
                 695.79  687.15    1.24   3.086    0.18      86
rccd040520.0014  688.78  784.75   -0.32   3.378    0.13      85
                 695.70  687.09    0.12   3.386    0.13      83
rccd040526.0027  688.80  784.76    0.31   3.314    0.17     -87
                 695.73  687.14    0.74   3.392    0.19      86
rccd040601.0004  688.78  784.81   -0.32   4.516    0.03     -69
                 695.69  687.17    0.15   4.532    0.06      79
rccd040602.0034  688.83  784.87   -0.31   3.172    0.10     -79
                 695.73  687.16    0.11   3.206    0.10     -81
rccd040603.0006  688.78  784.81   -0.27   3.008    0.18      85
                 695.71  687.10    0.18   2.968    0.23      85
rccd040605.0011  688.81  784.79   -0.34   4.160    0.07     -86
                 695.74  687.08    0.10   4.140    0.08      89
rccd040608.0008  688.83  784.70   -0.32   2.678    0.14     -86
                 695.77  687.04    0.13   2.692    0.16     -88
rccd040612.0025  688.79  784.83   -0.34   3.826    0.05     -88
                 695.70  687.19    0.10   3.840    0.09     -81
rccd040618.0019  688.85  784.70   -0.34   2.754    0.11     -84
                 695.80  687.04    0.11   2.704    0.16     -88
rccd040621.0013  688.81  784.76   -0.09   4.964    0.10      89
                 695.75  687.09    0.33   4.944    0.09      87
rccd040623.0017  688.86  784.67   -0.31   2.596    0.15     -83
                 695.79  687.05    0.13   2.592    0.15     -85
rccd040627.0003  688.90  784.80   -0.33   3.286    0.12     -85
                 695.83  687.13    0.10   3.310    0.16     -88
rccd040630.0005  688.86  784.84   -0.33   4.328    0.11     -71
                 695.80  687.14    0.10   4.272    0.05      86
rccd040703.0005  688.81  784.76   -0.33   3.474    0.12     -76
                 695.77  687.13    0.11   3.456    0.12     -86
rccd040706.0029  688.83  784.83    0.31   4.248    0.04     -69
                 695.73  687.15    0.74   4.264    0.05     -75
rccd040707.0010  688.81  784.78   -0.35   4.892    0.05     -74
                 695.73  687.12    0.11   4.888    0.06     -87
rccd040709.0016  688.87  784.87   -0.32   4.400    0.03     -66
                 695.78  687.19    0.10   4.388    0.03     -83
rccd040714.0017  688.89  784.80    0.37   4.736    0.12     -42
                 695.77  687.19    0.77   4.708    0.05     -47
rccd040718.0006  688.85  784.81   -0.19   5.008    0.10     -63
                 695.84  687.13    0.22   4.940    0.13     -73
rccd041122.0105  688.44  784.60    0.10   3.320    0.08      53
                 695.54  686.98    0.56   3.296    0.07      51
rccd041205.0109  688.52  784.52   -0.10   3.478    0.18      37
                 695.58  686.99    0.38   3.474    0.14      61
rccd041207.0074  688.53  784.60   -0.08   3.338    0.05      47
                 695.61  686.95    0.37   3.326    0.04      61
rccd041209.0096  688.58  784.53    0.90   2.818    0.13      68
                 695.68  686.91    1.36   2.764    0.17      62
rccd041211.0093  688.64  784.51    0.20   3.388    0.05      75
                 695.70  686.91    0.64   3.350    0.09      73
rccd041213.0098  688.59  784.54   -0.12   4.728    0.04      74
                 695.66  686.97    0.25   4.776    0.09      59
rccd041215.0075  688.55  784.54   -0.16   3.370    0.04      68
                 695.65  686.93    0.28   3.338    0.05      89
rccd041217.0097  688.50  784.57   -0.17   3.498    0.04      59
                 695.57  686.97    0.28   3.434    0.08      65
rccd041219.0082  688.51  784.56   -0.17   3.486    0.04      62
                 695.60  686.96    0.27   3.446    0.05      68
rccd050101.0115  688.62  784.55   -0.17   3.616    0.05      80
                 695.69  686.97    0.27   3.572    0.11      73
rccd050103.0066  688.54  784.74   -0.09   5.996    0.03     -45
                 695.60  687.08    0.30   5.920    0.01     -66
rccd050106.0071  688.60  784.47   -0.14   3.544    0.07      87
                 695.67  686.87    0.28   3.422    0.15     -78
rccd050108.0105  688.65  784.45   -0.16   2.812    0.11      74
                 695.73  686.86    0.29   2.860    0.11      72
rccd050110.0108  688.67  784.50   -0.07   3.184    0.08      75
                 695.76  686.91    0.39   3.178    0.09      69
rccd050112.0061  688.62  784.49    0.03   2.862    0.08      62
                 695.71  686.90    0.48   2.840    0.08      62
rccd050114.0060  688.58  784.56   -0.15   3.750    0.03      77
                 695.66  686.97    0.28   3.760    0.08      70
rccd050122.0098  688.74  784.51    0.04   2.994    0.15      85
                 695.81  686.89    0.47   2.968    0.18      82
rccd050125.0079  688.63  784.54   -0.04   3.318    0.08      62
                 695.71  686.92    0.40   3.290    0.10      86
rccd050126.0074  688.60  784.54   -0.10   3.390    0.08      59
                 695.69  686.92    0.34   3.358    0.10      63
rccd050127.0090  688.61  784.51   -0.10   2.798    0.09      75
                 695.68  686.90    0.36   2.840    0.12      66
rccd050202.0077  688.75  784.52    0.15   3.166    0.16      79
                 695.80  686.91    0.61   3.098    0.18      84
rccd050203.0067  688.67  784.49   -0.11   2.968    0.14      81
                 695.75  686.90    0.34   2.918    0.14      80
rccd050205.0053  688.65  784.47   -0.03   3.608    0.09      85
                 695.71  686.89    0.42   3.596    0.14      81
rccd050207.0090  688.71  784.47   -0.11   3.318    0.11      87
                 695.79  686.89    0.35   3.242    0.13      88
rccd050209.0086  688.71  784.49   -0.13   3.760    0.09      89
                 695.77  686.93    0.31   3.790    0.04      60
rccd050210.0034  688.70  784.46   -0.09   3.340    0.13      89
                 695.78  686.88    0.35   3.318    0.14      84
rccd050212.0068  688.70  784.46   -0.09   3.430    0.10      89
                 695.77  686.89    0.35   3.428    0.13      80
rccd050213.0460  688.83  784.44   -0.05   2.986    0.10     -83
                 695.89  686.85    0.39   2.922    0.15      85
rccd050218.0098  688.71  784.53   -0.06   4.556    0.06     -70
                 695.74  686.93    0.37   4.616    0.05     -77
rccd050219.0079  688.73  784.54    0.01   3.652    0.09     -74
                 695.78  686.96    0.45   3.620    0.12     -87
rccd050224.0060  688.72  784.51   -0.07   3.344    0.16      87
                 695.79  686.92    0.33   3.316    0.16      84
rccd050225.0086  688.74  784.52   -0.06   3.242    0.16      87
                 695.81  686.96    0.39   3.254    0.14     -89
rccd050228.0058  688.71  784.47   -0.08   3.734    0.11     -89
                 695.55  686.81    0.30   3.680    0.43      77
rccd050303.0065  688.77  784.46   -0.06   3.294    0.10     -77
                 695.82  686.82    0.35   3.270    0.08      78
rccd050305.0079  688.78  784.48   -0.04   2.952    0.11     -80
                 695.84  686.89    0.40   2.972    0.11     -77
rccd050308.0053  688.73  784.53    0.23   5.044    0.08     -74
                 695.74  686.91    0.65   4.944    0.07     -83
rccd050312.0078  688.79  784.41   -0.04   3.182    0.15     -88
                 695.84  686.84    0.40   3.186    0.14      88
rccd050315.0055  688.78  784.50   -0.03   3.332    0.13     -78
                 695.84  686.94    0.41   3.272    0.12     -82
rccd050318.0064  688.78  784.52    0.80   2.814    0.05      78
                 695.85  686.89    1.27   2.826    0.12      71
rccd050323.0078  688.71  784.54   -0.04   3.058    0.16     -88
                 695.78  686.94    0.40   3.028    0.22      86
rccd050329.0083  688.73  784.54   -0.04   4.032    0.15     -77
                 695.79  686.90    0.40   4.068    0.13     -74
rccd050330.0063  688.70  784.52   -0.03   4.064    0.09      86
                 695.75  686.90    0.39   4.068    0.16      79
rccd050331.0063  688.72  784.51   -0.01   3.550    0.11     -88
                 695.79  686.91    0.43   3.504    0.12      88
rccd050403.0039  688.70  784.47   -0.05   4.260    0.08      81
                 695.73  686.89    0.39   4.248    0.12      74
rccd050406.0057  688.66  784.52   -0.06   4.752    0.08      86
                 695.71  686.90    0.35   4.736    0.02     -84
rccd050409.0077  688.84  784.44   -0.03   3.488    0.10     -70
                 695.89  686.88    0.41   3.444    0.09     -86
rccd050412.0061  688.76  784.45   -0.05   4.584    0.05     -26
                 695.81  686.92    0.35   4.692    0.09      72
rccd050415.0064  688.74  784.53   -0.06   3.724    0.08     -77
                 695.79  686.94    0.37   3.710    0.10     -86
rccd050417.0054  688.69  784.48   -0.07   3.644    0.09      85
                 695.74  686.89    0.36   3.562    0.12      84
rccd050430.0021  688.73  784.48   -0.12   3.206    0.32     -89
                 695.80  686.91    0.40   3.254    0.10      70
rccd050508.0072  688.75  784.57    0.41   4.056    0.07     -80
                 695.82  686.94    0.89   3.960    0.12      79
rccd050511.0027  688.72  784.47    1.17   3.404    0.16      88
                 695.75  686.91    1.61   3.422    0.18      80
rccd050513.0037  688.69  784.58   -0.01   6.396    0.11     -49
                 695.74  687.07    0.36   6.372    0.17      39
rccd050529.0029  688.77  784.55    0.01   3.918    0.05     -58
                 695.81  686.94    0.45   3.788    0.08     -82
rccd050601.0031  688.73  784.52   -0.01   3.404    0.10     -72
                 695.79  686.97    0.41   3.356    0.07     -63
rccd050607.0014  688.69  784.50    0.40   3.454    0.11     -86
                 695.78  686.95    0.84   3.358    0.12      85
rccd050710.0019  688.81  784.56    0.05   3.348    0.08     -35
                 695.87  686.92    0.48   3.292    0.05     -36
rccd050724.0016  688.79  784.59    0.08   3.882    0.09      -6
                 695.81  686.96    0.50   3.798    0.04      -6
rccd060109.0081  688.73  784.48    0.22   3.188    0.17      73
                 695.80  686.89    0.66   3.184    0.16      73
rccd060110.0083  688.73  784.49    0.24   3.102    0.17      87
                 695.79  686.90    0.67   3.020    0.16      84
rccd060111.0088  688.68  784.50    0.04   2.980    0.16      84
                 695.74  686.89    0.48   2.944    0.19      89
rccd060112.0096  688.65  784.52    0.07   3.454    0.07      76
                 695.70  686.95    0.52   3.392    0.12      56
rccd060114.0109  688.70  784.53    0.10   4.096    0.10      87
                 695.78  686.95    0.52   4.148    0.15      72
rccd060116.0081  688.72  784.44    0.09   3.306    0.18      80
                 695.80  686.88    0.52   3.252    0.14      74
rccd060117.0079  688.69  784.52    0.08   4.388    0.09     -67
                 695.75  686.88    0.56   4.232    0.12     -89
rccd060118.0103  688.64  784.44    0.14   3.498    0.14      77
                 695.75  686.86    0.56   3.552    0.11      77
rccd060119.0092  688.65  784.54    0.09   3.810    0.10      80
                 695.69  686.91    0.56   3.774    0.17      71
rccd060120.0098  688.65  784.51    0.14   3.656    0.14      81
                 695.73  686.93    0.60   3.594    0.21      79
rccd060121.0104  688.68  784.51    0.21   3.680    0.13      83
                 695.72  686.93    0.62   3.648    0.16      86
rccd060122.0072  688.63  784.56    0.13   4.852    0.14      86
                 695.81  687.34    0.44   4.936    0.34      24
rccd060123.0082  688.62  784.51    0.05   3.608    0.27     -88
                 695.73  686.93    0.49   3.492    0.29      85
rccd060124.0089  688.70  784.49    0.05   3.596    0.15      85
                 695.76  686.90    0.48   3.554    0.17      78
rccd060125.0105  688.70  784.48    0.08   3.346    0.11     -86
                 695.79  686.87    0.55   3.334    0.14      82
rccd060126.0089  688.73  784.45    0.09   2.990    0.14      83
                 695.77  686.86    0.52   2.992    0.22     -77
rccd060127.0059  688.58  784.49    0.11   3.356    0.05      65
                 695.68  686.89    0.54   3.232    0.09      65
rccd060128.0086  688.72  784.44    0.11   2.954    0.13      85
                 695.82  686.83    0.53   2.956    0.17     -77
rccd060129.0101  688.70  784.42    0.12   3.482    0.21      86
                 695.78  686.84    0.57   3.384    0.25      81
rccd060130.0048  688.62  784.52    0.13   4.312    0.06     -85
                 695.73  686.95    0.54   4.472    0.08      80
rccd060131.0022  688.61  784.50    0.04   4.140    0.10      77
                 695.67  686.88    0.49   3.950    0.13      77
rccd060203.0131  688.72  784.51    1.15   3.184    0.15      88
                 695.81  686.91    1.59   3.246    0.25      81
rccd060204.0076  688.64  784.55    0.04   4.572    0.31      78
                 695.71  686.95    0.47   4.508    0.24      86
rccd060205.0113  688.75  784.47    0.08   3.162    0.13     -86
                 695.81  686.87    0.53   3.128    0.17      88
rccd060206.0070  688.67  784.52    0.06   4.012    0.09      83
                 695.73  686.90    0.50   4.084    0.14      79
rccd060207.0089  688.75  784.51    0.05   3.754    0.27     -88
                 695.80  686.88    0.49   3.708    0.28      85
rccd060208.0053  688.62  784.55    0.02   4.700    0.20      89
                 695.72  686.90    0.48   4.672    0.20      87
rccd060209.0056  688.61  784.55    0.14   3.330    0.15      74
                 695.68  686.95    0.54   3.214    0.07      50
rccd060210.0062  688.67  784.52    0.11   3.276    0.13      83
                 695.76  686.96    0.53   3.226    0.14      55
rccd060211.0077  688.65  784.48    0.07   3.482    0.06     -86
                 695.78  686.86    0.54   3.410    0.13      78
rccd060212.0079  688.72  784.52    0.06   5.012    0.17     -89
                 695.76  686.94    0.44   4.956    0.13      86
rccd060216.0061  688.67  784.48    0.12   3.494    0.13      87
                 695.76  686.91    0.55   3.432    0.19      78
rccd060217.0063  688.69  784.54    0.09   4.028    0.24      89
                 695.75  686.94    0.50   4.032    0.19      85
rccd060218.0091  688.69  784.51    0.10   3.608    0.15      89
                 695.74  686.91    0.56   3.514    0.16      87
rccd060219.0077  688.68  784.55    0.07   4.320    0.32     -89
                 695.74  686.94    0.46   4.364    0.29      87
rccd060220.0084  688.74  784.46    0.05   3.248    0.19     -89
                 695.81  686.85    0.49   3.270    0.22      81
rccd060221.0085  688.67  784.53    0.05   4.168    0.17      88
                 695.77  686.97    0.48   4.064    0.28      84
rccd060222.0089  688.74  784.50    0.04   3.362    0.19      88
                 695.81  686.89    0.49   3.328    0.18      78
rccd060223.0105  688.74  784.48    0.08   3.058    0.11     -84
                 695.84  686.86    0.52   3.018    0.14      79
rccd060224.0078  688.60  784.58    0.05   4.288    0.20      88
                 695.69  686.94    0.50   4.268    0.23      86
rccd060225.0114  688.73  784.50    0.10   3.832    0.12     -86
                 695.80  686.89    0.52   3.788    0.11     -89
rccd060226.0079  688.66  784.43    0.14   3.210    0.17      86
                 695.72  686.85    0.58   3.156    0.16      83
rccd060302.0085  688.71  784.54    0.07   4.024    0.09     -79
                 695.78  686.92    0.49   3.984    0.10     -88
rccd060303.0116  688.74  784.55    0.06   4.576    0.23     -87
                 695.77  687.01    0.49   4.552    0.23     -88
rccd060304.0067  688.71  784.54    0.07   4.900    0.07      84
                 695.73  686.97    0.46   4.988    0.05     -83
rccd060305.0068  688.71  784.45    0.06   3.052    0.14     -88
                 695.80  686.87    0.50   3.066    0.18      89
rccd060306.0066  688.69  784.46    0.07   3.464    0.14     -87
                 695.76  686.87    0.49   3.474    0.13     -89
rccd060307.0075  688.71  784.50    0.06   3.620    0.19      89
                 695.78  686.91    0.51   3.574    0.27      86
rccd060308.0063  688.65  784.53    0.06   4.204    0.18      84
                 695.73  686.91    0.52   4.144    0.16      78
rccd060309.0080  688.76  784.49    0.10   2.908    0.14      86
                 695.84  686.88    0.55   2.880    0.15      79
rccd060310.0050  688.70  784.51    0.09   3.964    0.23     -88
                 695.78  686.93    0.53   3.988    0.30      84
rccd060318.0057  688.69  784.55    0.08   4.568    0.33      89
                 695.70  686.90    0.49   4.664    0.31      87
rccd060320.0100  688.72  784.53    0.10   3.508    0.16      87
                 695.78  686.91    0.54   3.548    0.21      87
rccd060321.0051  688.69  784.49    0.10   3.764    0.16      89
                 695.78  686.89    0.56   3.588    0.20      86
rccd060322.0072  688.70  784.53    0.12   4.468    0.23     -88
                 695.72  686.91    0.53   4.448    0.27      89
rccd060324.0041  688.71  784.44    0.10   2.976    0.10      87
                 695.80  686.85    0.55   2.956    0.13      86
rccd060326.0047  688.72  784.47    0.08   3.434    0.24      89
                 695.81  686.86    0.53   3.394    0.24      84
rccd060328.0056  688.82  784.42    0.11   3.304    0.19     -87
                 695.89  686.84    0.55   3.280    0.20      88
rccd060403.0033  688.66  784.54    0.11   4.032    0.10     -86
                 695.72  686.92    0.54   4.004    0.13      85
rccd060404.0049  688.68  784.49    0.13   3.452    0.15      88
                 695.77  686.88    0.57   3.448    0.19      87
rccd060406.0051  688.76  784.40    0.14   3.264    0.08     -58
                 695.83  686.88    0.58   3.284    0.12      87
rccd060407.0062  688.77  784.45    0.11   3.434    0.13     -84
                 695.83  686.90    0.53   3.434    0.13      85
rccd060417.0024  688.67  784.57    0.11   4.756    0.11     -85
                 695.76  686.96    0.52   4.756    0.07      85
rccd060419.0033  688.71  784.51    0.11   4.636    0.11     -89
                 695.74  686.92    0.52   4.660    0.11      87
rccd060420.0039  688.70  784.52    0.10   4.104    0.10     -86
                 695.78  686.92    0.56   4.028    0.13      83
rccd060421.0039  688.71  784.52    0.10   4.272    0.07     -86
                 695.79  686.92    0.53   4.232    0.09      83
rccd060422.0059  688.71  784.48    0.14   3.326    0.10     -87
                 695.80  686.89    0.59   3.290    0.16      89
rccd060423.0038  688.69  784.44    0.14   3.580    0.17     -88
                 695.79  686.95    0.56   3.598    0.16      48
rccd060424.0028  688.68  784.41    0.17   3.606    0.22      85
                 695.77  686.81    0.59   3.480    0.23      85
rccd060425.0045  688.67  784.52    0.10   5.088    0.09     -84
                 695.74  686.92    0.49   5.152    0.06      86
rccd060426.0053  688.76  784.47    0.14   4.240    0.08     -89
                 695.85  686.89    0.57   4.168    0.10      85
rccd060427.0061  688.77  784.50    0.12   4.256    0.14     -81
                 695.83  686.94    0.56   4.348    0.16     -88
rccd060430.0062  688.76  784.54    0.16   3.448    0.08     -69
                 695.83  686.93    0.60   3.370    0.05     -74
rccd060505.0055  688.71  784.49    0.40   4.156    0.11     -89
                 695.78  686.88    0.80   4.072    0.07     -80
rccd060506.0055  688.75  784.52    0.15   3.990    0.21     -83
                 695.83  687.60    0.57   4.112    0.26      86
rccd060507.0016  688.68  784.52    0.19   4.420    0.21     -85
                 695.75  686.95    0.60   4.432    0.20      84
rccd060507.0022  688.71  784.50    0.24   3.184    0.23     -83
                 695.78  686.91    0.72   3.190    0.25      84
rccd060507.0024  688.70  784.53    0.43   3.866    0.36      86
                 695.74  686.93    0.82   3.816    0.34      87
rccd060507.0030  688.76  784.47    0.21   3.074    0.25     -88
                 695.85  686.80    0.62   3.058    0.07      61
rccd060507.0035  688.84  784.50    0.16   2.772    0.17     -77
                 695.93  686.89    0.61   2.786    0.16     -81
rccd060507.0043  688.92  784.55    0.19   2.802    0.07     -63
                 695.99  686.92    0.63   2.692    0.02     -70
rccd060507.0048  688.82  784.58    0.24   3.226    0.10     -41
                 695.91  686.94    0.67   3.178    0.07      65
rccd060508.0040  688.80  784.50    0.12   3.542    0.18     -74
                 695.88  686.88    0.57   3.436    0.21      82
rccd060509.0036  688.72  784.45    0.13   2.974    0.25     -83
                 695.80  686.91    0.60   3.028    0.27     -87
rccd060510.0029  688.72  784.51    0.14   3.028    0.28     -84
                 695.82  686.92    0.56   3.028    0.30      88
rccd070407.0044  688.70  784.48   -0.02   3.310    0.07     -37
                 695.80  686.89    0.44   3.332    0.10     -84
rccd070408.0050  688.73  784.49    0.64   3.272    0.15      73
                 695.84  686.90    1.06   3.304    0.17      63
rccd070409.0039  688.75  784.35    0.43   3.456    0.13      86
                 695.86  686.74    0.88   3.434    0.14      84
rccd070411.0020  688.71  784.44    0.46   3.430    0.11     -84
                 695.83  686.83    0.90   3.328    0.15     -88
rccd070412.0040  688.74  784.44    0.00   3.156    0.13     -87
                 695.84  686.85    0.44   3.092    0.14     -89
rccd070414.0048  688.81  784.51    0.01   3.882    0.05     -73
                 695.84  686.88    0.43   3.982    0.11      84
rccd070417.0058  688.82  784.49    0.02   3.196    0.09     -62
                 695.93  686.88    0.47   3.152    0.08     -80
rccd070418.0002  688.68  784.61    0.99   4.212    0.05     -70
                 695.77  686.97    1.39   4.224    0.11     -85
rccd070419.0008  688.75  784.53    0.15   3.434    0.11     -70
                 695.82  686.93    0.60   3.420    0.11     -78
rccd070421.0002  688.77  784.70    0.04   5.472    0.04     -56
                 695.80  686.99    0.46   5.384    0.03     -66
rccd070424.0045  688.67  784.60   -0.01   5.216    0.07     -69
                 695.72  687.01    0.38   5.220    0.05     -88
rccd070425.0022  688.65  784.54   -0.00   4.624    0.07     -86
                 695.73  686.95    0.38   4.580    0.07      86
rccd070426.0032  688.70  784.48   -0.00   3.394    0.13     -88
                 695.80  686.90    0.43   3.388    0.13     -87
rccd070427.0026  688.69  784.46    0.03   3.720    0.14     -87
                 695.78  686.89    0.48   3.688    0.14      89
rccd070428.0032  688.66  784.50   -0.02   5.000    0.06     -71
                 695.77  686.96    0.42   5.036    0.08      86
rccd070429.0042  688.68  784.51    0.03   4.464    0.05     -63
                 695.77  686.89    0.45   4.448    0.10     -77
rccd070509.0032  688.74  784.44    0.03   3.404    0.09     -78
                 695.85  686.84    0.46   3.378    0.09     -80
rccd070510.0109  688.73  784.50    0.60   4.016    0.12     -61
                 695.77  686.91    1.06   3.934    0.11     -87
rccd070511.0039  688.68  784.55    1.84   3.138    0.28     -49
                 695.81  686.93    2.36   2.990    0.15     -69
rccd070514.0048  688.72  784.56    0.02   4.056    0.04     -49
                 695.79  686.95    0.46   4.020    0.10      75
rccd070516.0030  688.70  784.46    0.00   3.578    0.10     -76
                 695.78  686.90    0.45   3.634    0.10     -86
rccd070517.0044  688.81  784.45    0.08   3.278    0.05     -56
                 695.89  686.86    0.52   3.264    0.08      48
rccd070518.0040  688.77  784.47    0.04   3.974    0.07     -69
                 695.85  686.85    0.45   4.060    0.05     -84
rccd070519.0045  688.70  784.52    0.06   4.380    0.04     -38
                 695.78  686.92    0.49   4.328    0.04     -67
rccd070520.0024  688.69  784.48    0.03   5.220    0.05     -77
                 695.78  686.81    0.36   5.108    0.05      67
rccd070521.0018  688.71  784.55    0.05   3.972    0.04     -79
                 695.77  686.93    0.47   3.888    0.08      87
rccd070522.0029  688.93  784.41    0.05   3.328    0.08     -75
                 695.99  686.86    0.49   3.412    0.05     -83
rccd070523.0025  688.73  784.48    0.00   4.196    0.05     -76
                 695.83  686.86    0.44   4.140    0.07     -84
rccd070525.0020  688.70  784.49    0.04   4.424    0.07     -73
                 695.74  686.92    0.45   4.488    0.08     -79
rccd070526.0026  688.68  784.58    0.00   5.448    0.04     -54
                 695.70  686.99    0.39   5.796    0.05     -86
rccd070602.0047  688.70  784.59    0.03   4.344    0.04     -69
                 695.74  686.98    0.43   4.248    0.07      85
rccd070603.0015  688.74  784.49    0.01   4.820    0.11     -71
                 695.82  686.85    0.43   4.740    0.04     -86
rccd070604.0021  688.74  784.45    0.01   4.056    0.07     -77
                 695.83  686.85    0.46   3.956    0.09      88
rccd070605.0016  688.73  784.45   -0.00   4.740    0.06     -84
                 695.82  686.85    0.44   4.692    0.06      85
rccd070606.0015  688.77  784.38    0.00   4.368    0.06      74
                 695.82  686.82    0.44   4.400    0.06     -77
rccd070609.0019  688.71  784.49    0.07   4.528    0.06     -67
                 695.80  686.93    0.48   4.524    0.09     -80
rccd070611.0002  688.69  784.53    1.56   4.040    0.03     -40
                 695.73  686.98    2.00   3.890    0.04      79
rccd070616.0023  688.75  784.54    1.07   4.320    0.06     -44
                 695.78  686.92    1.50   4.308    0.05      88
rccd070620.0002  688.76  784.48    0.06   4.132    0.08      89
                 695.84  686.86    0.50   4.136    0.10     -84
rccd070622.0012  688.74  784.47    0.07   3.960    0.10     -78
                 695.80  686.90    0.50   3.918    0.10     -86
rccd070623.0006  688.72  784.47    0.03   4.924    0.09     -86
                 695.82  686.90    0.46   4.836    0.23     -84
rccd070625.0020  688.69  784.48    0.10   4.828    0.16     -48
                 695.76  686.95    0.41   4.796    0.09     -79
rccd070626.0018  688.80  784.46    0.06   4.468    0.09     -54
                 695.78  686.89    0.55   4.404    0.05     -54
rccd080202.0129  688.74  784.38   -0.27   5.460    0.06     -79
                 695.81  686.82    0.13   5.548    0.05     -82
rccd080203.0052  688.69  784.37   -0.16   3.712    0.11      87
                 695.79  686.80    0.24   3.788    0.15     -43
rccd080205.0042  688.74  784.33   -0.27   4.212    0.09     -88
                 695.83  686.78    0.16   4.136    0.13      89
rccd080210.0132  688.77  784.40   -0.23   3.162    0.12     -89
                 695.86  686.87    0.22   3.154    0.12      85
rccd080212.0057  688.68  784.28   -0.19   3.574    0.09      81
                 695.76  686.78    0.24   3.686    0.12      75
rccd080214.0052  688.74  784.32   -0.18   2.988    0.11      81
                 695.84  686.79    0.27   2.978    0.15      83
rccd080216.0061  688.73  784.37    0.02   3.676    0.09      86
                 695.86  686.95    0.43   3.748    0.10      85
rccd080222.0058  688.93  784.32   -0.23   3.696    0.07     -84
                 696.01  686.75    0.19   3.678    0.03      76
rccd080224.0067  688.85  784.22   -0.22   3.338    0.13      88
                 695.95  686.66    0.25   3.376    0.11      81
rccd080227.0033  688.82  784.25   -0.20   2.988    0.18     -85
                 695.94  686.72    0.26   2.946    0.12      86
rccd080301.0052  688.77  784.38   -0.21   3.152    0.13     -87
                 695.91  686.79    0.25   3.148    0.15     -88
rccd080310.0056  688.74  784.32   -0.22   5.688    0.09     -73
                 695.80  686.77    0.21   5.856    0.07     -88
rccd080316.0040  688.73  784.37   -0.21   4.212    0.14      54
                 695.83  686.83    0.20   4.208    0.07      87
rccd080325.0057  688.83  784.40   -0.17   3.760    0.11     -83
                 695.92  686.84    0.27   3.762    0.12     -82
rccd080328.0062  688.74  784.37   -0.21   3.510    0.10     -83
                 695.82  686.80    0.25   3.530    0.15     -87
rccd080329.0079  688.77  784.35   -0.19   3.426    0.12     -86
                 695.87  686.77    0.25   3.432    0.14     -85
rccd080331.0064  688.82  784.39   -0.17   3.402    0.09     -77
                 695.90  686.82    0.28   3.436    0.10     -85
rccd080402.0064  688.79  784.41   -0.13   3.578    0.10     -69
                 695.84  686.83    0.30   3.642    0.11     -76
rccd080402.0068  688.75  784.47   -0.11   3.714    0.07     -59
                 695.83  686.89    0.34   3.686    0.07     -77
rccd080403.0068  688.94  784.38   -0.07   3.450    0.06     -42
                 696.03  686.83    0.36   3.486    0.03     -22
rccd080408.0050  688.84  784.36   -0.14   3.072    0.11     -88
                 695.90  686.80    0.31   3.110    0.14     -89
rccd080410.0056  688.85  784.32   -0.10   3.060    0.13     -72
                 695.93  686.79    0.34   3.060    0.12     -70
rccd080412.0057  688.76  784.38   -0.20   3.444    0.08     -70
                 695.84  686.80    0.24   3.404    0.10     -87
rccd080415.0041  688.73  784.43    0.06   4.172    0.15     -85
                 695.82  687.08    0.45   4.212    0.41     -61
rccd080417.0044  688.84  784.36   -0.16   2.948    0.14     -82
                 695.91  686.80    0.29   2.992    0.18     -82
rccd080419.0060  688.83  784.49   -0.15   3.354    0.10     -36
                 695.90  686.94    0.27   3.330    0.09     -55
rccd080422.0049  688.85  784.48   -0.16   3.978    0.09     -59
                 695.93  686.85    0.25   4.004    0.05     -81
rccd080423.0041  688.84  784.34   -0.21   3.812    0.19     -82
                 695.89  686.79    0.27   3.914    0.15      74
rccd080425.0043  688.79  784.36   -0.19   3.990    0.09     -79
                 695.87  686.84    0.23   4.056    0.11      89
rccd080427.0002  688.77  784.48    0.38   4.348    0.07      68
                 695.81  686.77    0.83   4.328    0.12      86
rccd080430.0025  688.75  784.42   -0.18   5.108    0.04     -68
                 695.79  686.82    0.25   5.196    0.04     -78
rccd080504.0024  688.76  784.42   -0.18   3.074    0.12     -89
                 695.86  686.89    0.26   3.074    0.13      89
rccd080506.0027  688.80  784.41   -0.17   3.268    0.08     -81
                 695.88  686.86    0.27   3.276    0.11      89
rccd080507.0040  688.83  784.35   -0.17   3.790    0.09     -79
                 695.92  686.76    0.26   3.832    0.11      89
rccd080508.0021  688.72  784.37   -0.18   3.598    0.11     -85
                 695.80  686.80    0.26   3.560    0.12      87
rccd080510.0029  688.78  784.36   -0.17   4.232    0.09     -79
                 695.85  686.82    0.26   4.264    0.12      84
rccd080511.0022  688.73  784.36   -0.18   3.628    0.13     -88
                 695.86  686.80    0.25   3.592    0.13      82
rccd080512.0035  688.89  784.26   -0.15   2.782    0.11     -73
                 695.97  686.72    0.29   2.774    0.09     -72
rccd080514.0025  688.78  784.36   -0.19   3.286    0.10     -75
                 695.87  686.82    0.27   3.294    0.14     -75
rccd080515.0031  688.83  784.39   -0.13   3.510    0.09     -85
                 695.89  686.85    0.32   3.576    0.06      59
rccd080521.0031  688.78  784.34   -0.18   3.724    0.07     -81
                 695.89  686.76    0.27   3.752    0.09      89
rccd080524.0030  688.77  784.40   -0.16   3.788    0.13     -78
                 695.85  686.83    0.28   3.750    0.13     -81
rccd080525.0005  688.77  784.44    0.72   3.968    0.08     -81
                 695.85  686.84    1.11   4.056    0.11      82
rccd080606.0031  688.80  784.38   -0.17   4.440    0.14     -88
                 695.86  686.82    0.26   4.452    0.05     -80
rccd080609.0019  688.80  784.40   -0.14   4.384    0.11     -76
                 695.87  686.85    0.25   4.436    0.08     -79
rccd080611.0016  688.77  784.37   -0.16   3.594    0.10     -79
                 695.93  686.79    0.28   3.560    0.26     -83
rccd080612.0009  688.79  784.40   -0.11   3.600    0.11     -63
                 695.89  686.82    0.33   3.508    0.09      89
rccd080615.0005  688.84  784.34   -0.11   2.722    0.14     -78
                 695.92  686.79    0.32   2.772    0.17     -85
rccd080622.0006  688.77  784.47   -0.13   4.540    0.05     -30
                 695.82  686.89    0.29   4.596    0.03       4
rccd080625.0030  688.79  784.47   -0.13   4.684    0.09      35
                 695.86  686.87    0.32   4.684    0.02     -34
rccd080627.0032  688.79  784.57   -0.12   3.822    0.10      29
                 695.88  686.95    0.33   3.830    0.01      40
rccd080628.0037  688.91  784.57    0.51   3.914    0.03     -13
                 695.95  686.97    0.95   4.044    0.03      21
rccd080701.0004  688.81  784.47   -0.14   5.968    0.06     -46
                 695.89  686.90    0.24   5.936    0.07     -10
rccd080702.0008  688.85  784.33   -0.14   3.498    0.07     -77
                 695.95  686.77    0.31   3.476    0.09     -85
rccd080704.0009  688.78  784.41   -0.16   4.544    0.07     -52
                 695.54  687.17    0.27   4.708    0.04     -57
rccd080713.0013  688.77  784.50   -0.13   3.826    0.07     -49
                 695.84  686.92    0.29   3.836    0.08     -81
rccd080718.0015  688.77  784.49   -0.10   4.384    0.08     -30
                 695.86  686.91    0.29   4.336    0.06     -52
rccd080729.0004  688.82  784.47   -0.08   4.364    0.07     -19
                 695.90  686.85    0.35   4.316    0.02     -32
rccd080804.0006  688.77  784.50   -0.11   4.968    0.04      -6
                 695.81  686.88    0.32   4.860    0.02      -2
rccd080807.0006  688.79  784.58   -0.18   4.292    0.05       3
                 695.87  686.94    0.27   4.232    0.03      64
rccd081129.0081  688.66  784.46   -0.20   3.078    0.07      69
                 695.75  686.86    0.26   3.092    0.09      66
rccd081205.0082  688.59  784.40   -0.17   3.538    0.04      68
                 695.72  686.82    0.27   3.546    0.08      64
rccd081208.0065  688.62  784.43   -0.19   3.914    0.02      39
                 695.71  686.83    0.24   3.902    0.03      65
rccd081214.0080  688.64  784.41   -0.17   2.874    0.10      59
                 695.76  686.81    0.29   2.864    0.12      47
rccd081217.0081  688.58  784.33   -0.18   2.600    0.08      72
                 695.71  686.78    0.28   2.660    0.10      66
rccd081220.0067  688.65  784.39   -0.21   3.662    0.08      75
                 695.78  686.79    0.21   3.604    0.07      28
rccd081224.0055  688.63  784.34   -0.17   3.084    0.06      76
                 695.78  686.77    0.28   3.002    0.07      72
rccd081227.0107  688.67  784.41   -0.11   3.144    0.09      85
                 695.80  686.83    0.34   3.078    0.09      84
rccd090105.0068  688.67  784.37   -0.17   3.228    0.10      80
                 695.78  686.81    0.27   3.264    0.13      75
rccd090108.0072  688.66  784.48   -0.17   4.692    0.05      66
                 695.73  686.93    0.25   4.696    0.12      52
rccd090112.0034  688.56  784.52   -0.16   3.340    0.03      29
                 695.65  686.92    0.25   3.274    0.07       6
rccd090115.0047  688.66  784.37   -0.16   2.890    0.06      75
                 695.77  686.79    0.28   2.874    0.11      66
rccd090119.0069  688.75  784.34   -0.10   3.332    0.09     -88
                 695.85  686.80    0.35   3.288    0.11      83
rccd090123.0076  688.78  784.42   -0.15   2.954    0.27      77
                 695.84  686.86    0.32   2.912    0.12     -79
rccd090127.0060  688.69  784.46   -0.24   3.484    0.04      72
                 695.79  686.88    0.21   3.480    0.07      69
rccd090131.0059  688.70  784.37   -0.19   3.412    0.10      81
                 695.77  686.75    0.23   3.504    0.14      79
rccd090204.0049  688.69  784.31   -0.18   3.288    0.09      75
                 695.82  686.77    0.25   3.256    0.14      78
rccd090208.0048  688.73  784.42   -0.22   4.076    0.10      84
                 695.82  686.86    0.20   3.988    0.06      71
rccd090212.0046  688.68  784.36   -0.19   3.564    0.13      74
                 695.80  686.78    0.26   3.572    0.16      75
rccd090216.0041  688.65  784.39   -0.14   3.946    0.14      85
                 695.74  686.81    0.28   3.886    0.17      80
rccd090219.0073  688.71  784.46    0.13   3.432    0.12      88
                 695.80  686.90    0.58   3.410    0.13      84
rccd090222.0059  688.95  784.08   -0.13   3.582    0.09     -77
                 696.01  686.53    0.29   3.584    0.10     -81
rccd090225.0047  688.72  784.28   -0.13   3.028    0.13      83
                 695.84  686.75    0.31   3.090    0.14      80
rccd090228.0071  688.74  784.43   -0.17   3.962    0.07     -87
                 695.81  686.88    0.24   3.978    0.12      79
rccd090303.0071  688.74  784.37   -0.22   7.940    0.17     -28
                 695.77  686.90    0.19   7.912    0.04     -58
rccd090309.0061  688.82  784.24   -0.12   3.350    0.10     -88
                 695.89  686.65    0.30   3.434    0.08     -87
rccd090312.0057  688.77  784.42   -0.17   3.116    0.14     -77
                 695.86  686.86    0.29   3.174    0.12      83
rccd090315.0040  688.72  784.45   -0.11   3.924    0.06      88
                 695.79  686.88    0.29   3.852    0.07      80
rccd090318.0047  688.70  784.41   -0.15   3.680    0.09     -89
                 695.79  686.82    0.26   3.690    0.13      84
rccd090321.0058  688.85  784.26   -0.10   2.668    0.12     -86
                 695.96  686.73    0.34   2.692    0.12     -87
rccd090324.0063  688.88  784.32   -0.10   3.288    0.07     -85
                 695.97  686.75    0.35   3.320    0.09      86
rccd090327.0047  688.76  784.38   -0.16   3.374    0.11     -85
                 695.85  686.83    0.28   3.386    0.12     -89
rccd090330.0062  688.78  784.45   -0.17   3.256    0.08     -61
                 695.87  686.88    0.27   3.300    0.09     -74
rccd090402.0037  688.90  784.14   -0.10   2.492    0.12     -88
                 696.00  686.59    0.35   2.570    0.12      80
rccd090405.0045  688.74  784.32   -0.15   3.558    0.12     -83
                 695.87  686.69    0.28   3.504    0.12      87
rccd090407.0049  688.89  784.26   -0.11   3.162    0.10     -80
                 696.00  686.70    0.37   3.142    0.08      84
rccd090410.0030  688.74  784.44   -0.14   3.458    0.11     -68
                 695.82  686.86    0.32   3.438    0.16     -80
rccd090413.0040  688.73  784.45   -0.17   3.986    0.07     -65
                 695.83  686.88    0.27   3.884    0.10      88
rccd090416.0056  688.83  784.33   -0.08   4.284    0.06     -80
                 695.90  686.73    0.33   4.252    0.07      85
rccd090418.0039  688.67  784.43   -0.08   4.444    0.07     -54
                 695.80  686.84    0.36   4.436    0.03     -44
rccd090420.0045  688.88  784.28   -0.13   2.924    0.07     -73
                 695.98  686.73    0.31   2.990    0.06     -86
rccd090423.0028  688.62  784.25   -0.24   3.098    0.12      84
                 695.86  686.83    0.25   3.096    0.14      89
rccd090424.0012  688.69  784.36   -0.19   2.912    0.13      78
                 695.79  686.82    0.26   2.934    0.13      81
rccd090424.0022  688.71  784.40   -0.19   3.102    0.15     -89
                 695.80  686.85    0.24   3.122    0.19     -89
rccd090424.0030  688.73  784.39   -0.19   3.324    0.10     -76
                 695.82  686.85    0.25   3.338    0.12      86
rccd090424.0038  688.77  784.45   -0.16   3.474    0.07     -55
                 695.84  686.89    0.28   3.420    0.08     -73
rccd090424.0046  688.78  784.49   -0.13   3.412    0.06     -32
                 695.86  686.92    0.29   3.360    0.05     -40
rccd090429.0057  688.75  784.46   -0.15   3.740    0.07     -72
                 695.84  686.90    0.27   3.754    0.05     -64
rccd090502.0034  688.88  784.26   -0.16   3.032    0.08     -82
                 695.99  686.70    0.28   3.122    0.08     -80
rccd090504.0032  688.74  784.34   -0.22   4.888    0.09     -59
                 695.84  686.83    0.19   4.952    0.07      81
rccd090507.0048  688.72  784.46   -0.16   5.732    0.10     -63
                 695.79  686.89    0.14   5.680    0.15      53
rccd090510.0020  688.76  784.40   -0.17   3.120    0.17     -84
                 695.84  686.89    0.28   3.168    0.14      88
rccd090513.0038  688.78  784.47   -0.18   4.276    0.09     -69
                 695.86  686.87    0.27   4.244    0.12     -77
rccd090515.0028  688.84  784.23   -0.18   3.220    0.12      89
                 695.93  686.67    0.26   3.222    0.14      86
rccd090516.0028  688.90  784.25    0.11   3.220    0.10     -82
                 695.97  686.72    0.54   3.254    0.11     -87
rccd090518.0031  688.83  784.40   -0.21   4.180    0.08     -71
                 695.90  686.86    0.22   4.200    0.08     -80
rccd090521.0022  688.84  784.36   -0.15   2.970    0.10     -65
                 695.89  686.84    0.31   2.980    0.12     -70
rccd090523.0021  688.80  784.35   -0.18   3.402    0.10     -82
                 695.87  686.80    0.26   3.480    0.12     -87
rccd090604.0015  688.73  784.47   -0.13   5.036    0.06     -74
                 695.78  686.94    0.27   5.024    0.05      78
rccd090605.0014  688.74  784.44   -0.18   4.072    0.09     -63
                 695.80  686.87    0.24   4.084    0.08     -86
rccd090607.0021  688.76  784.45   -0.17   4.344    0.07     -50
                 695.84  686.93    0.22   4.332    0.08     -41
rccd090610.0025  688.76  784.45   -0.17   3.742    0.12     -76
                 695.81  686.86    0.28   3.684    0.16     -85
rccd090612.0026  688.87  784.45   -0.15   4.184    0.04     -44
                 695.96  686.88    0.28   4.152    0.03      88
rccd090613.0009  688.78  784.37   -0.08   3.418    0.09     -76
                 695.80  686.80    0.33   3.424    0.25     -73
rccd110331.0054  688.83  784.46    0.09   3.522    0.09     -31
                 695.93  686.88    0.51   3.546    0.07     -33
rccd110402.0056  688.83  784.43    0.06   3.654    0.03     -69
                 695.93  686.86    0.49   3.666    0.09      88
rccd110407.0068  688.76  784.44    0.04   4.080    0.04     -15
                 695.87  686.87    0.48   4.104    0.01      46
rccd110421.0053  688.79  784.45    0.01   4.452    0.06     -50
                 695.83  686.84    0.45   4.560    0.02     -78
rccd110424.0045  688.93  784.36    0.04   2.722    0.06     -56
                 696.04  686.81    0.48   2.732    0.04     -47
rccd110507.0040  688.77  784.47    1.41   4.208    0.05     -46
                 695.80  686.89    1.86   4.152    0.08     -11
rccd110510.0057  688.77  784.44    0.01   4.228    0.06     -29
                 695.77  686.84    0.42   4.196    0.08     -83
rccd110519.0013  688.77  784.46    0.04   5.156    0.12     -86
                 695.83  686.89    0.38   5.280    0.07     -50
rccd110524.0030  688.81  784.43    0.04   5.032    0.03     -74
                 695.83  686.78    0.44   5.132    0.01     -80
rccd110602.0064  688.90  784.57    0.09   4.792    0.14      -4
                 695.95  686.96    0.51   4.828    0.08       0
rccd110625.0031  688.81  784.47    0.02   4.632    0.03     -20
                 695.89  686.88    0.46   4.612    0.04       9
rccd110628.0013  688.84  784.45    0.04   4.580    0.08     -14
                 695.89  686.86    0.45   4.652    0.06       1
rccd110719.0011  688.82  784.50    0.10   5.256    0.10      11
                 695.85  686.90    0.51   5.284    0.08      11
rccd110722.0002  688.76  784.43    0.04   5.448    0.11     -10
                 695.84  686.90    0.47   5.488    0.09     -28
rccd110724.0002  688.71  784.51    0.07   6.292    0.12     -28
                 695.78  686.93    0.45   6.324    0.05     -38
rccd120420.0050  688.60  784.45    0.09   3.264    0.08     -41
                 695.77  686.82    0.55   3.224    0.05     -35
rccd120423.0052  688.52  784.51    0.09   5.104    0.07     -28
                 695.70  686.87    0.49   5.108    0.03     -51
rccd120430.0033  688.55  784.48    0.12   3.330    0.07     -27
                 695.70  686.84    0.55   3.310    0.08     -51
rccd120503.0013  688.53  784.52    0.21   3.998    0.03     -56
                 695.72  686.85    0.61   3.826    0.07     -64
rccd120506.0045  688.53  784.48    0.50   3.530    0.11     -56
                 695.73  686.79    0.92   3.638    0.05      21
rccd120509.0025  688.54  784.41    0.08   3.104    0.01      72
                 695.73  686.80    0.53   3.154    0.05     -46
rccd120512.0039  688.55  784.43    0.10   3.550    0.07     -48
                 695.69  686.81    0.55   3.500    0.05     -66
rccd120513.0040  688.53  784.47    0.11   4.084    0.05     -40
                 695.68  686.82    0.55   4.008    0.02      70
rccd120516.0045  688.64  784.41    0.24   3.166    0.06     -47
                 695.79  686.79    0.68   3.190    0.07     -71
rccd120519.0035  688.59  784.43    0.11   3.088    0.08     -50
                 695.75  686.83    0.56   3.126    0.03     -74
rccd120522.0047  688.60  784.53    0.12   4.580    0.08     -12
                 695.69  686.89    0.55   4.568    0.05     -16
rccd120530.0038  688.48  784.52    0.08   4.356    0.10     -41
                 695.64  686.86    0.53   4.336    0.07     -69
rccd120601.0020  688.61  784.48    0.10   3.464    0.12     -16
                 695.73  686.87    0.49   3.502    0.06      63
rccd120604.0034  688.51  784.49    0.11   3.976    0.08     -34
                 695.66  686.86    0.55   3.916    0.01     -35
rccd120607.0011  688.51  784.48    0.12   5.124    0.05     -23
                 695.64  686.84    0.52   5.132    0.03     -37
rccd120613.0034  688.57  784.51    0.11   4.320    0.07     -29
                 695.71  686.86    0.54   4.300    0.04     -58
rccd120615.0018  688.50  784.54    0.09   5.596    0.09     -33
                 695.68  686.86    0.49   5.600    0.02     -36
rccd120621.0030  688.56  784.51    0.09   4.116    0.13     -23
                 695.74  686.88    0.51   4.148    0.05     -21
rccd120624.0014  688.55  784.50    0.07   4.020    0.11     -24
                 695.71  686.85    0.49   4.084    0.09      61
rccd120706.0025  688.59  784.61    0.10   5.752    0.09     -27
                 695.69  686.94    0.49   5.844    0.04     -32
rccd120709.0007  688.78  784.38    0.10   4.200    0.08     -56
                 695.96  686.76    0.56   4.176    0.08     -62
rccd120712.0020  688.56  784.59    0.17   4.928    0.11     -11
                 695.68  686.95    0.60   4.956    0.06     -17
rccd120715.0026  688.59  784.61    0.12   4.508    0.07      -6
                 695.71  686.96    0.56   4.556    0.06      -8
rccd120721.0037  688.55  784.60    0.29   5.044    0.11     -11
                 695.71  686.93    0.65   5.096    0.18     -43
rccd121221.0112  688.40  784.49    0.17   3.806    0.05     -22
                 695.58  687.02    0.63   3.810    0.03     -24
rccd121223.0129  688.41  784.51    0.17   3.060    0.05     -20
                 695.60  686.85    0.64   3.062    0.04       0
rccd121229.0123  688.50  784.52    0.20   3.340    0.07     -84
                 695.72  686.83    0.66   3.280    0.03     -66
rccd130101.0106  688.43  784.50    0.20   2.954    0.03     -38
                 695.62  686.84    0.69   2.890    0.04     -31
rccd130105.0094  688.49  784.48    0.19   4.568    0.03     -58
                 695.66  686.82    0.61   4.636    0.02     -84
rccd130108.0105  688.46  784.50    0.19   4.552    0.08     -26
                 695.60  686.81    0.63   4.540    0.05     -29
rccd130113.0116  688.51  784.46    0.29   3.582    0.05     -41
                 695.63  686.82    0.75   3.540    0.02     -88
rccd130116.0236  688.58  784.44    0.67   2.784    0.09     -37
                 695.81  686.80    1.11   2.814    0.17     -57
rccd130119.0114  688.54  784.48    1.51   3.362    0.11     -19
                 695.68  686.85    1.92   3.408    0.09     -24
rccd130122.0112  688.52  784.43    0.17   3.086    0.07     -41
                 695.60  686.80    0.56   3.056    0.29      75
rccd130125.0117  688.44  784.49    0.12   3.184    0.04      33
                 695.64  686.84    0.57   3.252    0.07     -65
rccd130128.0088  688.49  784.47    0.16   3.898    0.04     -60
                 695.65  686.83    0.53   3.796    0.05     -28
rccd130209.0035  688.52  784.46    0.19   3.438    0.03     -32
                 695.67  686.80    0.62   3.432    0.03      87
rccd130212.0044  688.56  784.45    0.16   2.688    0.07     -35
                 695.76  686.84    0.62   2.628    0.11     -35
rccd130215.0064  688.67  784.39    0.14   3.114    0.07     -53
                 695.86  686.77    0.59   3.040    0.05     -61
rccd130219.0069  688.53  784.43    0.15   3.674    0.05     -48
                 695.70  686.80    0.60   3.704    0.01     -72
rccd130226.0069  688.51  784.47    0.17   2.912    0.12     -37
                 695.73  686.85    0.63   2.904    0.14     -39
rccd130301.0078  688.55  784.49    0.15   4.272    0.11     -50
                 695.75  686.85    0.57   4.292    0.03     -60
rccd130305.0039  688.47  784.48    0.16   5.136    0.05     -48
                 695.64  686.81    0.63   4.976    0.03     -51
rccd130311.0067  688.62  784.39    0.16   3.238    0.05     -50
                 695.78  686.78    0.58   3.254    0.02     -42
rccd130315.0078  688.58  784.49    0.17   3.570    0.12     -25
                 695.69  686.83    0.62   3.590    0.05     -24
rccd130318.0005  688.54  784.45    0.17   3.364    0.05     -43
                 695.71  686.78    0.63   3.312    0.01     -17
rccd130322.0068  688.55  784.46    0.19   3.026    0.08     -49
                 695.75  686.83    0.63   3.104    0.08     -31
rccd130325.0079  688.56  784.50    0.16   3.296    0.14     -15
                 695.73  686.88    0.60   3.276    0.11     -22
rccd130328.0062  688.69  784.41    0.22   2.926    0.07     -54
                 695.86  686.81    0.66   2.976    0.07     -12
rccd130402.0048  688.51  784.50    0.15   4.752    0.04     -24
                 695.65  686.85    0.57   4.736    0.06     -67
rccd130410.0077  688.68  784.50    0.19   4.700    0.08     -25
                 695.79  686.90    0.63   4.784    0.07      -9
rccd130413.0045  688.59  784.44    0.22   2.938    0.07     -43
                 695.78  686.82    0.61   2.916    0.06     -36
rccd130416.0049  688.58  784.44    0.19   2.960    0.09     -32
                 695.76  686.79    0.64   2.910    0.10     -29
rccd130419.0060  688.71  784.39    0.24   3.516    0.11     -49
                 695.87  686.81    0.68   3.560    0.06     -51
rccd130501.0052  688.43  784.52    2.14   4.624    0.10     -10
                 695.67  686.90    2.52   4.680    0.06      38
rccd130505.0050  688.59  784.58    0.20   4.508    0.12     -12
                 695.72  686.90    0.62   4.680    0.06       0
rccd130510.0037  688.75  784.45    0.17   3.766    0.10     -43
                 695.91  686.81    0.62   3.800    0.03     -38
rccd130515.0015  688.71  784.41    0.15   3.528    0.07     -47
                 695.86  686.77    0.59   3.464    0.05     -65
rccd130520.0011  688.44  784.53    0.16   5.612    0.05     -29
                 695.67  686.89    0.59   6.048    0.08      72
rccd130523.0049  688.56  784.60    0.16   4.156    0.18       1
                 695.67  686.91    0.68   4.148    0.13     -11
rccd130529.0011  688.65  784.42    0.17   3.146    0.10     -39
                 695.82  686.79    0.61   3.162    0.06     -34
rccd130602.0025  688.69  784.45    0.26   3.084    0.16     -30
                 695.84  686.83    0.71   3.094    0.17     -34
rccd130604.0015  688.62  784.50    0.19   3.742    0.13     -26
                 695.79  686.86    0.64   3.744    0.10     -26
rccd130608.0010  688.70  784.45    0.15   3.374    0.10      27
                 695.85  686.82    0.63   3.346    0.09     -17
rccd130611.0010  688.58  784.52    0.18   4.176    0.10     -33
                 695.71  686.86    0.60   4.160    0.06     -43
rccd130614.0006  688.57  784.49    0.19   3.714    0.11     -18
                 695.74  686.83    0.61   3.642    0.03     -13
rccd130621.0006  688.52  784.58    0.16   4.676    0.06       5
                 695.69  686.91    0.64   4.824    0.05     -67
rccd130629.0012  688.49  784.59    0.18   5.584    0.09     -23
                 695.64  686.91    0.60   5.608    0.06     -13
rccd130702.0010  688.56  784.53    0.20   4.480    0.09     -21
                 695.67  686.91    0.59   4.500    0.02     -40
rccd130707.0003  688.52  784.59    0.20   6.392    0.14     -34
                 695.42  686.80    0.53   6.420    0.17      67
rccd130712.0022  688.58  784.65    0.23   4.636    0.17      -6
                 695.70  686.95    0.65   4.636    0.11       4
rccd130715.0007  688.68  784.61    0.24   3.808    0.17     -12
                 695.79  686.96    0.68   3.824    0.13     -11
rccd131113.0117  688.41  784.54    0.58   4.152    0.07      -6
                 695.57  686.84    0.98   4.168    0.13     -25
rccd131121.0070  688.41  784.52    0.36   3.006    0.10     -12
                 695.63  686.86    0.82   2.998    0.07     -22
rccd131124.0090  688.45  784.58    0.58   6.176    0.11     -25
                 695.77  687.22    0.95   6.052    0.05      37
rccd131201.0094  688.57  784.57    0.28   6.048    0.32     -15
                 695.70  686.89    0.69   5.956    0.24     -17
rccd131205.0067  688.47  784.48    0.34   4.076    0.02     -18
                 695.65  686.82    0.76   4.112    0.06      50
rccd131214.0088  688.49  784.45    0.35   3.514    0.07     -32
                 695.63  686.80    0.81   3.472    0.05     -50
rccd131218.0038  688.52  784.50    0.35   3.334    0.03       5
                 695.73  686.88    0.83   3.302    0.03       1
rccd131221.0104  688.42  784.55    0.28   4.216    0.07     -61
                 695.67  686.84    0.73   3.770    0.05     -63
rccd131226.0096  688.48  784.48    0.38   3.494    0.06     -28
                 695.62  686.84    0.80   3.458    0.05     -23
rccd131229.0073  688.57  784.40    0.34   3.318    0.01     -67
                 695.75  686.79    0.76   3.310    0.15      43
rccd140101.0095  688.67  784.38    0.33   3.048    0.31     -35
                 695.81  686.78    0.81   3.058    0.06     -40
rccd140104.0067  688.50  784.47    0.40   2.872    0.08     -49
                 695.70  686.81    0.85   2.776    0.09     -42
rccd140107.0084  688.49  784.48    0.39   4.016    0.10     -27
                 695.70  686.82    0.83   3.922    0.06     -52
rccd140113.0105  688.63  784.43    0.45   2.916    0.08     -43
                 695.81  686.80    0.85   2.976    0.15     -45
rccd140115.0087  688.50  784.53    0.42   4.624    0.09     -83
                 695.68  686.86    0.79   4.708    0.07     -50
rccd140119.0100  688.75  784.39    0.39   3.214    0.08     -46
                 695.93  686.79    0.82   3.252    0.02     -46
rccd140122.0069  688.45  784.49    1.01   4.044    0.07      18
                 695.63  686.84    1.49   3.926    0.07      28
rccd140125.0084  688.49  784.46    0.41   4.664    0.02     -62
                 695.66  686.91    0.81   4.676    0.05     -28
rccd140129.0062  688.45  784.50    0.45   4.192    0.12     -47
                 695.62  686.88    0.88   4.180    0.04       2
rccd140202.0075  688.55  784.46    0.39   3.248    0.05     -28
                 695.70  686.81    0.84   3.302    0.04     -24
rccd140205.0060  688.58  784.44    0.38   3.224    0.08     -40
                 695.74  686.79    0.84   3.184    0.09     -49
rccd140207.0064  688.52  784.42    0.40   3.350    0.14     -43
                 695.68  686.83    0.86   3.442    0.09     -66
rccd140210.0058  688.54  784.44    0.34   4.160    0.08     -48
                 695.69  686.79    0.84   4.160    0.07     -78
rccd140214.0072  688.40  784.57    0.46   5.372    0.02     -48
                 695.55  686.93    0.85   5.400    0.04     -83
rccd140219.0051  688.54  784.61    0.69   4.224    0.06     -34
                 695.97  686.88    1.18   3.946    0.46      -9
rccd140222.0065  688.53  784.39    0.46   3.128    0.09     -25
                 695.71  686.74    0.89   3.100    0.09     -11
rccd140224.0055  688.56  784.37    0.41   5.152    0.06     -31
                 695.70  686.70    0.84   5.076    0.06     -50
rccd140226.0041  688.47  784.45    0.33   2.818    0.08     -11
                 695.70  686.80    0.78   2.760    0.07       4
rccd140301.0061  688.58  784.51    0.24   5.560    0.04     -55
                 695.74  686.81    0.68   5.556    0.04     -37
rccd140304.0066  688.49  784.48    0.37   3.280    0.06     -73
                 695.67  686.82    0.81   3.270    0.10     -83
rccd140307.0066  688.50  784.48    0.23   5.124    0.08     -22
                 694.42  687.22    0.52   6.100    0.49      -7
rccd140310.0042  688.64  784.43    0.26   3.238    0.08     -40
                 695.83  686.79    0.72   3.244    0.08     -20
rccd140314.0070  688.51  784.54    0.29   4.384    0.08     -16
                 695.67  686.87    0.66   4.288    0.09     -50
rccd140318.0036  688.46  784.56    0.28   4.188    0.01      61
                 695.62  686.79    0.69   4.328    0.06      68
rccd140321.0062  688.66  784.45    0.28   2.866    0.16     -30
                 695.85  686.76    0.73   2.890    0.12     -29
rccd140324.0071  688.84  784.39    0.27   3.384    0.09     -50
                 695.98  686.77    0.71   3.452    0.06     -47
rccd140328.0071  688.69  784.50    0.27   3.812    0.08     -36
                 695.81  686.85    0.68   3.954    0.01     -41
rccd140331.0047  688.56  784.49    0.23   5.396    0.04     -42
                 695.67  686.82    0.64   5.244    0.04     -48
rccd140403.0055  688.64  784.42    0.41   3.468    0.09     -43
                 695.78  686.79    0.87   3.458    0.06     -57
rccd140409.0026  688.61  784.41    0.27   3.824    0.09     -58
                 695.74  686.75    0.70   3.756    0.08     -72
rccd140412.0044  688.59  784.41    0.25   2.652    0.14     -77
                 695.77  686.72    0.71   2.694    0.13     -64
rccd140415.0042  688.57  784.47    0.28   2.724    0.08     -45
                 695.77  686.81    0.72   2.744    0.03     -22
rccd140419.0063  688.73  784.47    0.30   2.976    0.14     -34
                 695.91  686.82    0.74   2.992    0.12     -27
rccd140423.0037  688.80  784.39    0.26   2.848    0.09     -38
                 696.00  686.78    0.73   2.880    0.08     -28
rccd140516.0027  688.59  784.44    0.77   3.462    0.13     -52
                 695.79  686.76    1.23   3.452    0.10     -48
rccd140525.0016  688.51  784.41    0.36   5.880    0.13     -86
                 695.65  686.83    0.73   6.148    0.09     -85
rccd140531.0019  688.77  784.45    0.24   4.320    0.11     -42
                 695.87  686.82    0.69   4.460    0.07     -59
rccd140616.0021  688.72  784.42    0.30   3.052    0.18     -19
                 695.86  686.77    0.75   3.102    0.19     -16
rccd140627.0018  688.52  784.64    0.28   6.780    0.10     -31
                 695.49  686.93    0.66   6.716    0.02      58
rccd140717.0025  688.61  784.61    0.31   4.592    0.15      -7
                 695.73  686.94    0.78   4.588    0.09      -6
rccd141217.0079  688.52  784.43    0.38   3.552    0.03     -42
                 695.68  686.81    0.82   3.670    0.03      89
rccd141220.0097  688.52  784.54    0.36   5.776    0.03     -13
                 695.65  686.92    0.73   5.824    0.04      25
rccd141222.0087  688.61  784.49    0.40   3.420    0.03     -40
                 695.77  686.85    0.83   3.424    0.02     -89
rccd141225.0103  688.59  784.46    0.44   3.310    0.05     -32
                 695.77  686.83    0.90   3.358    0.02     -67
rccd141228.0101  688.47  784.46    0.31   3.700    0.04     -40
                 695.63  686.83    0.74   3.680    0.04     -61
rccd150103.0038  688.47  784.53    0.27   4.276    0.09     -46
                 695.59  686.85    0.68   4.248    0.05     -85
rccd150108.0076  688.56  784.47    0.31   3.084    0.10     -66
                 695.73  686.83    0.76   3.064    0.06     -39
rccd150111.0064  688.52  784.44    0.29   3.116    0.05     -81
                 695.70  686.83    0.74   3.106    0.08      73
rccd150114.0065  688.60  784.43    0.35   2.826    0.06     -55
                 695.80  686.81    0.80   2.804    0.02     -33
rccd150117.0152  688.64  784.47    0.34   2.806    0.07     -38
                 695.85  686.80    0.79   2.754    0.05     -31
rccd150125.0077  688.62  784.42    0.36   3.162    0.06     -50
                 695.81  686.78    0.82   3.142    0.05     -70
rccd150129.0070  688.63  784.41    0.32   2.548    0.03     -60
                 695.79  686.77    0.80   2.500    0.01     -41
rccd150202.0059  688.48  784.58    0.30   3.986    0.09     -31
                 695.70  686.92    0.73   3.774    0.07     -34
rccd150205.0049  688.60  784.38    0.35   2.910    0.13     -65
                 695.82  686.77    0.83   2.902    0.10     -51
rccd150208.0054  688.58  784.45    0.38   3.656    0.06     -88
                 695.74  686.81    0.81   3.676    0.05     -64
rccd150211.0046  688.56  784.45    0.36   3.644    0.04     -30
                 695.70  686.78    0.82   3.522    0.01      -1
rccd150215.0055  688.63  784.54    0.35   3.040    0.09     -41
                 695.80  686.87    0.79   2.942    0.07     -49
rccd150218.0051  688.52  784.49    0.41   3.484    0.05     -70
                 695.66  686.81    0.88   3.460    0.04      61
rccd150222.0041  688.55  784.66    0.42   5.276    0.04      32
                 695.71  686.86    0.87   5.072    0.06     -85
rccd150226.0050  688.48  784.54    0.30   5.612    0.06     -47
                 695.54  687.43    0.67   5.976    0.07     -74
rccd150302.0059  688.53  784.48    0.34   3.516    0.06     -20
                 695.70  686.80    0.77   3.548    0.05      20
rccd150308.0050  688.76  784.43    0.34   3.194    0.08     -44
                 695.96  686.81    0.80   3.196    0.02     -59
rccd150312.0050  688.61  784.39    0.34   3.286    0.06     -50
                 695.79  686.76    0.78   3.394    0.02     -43
rccd150316.0061  688.63  784.47    0.83   3.976    0.07     -49
                 695.78  686.81    1.26   3.916    0.10     -62
rccd150321.0046  688.59  784.36    0.77   4.520    0.07     -87
                 695.74  686.71    1.18   4.596    0.09      63
rccd150412.0050  688.52  784.50    0.35   4.196    0.09     -30
                 695.67  686.85    0.79   4.120    0.05     -24
rccd150416.0061  688.62  784.47    0.36   3.806    0.09     -32
                 695.78  686.81    0.80   3.658    0.05     -33
rccd150419.0046  688.50  784.52    1.28   3.854    0.13     -53
                 695.70  686.88    1.80   3.818    0.11     -58
rccd150422.0037  688.51  784.47    0.61   3.034    0.06     -70
                 695.71  686.84    1.05   3.046    0.08     -84
rccd150426.0073  688.52  784.52    0.38   4.664    0.02      84
                 695.89  686.38    0.74   3.068    0.04     -45

  Average star @ (688.73, 784.45): FWHM=7.94, m=0.00
  Average star @ (695.83, 686.88): FWHM=7.91, m=0.44

  Average full width at half maximum (FWHM) of 7.9285
